0.0 0.0 8.0 2.0 8.0 10.0 14.0 26.0 32.0 32.0 42.0 42.0 42.0 42.0 42.0 42.0 42.0 42.0 52.0 66.0 66.0 66.0 66.0 66.0 70.0 70.0 70.0 78.0 78.0 78.0 82.0 82.0 82.0 82.0 92.0 92.0 92.0 92.0 94.0 94.0 94.0 96.0 96.0 96.0 96.0 96.0 96.0 96.0 96.0 
0.0 8.0 2.0 8.0 10.0 14.0 26.0 32.0 32.0 42.0 42.0 42.0 42.0 42.0 42.0 42.0 42.0 52.0 66.0 66.0 66.0 66.0 66.0 70.0 70.0 70.0 78.0 78.0 78.0 82.0 82.0 82.0 82.0 92.0 92.0 92.0 92.0 94.0 94.0 94.0 96.0 96.0 96.0 96.0 96.0 96.0 96.0 96.0 
8.0 2.0 8.0 10.0 14.0 26.0 32.0 32.0 42.0 42.0 42.0 42.0 42.0 42.0 42.0 42.0 52.0 66.0 66.0 66.0 66.0 66.0 70.0 70.0 70.0 78.0 78.0 78.0 82.0 82.0 82.0 82.0 92.0 92.0 92.0 92.0 94.0 94.0 94.0 96.0 96.0 96.0 96.0 96.0 96.0 96.0 96.0 
6.0 12.0 12.0 14.0 26.0 32.0 32.0 42.0 42.0 42.0 42.0 42.0 42.0 42.0 42.0 52.0 66.0 66.0 66.0 66.0 66.0 70.0 70.0 70.0 78.0 78.0 78.0 82.0 82.0 82.0 82.0 92.0 92.0 92.0 92.0 94.0 94.0 94.0 96.0 96.0 96.0 96.0 96.0 96.0 96.0 96.0 
6.0 8.0 12.0 26.0 32.0 32.0 42.0 42.0 42.0 42.0 42.0 42.0 42.0 42.0 52.0 66.0 66.0 66.0 66.0 66.0 70.0 70.0 70.0 78.0 78.0 78.0 82.0 82.0 82.0 82.0 92.0 92.0 92.0 92.0 94.0 94.0 94.0 96.0 96.0 96.0 96.0 96.0 96.0 96.0 96.0 
6.0 8.0 26.0 32.0 32.0 42.0 42.0 42.0 42.0 42.0 42.0 42.0 42.0 52.0 66.0 66.0 66.0 66.0 66.0 70.0 70.0 70.0 78.0 78.0 78.0 82.0 82.0 82.0 82.0 92.0 92.0 92.0 92.0 94.0 94.0 94.0 96.0 96.0 96.0 96.0 96.0 96.0 96.0 96.0 
6.0 24.0 30.0 30.0 42.0 42.0 42.0 42.0 42.0 42.0 42.0 42.0 52.0 66.0 66.0 66.0 66.0 66.0 70.0 70.0 70.0 78.0 78.0 78.0 82.0 82.0 82.0 82.0 92.0 92.0 92.0 92.0 94.0 94.0 94.0 96.0 96.0 96.0 96.0 96.0 96.0 96.0 96.0 
22.0 28.0 28.0 40.0 40.0 40.0 40.0 40.0 40.0 40.0 40.0 50.0 64.0 64.0 64.0 64.0 64.0 68.0 68.0 68.0 76.0 76.0 76.0 80.0 80.0 82.0 82.0 92.0 92.0 92.0 92.0 94.0 94.0 94.0 96.0 96.0 96.0 96.0 96.0 96.0 96.0 96.0 
8.0 10.0 34.0 34.0 34.0 34.0 34.0 34.0 36.0 36.0 46.0 60.0 60.0 62.0 62.0 62.0 66.0 66.0 66.0 74.0 74.0 74.0 78.0 78.0 80.0 80.0 90.0 90.0 90.0 90.0 92.0 92.0 92.0 94.0 94.0 94.0 94.0 94.0 94.0 94.0 94.0 
2.0 32.0 32.0 32.0 32.0 32.0 32.0 34.0 34.0 44.0 58.0 58.0 60.0 60.0 60.0 64.0 64.0 64.0 72.0 72.0 72.0 76.0 76.0 78.0 78.0 88.0 90.0 90.0 90.0 92.0 92.0 92.0 94.0 94.0 94.0 94.0 94.0 94.0 94.0 94.0 
30.0 30.0 30.0 30.0 32.0 32.0 34.0 34.0 44.0 58.0 58.0 60.0 60.0 60.0 64.0 64.0 64.0 72.0 72.0 72.0 76.0 76.0 78.0 78.0 88.0 90.0 90.0 90.0 92.0 92.0 92.0 94.0 94.0 94.0 94.0 94.0 94.0 94.0 94.0 
4.0 4.0 10.0 20.0 20.0 26.0 26.0 40.0 54.0 54.0 56.0 56.0 56.0 60.0 60.0 60.0 68.0 68.0 68.0 72.0 72.0 76.0 76.0 86.0 88.0 88.0 88.0 90.0 90.0 90.0 92.0 92.0 92.0 92.0 92.0 92.0 92.0 92.0 
2.0 10.0 20.0 20.0 26.0 26.0 40.0 54.0 54.0 56.0 56.0 56.0 60.0 60.0 60.0 68.0 68.0 68.0 72.0 72.0 76.0 76.0 86.0 88.0 88.0 88.0 90.0 90.0 90.0 92.0 92.0 92.0 92.0 92.0 92.0 92.0 92.0 
10.0 20.0 20.0 26.0 26.0 40.0 54.0 54.0 56.0 56.0 56.0 60.0 60.0 60.0 68.0 68.0 68.0 72.0 72.0 76.0 76.0 86.0 88.0 88.0 88.0 90.0 90.0 90.0 92.0 92.0 92.0 92.0 92.0 92.0 92.0 92.0 
18.0 18.0 24.0 24.0 40.0 54.0 54.0 56.0 56.0 56.0 60.0 60.0 60.0 68.0 68.0 68.0 72.0 72.0 76.0 76.0 86.0 88.0 88.0 88.0 90.0 90.0 90.0 92.0 92.0 92.0 92.0 92.0 92.0 92.0 92.0 
10.0 20.0 20.0 36.0 50.0 54.0 56.0 56.0 56.0 60.0 60.0 60.0 68.0 68.0 68.0 72.0 72.0 76.0 76.0 86.0 88.0 88.0 88.0 90.0 90.0 90.0 92.0 92.0 92.0 92.0 92.0 92.0 92.0 92.0 
12.0 16.0 30.0 48.0 54.0 56.0 56.0 56.0 60.0 60.0 60.0 68.0 68.0 68.0 72.0 72.0 76.0 76.0 86.0 88.0 88.0 88.0 90.0 90.0 90.0 92.0 92.0 92.0 92.0 92.0 92.0 92.0 92.0 
4.0 28.0 46.0 54.0 56.0 56.0 56.0 60.0 60.0 60.0 68.0 68.0 68.0 72.0 72.0 76.0 76.0 86.0 88.0 88.0 88.0 90.0 90.0 90.0 92.0 92.0 92.0 92.0 92.0 92.0 92.0 92.0 
30.0 46.0 54.0 56.0 56.0 56.0 60.0 60.0 60.0 68.0 68.0 68.0 72.0 72.0 76.0 76.0 86.0 88.0 88.0 88.0 90.0 90.0 90.0 92.0 92.0 92.0 92.0 92.0 92.0 92.0 92.0 
36.0 42.0 48.0 48.0 50.0 54.0 54.0 54.0 62.0 62.0 62.0 66.0 66.0 70.0 70.0 82.0 84.0 84.0 84.0 86.0 86.0 86.0 88.0 88.0 88.0 88.0 88.0 88.0 88.0 88.0 
26.0 36.0 36.0 36.0 40.0 40.0 40.0 56.0 56.0 56.0 60.0 60.0 64.0 64.0 76.0 78.0 78.0 78.0 84.0 84.0 84.0 86.0 86.0 86.0 86.0 86.0 86.0 86.0 86.0 
22.0 24.0 26.0 30.0 30.0 30.0 50.0 50.0 50.0 54.0 54.0 60.0 60.0 72.0 74.0 76.0 76.0 82.0 84.0 84.0 86.0 86.0 86.0 86.0 86.0 86.0 86.0 86.0 
8.0 10.0 20.0 22.0 22.0 42.0 44.0 46.0 48.0 48.0 56.0 56.0 68.0 70.0 74.0 74.0 80.0 82.0 82.0 86.0 86.0 86.0 86.0 86.0 86.0 86.0 86.0 
4.0 20.0 22.0 22.0 44.0 46.0 46.0 50.0 50.0 56.0 56.0 68.0 70.0 74.0 74.0 80.0 82.0 82.0 86.0 86.0 86.0 86.0 86.0 86.0 86.0 86.0 
22.0 24.0 24.0 44.0 46.0 46.0 50.0 50.0 56.0 56.0 68.0 70.0 74.0 74.0 80.0 82.0 82.0 86.0 86.0 86.0 86.0 86.0 86.0 86.0 86.0 
4.0 4.0 40.0 38.0 40.0 44.0 44.0 54.0 54.0 68.0 70.0 74.0 74.0 80.0 82.0 82.0 86.0 86.0 86.0 86.0 86.0 86.0 86.0 86.0 
0.0 40.0 38.0 40.0 44.0 44.0 54.0 54.0 68.0 70.0 74.0 74.0 80.0 82.0 82.0 86.0 86.0 86.0 86.0 86.0 86.0 86.0 86.0 
40.0 38.0 40.0 44.0 44.0 54.0 54.0 68.0 70.0 74.0 74.0 80.0 82.0 82.0 86.0 86.0 86.0 86.0 86.0 86.0 86.0 86.0 
4.0 8.0 8.0 14.0 36.0 40.0 56.0 58.0 62.0 62.0 70.0 72.0 72.0 76.0 76.0 76.0 76.0 76.0 76.0 76.0 76.0 
4.0 10.0 16.0 36.0 40.0 56.0 58.0 62.0 62.0 70.0 72.0 72.0 76.0 76.0 76.0 76.0 76.0 76.0 76.0 76.0 
10.0 16.0 34.0 38.0 54.0 56.0 60.0 60.0 68.0 70.0 70.0 76.0 76.0 76.0 76.0 76.0 76.0 76.0 76.0 
6.0 30.0 34.0 52.0 54.0 58.0 58.0 66.0 68.0 68.0 74.0 74.0 74.0 74.0 74.0 74.0 74.0 74.0 
26.0 34.0 52.0 54.0 58.0 58.0 66.0 68.0 68.0 74.0 74.0 74.0 74.0 74.0 74.0 74.0 74.0 
10.0 44.0 50.0 54.0 54.0 64.0 64.0 64.0 70.0 70.0 70.0 70.0 70.0 70.0 70.0 70.0 
38.0 46.0 52.0 52.0 58.0 62.0 64.0 70.0 70.0 70.0 70.0 70.0 70.0 70.0 70.0 
14.0 20.0 22.0 40.0 44.0 50.0 56.0 56.0 56.0 58.0 64.0 64.0 64.0 64.0 
14.0 16.0 36.0 40.0 46.0 52.0 52.0 52.0 54.0 60.0 60.0 60.0 60.0 
8.0 32.0 36.0 42.0 48.0 48.0 48.0 50.0 60.0 60.0 60.0 60.0 
32.0 36.0 42.0 48.0 48.0 48.0 50.0 60.0 60.0 60.0 60.0 
8.0 22.0 32.0 34.0 34.0 40.0 54.0 54.0 54.0 54.0 
16.0 26.0 28.0 28.0 34.0 48.0 48.0 48.0 48.0 
20.0 22.0 22.0 28.0 44.0 44.0 44.0 44.0 
6.0 6.0 14.0 30.0 36.0 38.0 36.0 
0.0 12.0 28.0 34.0 38.0 36.0 
12.0 28.0 34.0 38.0 36.0 
20.0 30.0 34.0 32.0 
10.0 18.0 16.0 
8.0 8.0 
4.0 
