48.0 50.0 50.0 54.0 56.0 54.0 60.0 62.0 62.0 62.0 62.0 62.0 66.0 70.0 70.0 70.0 70.0 70.0 70.0 70.0 70.0 70.0 68.0 72.0 72.0 76.0 78.0 78.0 78.0 78.0 78.0 78.0 78.0 78.0 78.0 80.0 96.0 96.0 96.0 96.0 98.0 98.0 100.0 100.0 100.0 100.0 100.0 100.0 102.0 
8.0 10.0 32.0 36.0 34.0 44.0 46.0 46.0 46.0 46.0 46.0 50.0 54.0 54.0 54.0 54.0 54.0 54.0 54.0 54.0 54.0 56.0 64.0 64.0 68.0 74.0 74.0 74.0 74.0 74.0 76.0 76.0 76.0 76.0 78.0 96.0 96.0 96.0 96.0 100.0 100.0 102.0 102.0 102.0 102.0 102.0 102.0 104.0 
2.0 32.0 36.0 34.0 44.0 46.0 46.0 46.0 46.0 46.0 50.0 54.0 54.0 54.0 54.0 54.0 54.0 54.0 54.0 54.0 56.0 64.0 64.0 68.0 74.0 74.0 74.0 74.0 74.0 76.0 76.0 76.0 76.0 78.0 96.0 96.0 96.0 96.0 100.0 100.0 102.0 102.0 102.0 102.0 102.0 102.0 104.0 
32.0 36.0 34.0 44.0 46.0 46.0 46.0 46.0 46.0 50.0 54.0 54.0 54.0 54.0 54.0 54.0 54.0 54.0 54.0 56.0 64.0 64.0 68.0 74.0 74.0 74.0 74.0 74.0 76.0 76.0 76.0 76.0 78.0 96.0 96.0 96.0 96.0 100.0 100.0 102.0 102.0 102.0 102.0 102.0 102.0 104.0 
12.0 6.0 36.0 44.0 44.0 44.0 44.0 44.0 48.0 52.0 52.0 52.0 52.0 52.0 52.0 52.0 52.0 52.0 54.0 62.0 62.0 66.0 72.0 72.0 72.0 72.0 72.0 74.0 74.0 74.0 74.0 76.0 94.0 94.0 94.0 94.0 98.0 98.0 100.0 100.0 100.0 100.0 100.0 100.0 102.0 
8.0 36.0 46.0 46.0 46.0 46.0 46.0 50.0 54.0 54.0 54.0 54.0 54.0 54.0 54.0 54.0 54.0 56.0 64.0 64.0 68.0 74.0 74.0 74.0 74.0 74.0 76.0 76.0 76.0 76.0 76.0 94.0 94.0 94.0 92.0 96.0 96.0 98.0 98.0 98.0 98.0 98.0 98.0 100.0 
30.0 44.0 44.0 44.0 44.0 44.0 48.0 52.0 52.0 52.0 52.0 52.0 52.0 52.0 52.0 52.0 54.0 62.0 62.0 66.0 72.0 72.0 72.0 72.0 72.0 74.0 74.0 74.0 74.0 76.0 94.0 94.0 94.0 94.0 98.0 98.0 100.0 100.0 100.0 100.0 100.0 100.0 102.0 
20.0 20.0 24.0 24.0 26.0 34.0 46.0 46.0 46.0 48.0 48.0 48.0 48.0 48.0 48.0 50.0 60.0 60.0 64.0 70.0 70.0 70.0 70.0 70.0 72.0 72.0 72.0 72.0 74.0 92.0 92.0 92.0 92.0 96.0 96.0 98.0 98.0 98.0 98.0 98.0 98.0 100.0 
0.0 4.0 4.0 16.0 26.0 38.0 38.0 38.0 40.0 40.0 40.0 40.0 40.0 40.0 42.0 52.0 52.0 58.0 66.0 66.0 66.0 66.0 66.0 68.0 68.0 68.0 68.0 72.0 92.0 92.0 92.0 92.0 96.0 96.0 98.0 98.0 98.0 98.0 98.0 98.0 100.0 
4.0 4.0 16.0 26.0 38.0 38.0 38.0 40.0 40.0 40.0 40.0 40.0 40.0 42.0 52.0 52.0 58.0 66.0 66.0 66.0 66.0 66.0 68.0 68.0 68.0 68.0 72.0 92.0 92.0 92.0 92.0 96.0 96.0 98.0 98.0 98.0 98.0 98.0 98.0 100.0 
0.0 12.0 22.0 36.0 36.0 36.0 38.0 38.0 38.0 40.0 40.0 40.0 42.0 52.0 52.0 58.0 66.0 66.0 66.0 66.0 66.0 68.0 68.0 68.0 68.0 72.0 92.0 92.0 92.0 92.0 96.0 96.0 98.0 98.0 98.0 98.0 98.0 98.0 100.0 
12.0 22.0 36.0 36.0 36.0 38.0 38.0 38.0 40.0 40.0 40.0 42.0 52.0 52.0 58.0 66.0 66.0 66.0 66.0 66.0 68.0 68.0 68.0 68.0 72.0 92.0 92.0 92.0 92.0 96.0 96.0 98.0 98.0 98.0 98.0 98.0 98.0 100.0 
12.0 30.0 30.0 32.0 34.0 34.0 34.0 36.0 36.0 36.0 38.0 52.0 52.0 58.0 66.0 66.0 66.0 66.0 66.0 68.0 68.0 68.0 68.0 72.0 92.0 92.0 92.0 92.0 96.0 96.0 98.0 98.0 98.0 98.0 98.0 98.0 100.0 
18.0 22.0 26.0 28.0 28.0 28.0 30.0 30.0 30.0 32.0 46.0 46.0 56.0 66.0 66.0 66.0 66.0 66.0 68.0 68.0 68.0 68.0 72.0 92.0 92.0 92.0 92.0 96.0 96.0 98.0 98.0 98.0 98.0 98.0 98.0 100.0 
4.0 8.0 10.0 16.0 18.0 20.0 20.0 20.0 22.0 42.0 42.0 52.0 62.0 62.0 66.0 66.0 66.0 64.0 64.0 64.0 64.0 68.0 92.0 92.0 92.0 92.0 96.0 96.0 98.0 98.0 98.0 98.0 98.0 98.0 100.0 
8.0 10.0 16.0 18.0 20.0 20.0 20.0 22.0 42.0 42.0 52.0 62.0 62.0 66.0 66.0 66.0 64.0 64.0 64.0 64.0 68.0 92.0 92.0 92.0 92.0 96.0 96.0 98.0 98.0 98.0 98.0 98.0 98.0 100.0 
6.0 10.0 14.0 18.0 18.0 20.0 20.0 42.0 42.0 52.0 62.0 62.0 66.0 66.0 66.0 64.0 64.0 64.0 64.0 68.0 92.0 92.0 92.0 92.0 96.0 96.0 98.0 98.0 98.0 98.0 98.0 98.0 100.0 
8.0 16.0 18.0 18.0 18.0 18.0 40.0 40.0 50.0 60.0 60.0 64.0 64.0 64.0 62.0 62.0 62.0 62.0 66.0 90.0 92.0 92.0 92.0 96.0 96.0 98.0 98.0 98.0 98.0 98.0 98.0 100.0 
8.0 12.0 10.0 12.0 12.0 40.0 40.0 50.0 60.0 60.0 64.0 64.0 64.0 62.0 62.0 62.0 62.0 66.0 90.0 92.0 92.0 92.0 96.0 96.0 98.0 98.0 98.0 98.0 98.0 98.0 100.0 
4.0 4.0 6.0 14.0 34.0 36.0 50.0 60.0 60.0 64.0 64.0 64.0 62.0 62.0 62.0 62.0 66.0 90.0 92.0 92.0 92.0 96.0 96.0 98.0 98.0 98.0 98.0 98.0 98.0 100.0 
4.0 4.0 12.0 32.0 34.0 50.0 60.0 60.0 64.0 64.0 64.0 62.0 62.0 62.0 62.0 66.0 90.0 92.0 92.0 92.0 96.0 96.0 98.0 98.0 98.0 98.0 98.0 98.0 100.0 
2.0 10.0 30.0 32.0 50.0 60.0 60.0 64.0 64.0 64.0 62.0 62.0 62.0 62.0 66.0 90.0 92.0 92.0 92.0 96.0 96.0 98.0 98.0 98.0 98.0 98.0 98.0 100.0 
8.0 30.0 32.0 50.0 60.0 60.0 64.0 64.0 64.0 62.0 62.0 62.0 62.0 66.0 90.0 92.0 92.0 92.0 96.0 96.0 98.0 98.0 98.0 98.0 98.0 98.0 100.0 
30.0 30.0 46.0 56.0 56.0 62.0 60.0 60.0 58.0 58.0 58.0 58.0 62.0 88.0 90.0 90.0 90.0 94.0 94.0 96.0 96.0 96.0 96.0 96.0 96.0 98.0 
2.0 26.0 48.0 50.0 58.0 56.0 56.0 54.0 52.0 52.0 52.0 56.0 86.0 88.0 88.0 90.0 94.0 94.0 96.0 96.0 96.0 96.0 96.0 96.0 98.0 
26.0 48.0 50.0 58.0 56.0 56.0 54.0 52.0 52.0 52.0 56.0 86.0 88.0 88.0 90.0 94.0 94.0 96.0 96.0 96.0 96.0 96.0 96.0 98.0 
26.0 30.0 40.0 38.0 38.0 40.0 32.0 32.0 32.0 38.0 78.0 80.0 80.0 84.0 92.0 92.0 94.0 94.0 94.0 94.0 94.0 94.0 96.0 
6.0 16.0 22.0 22.0 24.0 16.0 16.0 22.0 28.0 78.0 80.0 80.0 82.0 92.0 92.0 94.0 94.0 94.0 94.0 94.0 94.0 96.0 
10.0 16.0 16.0 24.0 20.0 20.0 26.0 32.0 78.0 80.0 80.0 82.0 92.0 92.0 94.0 94.0 94.0 94.0 94.0 94.0 96.0 
10.0 10.0 26.0 22.0 22.0 28.0 34.0 74.0 78.0 78.0 80.0 90.0 90.0 92.0 92.0 92.0 92.0 92.0 92.0 94.0 
0.0 16.0 12.0 14.0 20.0 26.0 74.0 78.0 78.0 80.0 90.0 90.0 92.0 92.0 92.0 92.0 92.0 92.0 94.0 
16.0 12.0 14.0 20.0 26.0 74.0 78.0 78.0 80.0 90.0 90.0 92.0 92.0 92.0 92.0 92.0 92.0 94.0 
10.0 12.0 18.0 20.0 72.0 78.0 78.0 80.0 90.0 90.0 92.0 92.0 92.0 92.0 92.0 92.0 94.0 
2.0 10.0 16.0 72.0 78.0 78.0 80.0 90.0 90.0 92.0 92.0 92.0 92.0 92.0 92.0 94.0 
8.0 14.0 72.0 78.0 78.0 80.0 90.0 90.0 92.0 92.0 92.0 92.0 92.0 92.0 94.0 
8.0 68.0 74.0 74.0 80.0 86.0 86.0 88.0 88.0 88.0 88.0 92.0 92.0 94.0 
66.0 72.0 72.0 80.0 86.0 86.0 88.0 88.0 88.0 88.0 92.0 92.0 94.0 
30.0 34.0 38.0 58.0 60.0 70.0 70.0 72.0 74.0 78.0 78.0 82.0 
4.0 18.0 38.0 40.0 50.0 54.0 56.0 58.0 62.0 62.0 68.0 
14.0 34.0 36.0 50.0 54.0 56.0 58.0 62.0 62.0 68.0 
28.0 32.0 46.0 52.0 54.0 56.0 58.0 58.0 64.0 
4.0 28.0 38.0 42.0 42.0 50.0 50.0 56.0 
28.0 40.0 44.0 44.0 52.0 52.0 58.0 
20.0 24.0 30.0 42.0 44.0 50.0 
4.0 14.0 26.0 28.0 34.0 
14.0 26.0 28.0 34.0 
18.0 20.0 28.0 
6.0 18.0 
18.0 
