58.0 62.0 80.0 80.0 82.0 78.0 78.0 80.0 80.0 82.0 84.0 84.0 84.0 82.0 90.0 90.0 90.0 90.0 90.0 88.0 90.0 90.0 90.0 90.0 90.0 90.0 90.0 90.0 90.0 94.0 94.0 94.0 92.0 92.0 94.0 94.0 94.0 94.0 94.0 94.0 94.0 96.0 92.0 92.0 92.0 92.0 92.0 92.0 92.0 
34.0 60.0 58.0 62.0 42.0 42.0 46.0 46.0 48.0 52.0 52.0 52.0 52.0 60.0 62.0 64.0 64.0 64.0 72.0 80.0 80.0 80.0 80.0 80.0 80.0 80.0 84.0 84.0 90.0 90.0 90.0 92.0 92.0 92.0 92.0 94.0 94.0 94.0 94.0 94.0 96.0 106.0 106.0 106.0 106.0 106.0 106.0 106.0 
50.0 62.0 66.0 56.0 56.0 60.0 60.0 62.0 66.0 66.0 66.0 66.0 74.0 74.0 76.0 76.0 76.0 82.0 88.0 88.0 88.0 88.0 88.0 88.0 88.0 88.0 88.0 94.0 94.0 94.0 96.0 96.0 96.0 96.0 96.0 96.0 96.0 96.0 96.0 98.0 106.0 106.0 106.0 106.0 106.0 106.0 106.0 
28.0 46.0 54.0 54.0 58.0 58.0 62.0 66.0 66.0 66.0 66.0 78.0 78.0 80.0 80.0 80.0 82.0 86.0 86.0 86.0 86.0 86.0 86.0 86.0 86.0 86.0 94.0 94.0 94.0 94.0 94.0 94.0 94.0 94.0 94.0 94.0 94.0 94.0 96.0 102.0 102.0 102.0 102.0 102.0 102.0 102.0 
24.0 50.0 50.0 54.0 54.0 58.0 62.0 62.0 62.0 62.0 74.0 74.0 76.0 76.0 76.0 78.0 84.0 84.0 84.0 84.0 84.0 84.0 84.0 86.0 86.0 94.0 94.0 94.0 94.0 94.0 94.0 94.0 94.0 94.0 94.0 94.0 94.0 96.0 102.0 102.0 102.0 102.0 102.0 102.0 102.0 
48.0 48.0 52.0 52.0 56.0 60.0 60.0 60.0 60.0 74.0 74.0 76.0 76.0 76.0 78.0 82.0 82.0 82.0 82.0 82.0 82.0 82.0 84.0 84.0 92.0 92.0 92.0 92.0 92.0 92.0 92.0 92.0 92.0 92.0 92.0 92.0 94.0 98.0 98.0 98.0 98.0 98.0 98.0 98.0 
0.0 4.0 12.0 16.0 36.0 36.0 36.0 36.0 52.0 54.0 56.0 56.0 56.0 64.0 74.0 74.0 74.0 74.0 74.0 74.0 74.0 78.0 78.0 86.0 86.0 86.0 88.0 88.0 88.0 88.0 90.0 90.0 90.0 90.0 90.0 92.0 102.0 102.0 102.0 102.0 102.0 102.0 102.0 
4.0 12.0 16.0 36.0 36.0 36.0 36.0 52.0 54.0 56.0 56.0 56.0 64.0 74.0 74.0 74.0 74.0 74.0 74.0 74.0 78.0 78.0 86.0 86.0 86.0 88.0 88.0 88.0 88.0 90.0 90.0 90.0 90.0 90.0 92.0 102.0 102.0 102.0 102.0 102.0 102.0 102.0 
8.0 16.0 36.0 36.0 36.0 36.0 52.0 54.0 56.0 56.0 56.0 64.0 74.0 74.0 74.0 74.0 74.0 74.0 74.0 78.0 78.0 86.0 86.0 86.0 88.0 88.0 88.0 88.0 90.0 90.0 90.0 90.0 90.0 92.0 102.0 102.0 102.0 102.0 102.0 102.0 102.0 
8.0 36.0 36.0 36.0 36.0 52.0 54.0 56.0 56.0 56.0 64.0 74.0 74.0 74.0 74.0 74.0 74.0 74.0 78.0 78.0 86.0 86.0 86.0 88.0 88.0 88.0 88.0 90.0 90.0 90.0 90.0 90.0 92.0 102.0 102.0 102.0 102.0 102.0 102.0 102.0 
28.0 28.0 28.0 30.0 52.0 54.0 56.0 56.0 56.0 64.0 74.0 74.0 74.0 74.0 74.0 74.0 74.0 78.0 78.0 86.0 86.0 86.0 88.0 88.0 88.0 88.0 90.0 90.0 90.0 90.0 90.0 92.0 102.0 102.0 102.0 102.0 102.0 102.0 102.0 
8.0 8.0 8.0 34.0 38.0 46.0 46.0 48.0 56.0 72.0 72.0 72.0 72.0 72.0 72.0 72.0 78.0 78.0 86.0 86.0 86.0 88.0 88.0 88.0 88.0 90.0 90.0 90.0 90.0 90.0 92.0 102.0 102.0 102.0 102.0 102.0 102.0 102.0 
8.0 10.0 34.0 38.0 46.0 46.0 48.0 56.0 72.0 72.0 72.0 72.0 72.0 72.0 72.0 78.0 78.0 86.0 86.0 86.0 88.0 88.0 88.0 88.0 90.0 90.0 90.0 90.0 90.0 92.0 102.0 102.0 102.0 102.0 102.0 102.0 102.0 
6.0 34.0 38.0 46.0 46.0 48.0 56.0 72.0 72.0 72.0 72.0 72.0 72.0 72.0 78.0 78.0 86.0 86.0 86.0 88.0 88.0 88.0 88.0 90.0 90.0 90.0 90.0 90.0 92.0 102.0 102.0 102.0 102.0 102.0 102.0 102.0 
32.0 36.0 44.0 44.0 46.0 54.0 70.0 70.0 70.0 70.0 70.0 70.0 70.0 76.0 76.0 84.0 84.0 84.0 86.0 86.0 86.0 86.0 88.0 88.0 88.0 88.0 88.0 90.0 100.0 100.0 100.0 100.0 100.0 100.0 100.0 
10.0 24.0 24.0 28.0 42.0 56.0 58.0 58.0 60.0 60.0 60.0 60.0 66.0 66.0 78.0 78.0 78.0 80.0 80.0 80.0 80.0 82.0 82.0 82.0 82.0 82.0 84.0 94.0 94.0 94.0 94.0 94.0 96.0 96.0 
16.0 16.0 22.0 40.0 56.0 58.0 58.0 60.0 60.0 60.0 60.0 66.0 66.0 78.0 78.0 78.0 80.0 80.0 80.0 80.0 82.0 82.0 82.0 82.0 82.0 84.0 94.0 94.0 94.0 94.0 94.0 96.0 96.0 
4.0 10.0 30.0 54.0 56.0 56.0 58.0 58.0 58.0 58.0 64.0 64.0 76.0 76.0 76.0 78.0 78.0 78.0 78.0 82.0 82.0 82.0 82.0 82.0 84.0 94.0 94.0 94.0 94.0 94.0 96.0 96.0 
6.0 28.0 54.0 56.0 56.0 58.0 58.0 58.0 58.0 64.0 64.0 76.0 76.0 76.0 78.0 78.0 78.0 78.0 82.0 82.0 82.0 82.0 82.0 84.0 94.0 94.0 94.0 94.0 94.0 96.0 96.0 
28.0 54.0 56.0 56.0 58.0 58.0 58.0 58.0 64.0 64.0 76.0 76.0 76.0 78.0 78.0 78.0 78.0 82.0 82.0 82.0 82.0 82.0 84.0 94.0 94.0 94.0 94.0 94.0 96.0 96.0 
50.0 50.0 50.0 52.0 52.0 52.0 52.0 60.0 60.0 74.0 74.0 74.0 76.0 76.0 78.0 78.0 82.0 82.0 82.0 82.0 82.0 84.0 94.0 94.0 94.0 94.0 94.0 96.0 96.0 
2.0 18.0 22.0 24.0 26.0 28.0 40.0 48.0 68.0 68.0 68.0 70.0 70.0 72.0 72.0 76.0 76.0 76.0 76.0 76.0 78.0 88.0 88.0 88.0 88.0 88.0 90.0 90.0 
16.0 20.0 22.0 24.0 26.0 38.0 46.0 66.0 66.0 66.0 68.0 68.0 70.0 70.0 74.0 74.0 74.0 74.0 74.0 76.0 86.0 86.0 86.0 86.0 86.0 88.0 90.0 
14.0 18.0 20.0 24.0 34.0 44.0 64.0 66.0 66.0 68.0 68.0 70.0 70.0 74.0 74.0 74.0 74.0 74.0 76.0 86.0 86.0 86.0 86.0 86.0 88.0 90.0 
6.0 8.0 12.0 24.0 44.0 64.0 66.0 66.0 68.0 68.0 70.0 70.0 74.0 74.0 74.0 74.0 74.0 76.0 86.0 86.0 86.0 86.0 86.0 88.0 90.0 
8.0 12.0 24.0 44.0 64.0 66.0 66.0 68.0 68.0 70.0 70.0 74.0 74.0 74.0 74.0 74.0 76.0 86.0 86.0 86.0 86.0 86.0 88.0 90.0 
8.0 18.0 38.0 60.0 62.0 64.0 66.0 66.0 68.0 68.0 72.0 72.0 72.0 72.0 72.0 74.0 84.0 84.0 86.0 86.0 86.0 88.0 90.0 
22.0 42.0 62.0 62.0 64.0 66.0 66.0 68.0 68.0 72.0 72.0 72.0 72.0 72.0 74.0 84.0 84.0 86.0 86.0 86.0 88.0 90.0 
24.0 48.0 52.0 54.0 56.0 56.0 58.0 58.0 64.0 64.0 64.0 64.0 66.0 68.0 84.0 84.0 86.0 86.0 86.0 88.0 90.0 
44.0 50.0 52.0 54.0 54.0 56.0 56.0 62.0 62.0 62.0 62.0 64.0 66.0 82.0 82.0 84.0 84.0 84.0 86.0 88.0 
18.0 20.0 26.0 26.0 36.0 38.0 56.0 56.0 56.0 56.0 58.0 60.0 78.0 78.0 80.0 80.0 80.0 82.0 84.0 
18.0 24.0 24.0 34.0 36.0 54.0 54.0 54.0 54.0 56.0 60.0 78.0 78.0 80.0 80.0 80.0 82.0 84.0 
10.0 10.0 24.0 26.0 46.0 46.0 46.0 46.0 48.0 52.0 70.0 70.0 76.0 76.0 76.0 82.0 84.0 
0.0 22.0 24.0 44.0 44.0 44.0 44.0 46.0 50.0 68.0 68.0 74.0 74.0 74.0 80.0 82.0 
22.0 24.0 44.0 44.0 44.0 44.0 46.0 50.0 68.0 68.0 74.0 74.0 74.0 80.0 82.0 
4.0 34.0 42.0 44.0 44.0 46.0 50.0 68.0 68.0 74.0 74.0 74.0 80.0 82.0 
32.0 44.0 44.0 44.0 46.0 50.0 68.0 68.0 74.0 74.0 74.0 80.0 82.0 
24.0 24.0 24.0 28.0 38.0 66.0 66.0 72.0 72.0 72.0 78.0 80.0 
6.0 8.0 12.0 22.0 60.0 60.0 72.0 72.0 72.0 78.0 80.0 
4.0 10.0 18.0 60.0 60.0 72.0 72.0 70.0 78.0 80.0 
12.0 20.0 60.0 60.0 72.0 72.0 70.0 78.0 80.0 
12.0 60.0 60.0 72.0 72.0 72.0 78.0 80.0 
52.0 52.0 68.0 68.0 68.0 74.0 76.0 
10.0 30.0 34.0 38.0 46.0 52.0 
32.0 32.0 38.0 46.0 52.0 
8.0 10.0 28.0 34.0 
8.0 28.0 34.0 
22.0 30.0 
18.0 
