32.0 42.0 42.0 42.0 40.0 40.0 44.0 44.0 48.0 48.0 48.0 48.0 48.0 48.0 48.0 52.0 52.0 52.0 54.0 50.0 50.0 64.0 64.0 70.0 70.0 72.0 76.0 76.0 76.0 78.0 78.0 80.0 80.0 80.0 80.0 88.0 88.0 88.0 92.0 92.0 92.0 92.0 92.0 92.0 92.0 92.0 92.0 92.0 92.0 
20.0 20.0 20.0 26.0 26.0 30.0 30.0 38.0 38.0 38.0 38.0 38.0 38.0 38.0 44.0 44.0 50.0 54.0 56.0 56.0 70.0 70.0 76.0 76.0 78.0 82.0 82.0 82.0 84.0 84.0 86.0 86.0 86.0 86.0 94.0 94.0 94.0 98.0 98.0 98.0 98.0 98.0 98.0 98.0 98.0 98.0 98.0 98.0 
2.0 2.0 8.0 6.0 22.0 22.0 32.0 32.0 32.0 32.0 32.0 32.0 32.0 40.0 40.0 46.0 50.0 52.0 52.0 66.0 66.0 76.0 76.0 78.0 82.0 82.0 82.0 84.0 84.0 86.0 86.0 86.0 86.0 94.0 94.0 94.0 98.0 98.0 98.0 98.0 98.0 98.0 98.0 98.0 98.0 98.0 98.0 
0.0 8.0 8.0 22.0 22.0 32.0 32.0 32.0 32.0 32.0 32.0 32.0 40.0 40.0 46.0 50.0 52.0 52.0 66.0 66.0 76.0 76.0 78.0 82.0 82.0 82.0 84.0 84.0 86.0 86.0 86.0 86.0 94.0 94.0 94.0 98.0 98.0 98.0 98.0 98.0 98.0 98.0 98.0 98.0 98.0 98.0 
8.0 8.0 22.0 22.0 32.0 32.0 32.0 32.0 32.0 32.0 32.0 40.0 40.0 46.0 50.0 52.0 52.0 66.0 66.0 76.0 76.0 78.0 82.0 82.0 82.0 84.0 84.0 86.0 86.0 86.0 86.0 94.0 94.0 94.0 98.0 98.0 98.0 98.0 98.0 98.0 98.0 98.0 98.0 98.0 98.0 
2.0 18.0 18.0 30.0 30.0 30.0 30.0 30.0 30.0 30.0 38.0 38.0 44.0 48.0 50.0 50.0 64.0 64.0 74.0 74.0 76.0 80.0 80.0 80.0 82.0 82.0 84.0 84.0 84.0 84.0 92.0 92.0 92.0 96.0 96.0 96.0 96.0 96.0 96.0 96.0 96.0 96.0 96.0 96.0 
18.0 18.0 30.0 30.0 30.0 30.0 30.0 30.0 30.0 38.0 38.0 44.0 48.0 50.0 50.0 64.0 64.0 74.0 74.0 76.0 80.0 80.0 80.0 82.0 82.0 84.0 84.0 84.0 84.0 92.0 92.0 92.0 96.0 96.0 96.0 96.0 96.0 96.0 96.0 96.0 96.0 96.0 96.0 
4.0 28.0 28.0 28.0 28.0 28.0 28.0 28.0 36.0 36.0 42.0 46.0 48.0 48.0 62.0 62.0 74.0 74.0 76.0 80.0 80.0 80.0 82.0 82.0 84.0 84.0 84.0 84.0 92.0 92.0 92.0 96.0 96.0 96.0 96.0 96.0 96.0 96.0 96.0 96.0 96.0 96.0 
28.0 28.0 28.0 28.0 28.0 28.0 28.0 36.0 36.0 42.0 46.0 48.0 48.0 62.0 62.0 74.0 74.0 76.0 80.0 80.0 80.0 82.0 82.0 84.0 84.0 84.0 84.0 92.0 92.0 92.0 96.0 96.0 96.0 96.0 96.0 96.0 96.0 96.0 96.0 96.0 96.0 
0.0 0.0 0.0 0.0 2.0 4.0 24.0 26.0 34.0 38.0 40.0 40.0 60.0 60.0 72.0 72.0 74.0 78.0 78.0 78.0 80.0 80.0 82.0 82.0 82.0 82.0 90.0 90.0 90.0 94.0 94.0 94.0 94.0 94.0 94.0 94.0 94.0 94.0 94.0 94.0 
0.0 0.0 0.0 2.0 4.0 24.0 26.0 34.0 38.0 40.0 40.0 60.0 60.0 72.0 72.0 74.0 78.0 78.0 78.0 80.0 80.0 82.0 82.0 82.0 82.0 90.0 90.0 90.0 94.0 94.0 94.0 94.0 94.0 94.0 94.0 94.0 94.0 94.0 94.0 
0.0 0.0 2.0 4.0 24.0 26.0 34.0 38.0 40.0 40.0 60.0 60.0 72.0 72.0 74.0 78.0 78.0 78.0 80.0 80.0 82.0 82.0 82.0 82.0 90.0 90.0 90.0 94.0 94.0 94.0 94.0 94.0 94.0 94.0 94.0 94.0 94.0 94.0 
0.0 2.0 4.0 24.0 26.0 34.0 38.0 40.0 40.0 60.0 60.0 72.0 72.0 74.0 78.0 78.0 78.0 80.0 80.0 82.0 82.0 82.0 82.0 90.0 90.0 90.0 94.0 94.0 94.0 94.0 94.0 94.0 94.0 94.0 94.0 94.0 94.0 
2.0 4.0 24.0 26.0 34.0 38.0 40.0 40.0 60.0 60.0 72.0 72.0 74.0 78.0 78.0 78.0 80.0 80.0 82.0 82.0 82.0 82.0 90.0 90.0 90.0 94.0 94.0 94.0 94.0 94.0 94.0 94.0 94.0 94.0 94.0 94.0 
2.0 24.0 26.0 34.0 38.0 40.0 40.0 60.0 60.0 72.0 72.0 74.0 78.0 78.0 78.0 80.0 80.0 82.0 82.0 82.0 82.0 90.0 90.0 90.0 94.0 94.0 94.0 94.0 94.0 94.0 94.0 94.0 94.0 94.0 94.0 
24.0 26.0 34.0 38.0 40.0 40.0 60.0 60.0 72.0 72.0 74.0 78.0 78.0 78.0 80.0 80.0 82.0 82.0 82.0 82.0 90.0 90.0 90.0 94.0 94.0 94.0 94.0 94.0 94.0 94.0 94.0 94.0 94.0 94.0 
2.0 12.0 20.0 22.0 28.0 56.0 56.0 72.0 72.0 74.0 78.0 78.0 78.0 80.0 80.0 82.0 82.0 82.0 82.0 90.0 90.0 90.0 94.0 94.0 94.0 94.0 94.0 94.0 94.0 94.0 94.0 94.0 94.0 
10.0 18.0 20.0 26.0 54.0 54.0 72.0 72.0 74.0 78.0 78.0 78.0 80.0 80.0 82.0 82.0 82.0 82.0 90.0 90.0 90.0 94.0 94.0 94.0 94.0 94.0 94.0 94.0 94.0 94.0 94.0 94.0 
14.0 16.0 22.0 52.0 52.0 72.0 72.0 74.0 78.0 78.0 78.0 80.0 80.0 82.0 82.0 82.0 82.0 90.0 90.0 90.0 94.0 94.0 94.0 94.0 94.0 94.0 94.0 94.0 94.0 94.0 94.0 
6.0 14.0 46.0 48.0 66.0 66.0 70.0 76.0 76.0 76.0 78.0 78.0 80.0 80.0 80.0 80.0 90.0 90.0 90.0 94.0 94.0 94.0 94.0 94.0 94.0 94.0 94.0 94.0 94.0 94.0 
8.0 44.0 46.0 66.0 66.0 70.0 76.0 76.0 76.0 78.0 78.0 80.0 80.0 80.0 80.0 90.0 90.0 90.0 94.0 94.0 94.0 94.0 94.0 94.0 94.0 94.0 94.0 94.0 94.0 
44.0 46.0 66.0 66.0 70.0 76.0 76.0 76.0 78.0 78.0 80.0 80.0 80.0 80.0 90.0 90.0 90.0 94.0 94.0 94.0 94.0 94.0 94.0 94.0 94.0 94.0 94.0 94.0 
4.0 48.0 50.0 54.0 62.0 62.0 62.0 66.0 70.0 72.0 72.0 72.0 74.0 86.0 86.0 86.0 90.0 90.0 90.0 90.0 90.0 90.0 90.0 90.0 90.0 90.0 90.0 
50.0 52.0 56.0 62.0 62.0 62.0 66.0 70.0 72.0 72.0 72.0 74.0 86.0 86.0 86.0 90.0 90.0 90.0 90.0 90.0 90.0 90.0 90.0 90.0 90.0 90.0 
20.0 24.0 42.0 42.0 46.0 52.0 58.0 62.0 62.0 62.0 64.0 82.0 82.0 82.0 86.0 86.0 86.0 86.0 86.0 86.0 86.0 86.0 86.0 88.0 88.0 
18.0 42.0 40.0 42.0 50.0 56.0 60.0 60.0 60.0 62.0 82.0 82.0 82.0 86.0 86.0 86.0 86.0 86.0 86.0 86.0 86.0 86.0 88.0 88.0 
34.0 34.0 36.0 46.0 52.0 56.0 56.0 56.0 58.0 82.0 82.0 82.0 86.0 86.0 86.0 86.0 86.0 86.0 86.0 86.0 86.0 88.0 88.0 
8.0 26.0 38.0 46.0 50.0 52.0 52.0 54.0 78.0 78.0 78.0 82.0 82.0 82.0 82.0 82.0 82.0 82.0 82.0 84.0 86.0 86.0 
26.0 40.0 48.0 52.0 54.0 54.0 56.0 78.0 78.0 78.0 82.0 82.0 82.0 82.0 82.0 82.0 82.0 82.0 84.0 86.0 86.0 
34.0 36.0 44.0 46.0 46.0 48.0 74.0 74.0 74.0 78.0 78.0 78.0 78.0 78.0 78.0 78.0 78.0 80.0 82.0 82.0 
28.0 42.0 44.0 44.0 46.0 72.0 72.0 72.0 76.0 76.0 76.0 76.0 76.0 76.0 76.0 76.0 78.0 80.0 80.0 
26.0 30.0 30.0 32.0 62.0 62.0 62.0 66.0 66.0 66.0 66.0 66.0 66.0 66.0 66.0 68.0 70.0 70.0 
4.0 6.0 18.0 58.0 58.0 58.0 62.0 62.0 62.0 62.0 62.0 62.0 62.0 62.0 64.0 66.0 66.0 
4.0 16.0 58.0 58.0 58.0 62.0 62.0 62.0 62.0 62.0 62.0 62.0 62.0 64.0 66.0 66.0 
12.0 58.0 58.0 58.0 62.0 62.0 62.0 62.0 62.0 62.0 62.0 62.0 64.0 66.0 66.0 
58.0 58.0 58.0 62.0 62.0 62.0 62.0 62.0 62.0 62.0 62.0 64.0 66.0 66.0 
6.0 10.0 24.0 24.0 26.0 28.0 32.0 32.0 32.0 32.0 44.0 46.0 46.0 
4.0 20.0 22.0 24.0 26.0 30.0 30.0 30.0 30.0 42.0 44.0 44.0 
18.0 20.0 22.0 26.0 30.0 30.0 30.0 30.0 42.0 44.0 44.0 
10.0 10.0 16.0 26.0 26.0 26.0 26.0 38.0 40.0 38.0 
8.0 14.0 26.0 26.0 26.0 26.0 38.0 38.0 36.0 
8.0 24.0 24.0 24.0 24.0 38.0 38.0 38.0 
20.0 20.0 20.0 20.0 34.0 36.0 34.0 
0.0 0.0 0.0 16.0 24.0 32.0 
0.0 0.0 16.0 24.0 32.0 
0.0 16.0 24.0 32.0 
16.0 24.0 32.0 
16.0 26.0 
14.0 
