8.0 28.0 28.0 36.0 36.0 28.0 32.0 34.0 34.0 34.0 40.0 40.0 40.0 44.0 46.0 48.0 52.0 58.0 62.0 62.0 62.0 66.0 68.0 68.0 66.0 66.0 72.0 72.0 72.0 72.0 72.0 72.0 70.0 68.0 78.0 78.0 80.0 80.0 80.0 80.0 80.0 80.0 80.0 80.0 80.0 82.0 82.0 82.0 82.0 
26.0 26.0 34.0 34.0 26.0 34.0 36.0 36.0 36.0 42.0 42.0 42.0 46.0 48.0 50.0 54.0 60.0 64.0 64.0 64.0 68.0 70.0 70.0 70.0 70.0 76.0 76.0 76.0 76.0 76.0 76.0 76.0 74.0 82.0 82.0 84.0 84.0 84.0 84.0 84.0 84.0 84.0 84.0 84.0 86.0 86.0 86.0 86.0 
2.0 26.0 26.0 28.0 36.0 38.0 38.0 38.0 42.0 42.0 42.0 46.0 48.0 52.0 54.0 60.0 66.0 66.0 66.0 70.0 72.0 72.0 74.0 74.0 78.0 78.0 78.0 78.0 78.0 78.0 78.0 76.0 82.0 82.0 84.0 84.0 84.0 84.0 84.0 84.0 84.0 84.0 84.0 86.0 86.0 86.0 86.0 
26.0 26.0 28.0 36.0 38.0 38.0 38.0 42.0 42.0 42.0 46.0 48.0 52.0 54.0 60.0 66.0 66.0 66.0 70.0 72.0 72.0 74.0 74.0 78.0 78.0 78.0 78.0 78.0 78.0 78.0 76.0 82.0 82.0 84.0 84.0 84.0 84.0 84.0 84.0 84.0 84.0 84.0 86.0 86.0 86.0 86.0 
0.0 16.0 26.0 34.0 36.0 36.0 40.0 38.0 38.0 42.0 42.0 46.0 48.0 54.0 60.0 60.0 60.0 64.0 70.0 70.0 72.0 72.0 76.0 76.0 76.0 76.0 76.0 76.0 76.0 74.0 80.0 80.0 82.0 82.0 82.0 82.0 82.0 82.0 82.0 82.0 82.0 84.0 84.0 84.0 84.0 
16.0 26.0 34.0 36.0 36.0 40.0 38.0 38.0 42.0 42.0 46.0 48.0 54.0 60.0 60.0 60.0 64.0 70.0 70.0 72.0 72.0 76.0 76.0 76.0 76.0 76.0 76.0 76.0 74.0 80.0 80.0 82.0 82.0 82.0 82.0 82.0 82.0 82.0 82.0 82.0 84.0 84.0 84.0 84.0 
10.0 24.0 24.0 24.0 28.0 28.0 28.0 32.0 36.0 40.0 44.0 50.0 56.0 56.0 56.0 60.0 66.0 66.0 68.0 68.0 74.0 74.0 74.0 74.0 74.0 74.0 76.0 74.0 82.0 82.0 84.0 84.0 84.0 84.0 84.0 84.0 84.0 84.0 84.0 86.0 86.0 86.0 86.0 
20.0 20.0 20.0 24.0 24.0 24.0 28.0 32.0 36.0 40.0 46.0 52.0 52.0 52.0 56.0 62.0 62.0 64.0 64.0 70.0 70.0 70.0 70.0 70.0 70.0 72.0 72.0 80.0 80.0 82.0 82.0 82.0 82.0 82.0 82.0 82.0 82.0 82.0 84.0 84.0 84.0 84.0 
10.0 10.0 16.0 22.0 22.0 26.0 32.0 36.0 40.0 46.0 52.0 52.0 52.0 56.0 62.0 62.0 64.0 64.0 70.0 70.0 70.0 70.0 70.0 70.0 72.0 72.0 80.0 80.0 82.0 82.0 82.0 82.0 82.0 82.0 82.0 82.0 82.0 84.0 84.0 84.0 84.0 
0.0 6.0 20.0 20.0 24.0 32.0 36.0 40.0 46.0 52.0 52.0 52.0 56.0 62.0 62.0 64.0 64.0 70.0 70.0 70.0 70.0 70.0 70.0 72.0 72.0 80.0 80.0 82.0 82.0 82.0 82.0 82.0 82.0 82.0 82.0 82.0 84.0 84.0 84.0 84.0 
6.0 20.0 20.0 24.0 32.0 36.0 40.0 46.0 52.0 52.0 52.0 56.0 62.0 62.0 64.0 64.0 70.0 70.0 70.0 70.0 70.0 70.0 72.0 72.0 80.0 80.0 82.0 82.0 82.0 82.0 82.0 82.0 82.0 82.0 82.0 84.0 84.0 84.0 84.0 
18.0 18.0 22.0 30.0 36.0 40.0 46.0 52.0 52.0 52.0 56.0 62.0 62.0 64.0 64.0 70.0 70.0 70.0 70.0 70.0 70.0 72.0 72.0 80.0 80.0 82.0 82.0 82.0 82.0 82.0 82.0 82.0 82.0 82.0 84.0 84.0 84.0 84.0 
4.0 10.0 28.0 34.0 38.0 44.0 52.0 52.0 52.0 56.0 62.0 62.0 64.0 64.0 70.0 70.0 70.0 70.0 70.0 70.0 72.0 72.0 80.0 80.0 82.0 82.0 82.0 82.0 82.0 82.0 82.0 82.0 82.0 84.0 84.0 84.0 84.0 
8.0 26.0 32.0 36.0 42.0 52.0 52.0 52.0 56.0 62.0 62.0 64.0 64.0 70.0 70.0 70.0 70.0 70.0 70.0 72.0 72.0 80.0 80.0 82.0 82.0 82.0 82.0 82.0 82.0 82.0 82.0 82.0 84.0 84.0 84.0 84.0 
20.0 28.0 32.0 38.0 48.0 48.0 48.0 54.0 62.0 62.0 64.0 64.0 70.0 70.0 70.0 70.0 70.0 70.0 72.0 74.0 82.0 82.0 84.0 84.0 84.0 84.0 84.0 84.0 84.0 84.0 84.0 86.0 86.0 86.0 86.0 
16.0 24.0 32.0 42.0 42.0 42.0 50.0 60.0 60.0 62.0 62.0 68.0 68.0 68.0 68.0 68.0 68.0 70.0 72.0 80.0 80.0 82.0 82.0 82.0 82.0 82.0 82.0 82.0 82.0 82.0 84.0 84.0 84.0 84.0 
16.0 26.0 42.0 42.0 42.0 50.0 60.0 60.0 62.0 62.0 68.0 68.0 68.0 68.0 68.0 68.0 70.0 72.0 80.0 80.0 82.0 82.0 82.0 82.0 82.0 82.0 82.0 82.0 82.0 84.0 84.0 84.0 84.0 
12.0 36.0 36.0 36.0 44.0 54.0 54.0 56.0 56.0 66.0 66.0 66.0 66.0 66.0 66.0 68.0 70.0 78.0 78.0 82.0 82.0 82.0 82.0 82.0 82.0 82.0 82.0 82.0 84.0 84.0 84.0 84.0 
30.0 30.0 30.0 42.0 52.0 52.0 54.0 54.0 66.0 66.0 66.0 66.0 66.0 66.0 68.0 70.0 78.0 78.0 82.0 82.0 82.0 82.0 82.0 82.0 82.0 82.0 82.0 84.0 84.0 84.0 84.0 
2.0 10.0 36.0 48.0 48.0 50.0 50.0 62.0 62.0 62.0 62.0 62.0 62.0 64.0 66.0 76.0 76.0 80.0 80.0 80.0 80.0 80.0 80.0 80.0 80.0 80.0 82.0 82.0 82.0 82.0 
10.0 36.0 48.0 48.0 50.0 50.0 62.0 62.0 62.0 62.0 62.0 62.0 64.0 66.0 76.0 76.0 80.0 80.0 80.0 80.0 80.0 80.0 80.0 80.0 80.0 82.0 82.0 82.0 82.0 
36.0 48.0 48.0 50.0 50.0 62.0 62.0 62.0 62.0 62.0 62.0 64.0 66.0 76.0 76.0 80.0 80.0 80.0 80.0 80.0 80.0 80.0 80.0 80.0 82.0 82.0 82.0 82.0 
22.0 24.0 30.0 30.0 48.0 46.0 50.0 50.0 50.0 50.0 52.0 60.0 72.0 72.0 76.0 76.0 76.0 76.0 76.0 76.0 76.0 76.0 76.0 78.0 78.0 78.0 78.0 
14.0 20.0 20.0 38.0 38.0 42.0 42.0 44.0 44.0 46.0 60.0 72.0 72.0 76.0 76.0 76.0 76.0 76.0 76.0 76.0 76.0 76.0 78.0 78.0 78.0 78.0 
10.0 12.0 36.0 36.0 40.0 40.0 44.0 42.0 44.0 60.0 72.0 72.0 76.0 76.0 76.0 76.0 76.0 76.0 76.0 76.0 76.0 78.0 78.0 78.0 78.0 
2.0 30.0 30.0 34.0 34.0 38.0 36.0 38.0 56.0 68.0 68.0 74.0 74.0 74.0 74.0 74.0 74.0 74.0 74.0 74.0 76.0 76.0 76.0 76.0 
28.0 28.0 32.0 32.0 36.0 34.0 36.0 54.0 66.0 68.0 74.0 74.0 74.0 74.0 74.0 74.0 74.0 74.0 74.0 76.0 76.0 76.0 76.0 
4.0 14.0 18.0 22.0 20.0 22.0 46.0 64.0 66.0 74.0 72.0 72.0 72.0 72.0 72.0 72.0 72.0 72.0 74.0 74.0 74.0 74.0 
10.0 14.0 18.0 16.0 18.0 48.0 64.0 66.0 74.0 72.0 72.0 72.0 72.0 72.0 72.0 72.0 72.0 74.0 74.0 74.0 74.0 
4.0 12.0 10.0 12.0 42.0 60.0 62.0 72.0 70.0 70.0 70.0 70.0 70.0 70.0 70.0 70.0 74.0 74.0 74.0 74.0 
8.0 6.0 10.0 42.0 60.0 62.0 72.0 70.0 70.0 70.0 70.0 70.0 70.0 70.0 70.0 74.0 74.0 74.0 74.0 
4.0 8.0 40.0 60.0 60.0 72.0 70.0 70.0 70.0 70.0 70.0 70.0 70.0 70.0 74.0 74.0 74.0 74.0 
6.0 40.0 60.0 60.0 72.0 70.0 70.0 70.0 70.0 70.0 70.0 70.0 70.0 74.0 74.0 74.0 74.0 
38.0 58.0 58.0 70.0 68.0 68.0 68.0 68.0 68.0 68.0 68.0 68.0 72.0 72.0 72.0 72.0 
48.0 50.0 64.0 64.0 64.0 64.0 64.0 64.0 64.0 64.0 64.0 68.0 68.0 68.0 68.0 
28.0 54.0 54.0 54.0 54.0 54.0 54.0 54.0 54.0 54.0 58.0 58.0 58.0 58.0 
46.0 48.0 48.0 48.0 48.0 48.0 48.0 48.0 48.0 52.0 52.0 52.0 52.0 
22.0 28.0 28.0 28.0 30.0 30.0 30.0 30.0 42.0 42.0 40.0 40.0 
12.0 12.0 12.0 14.0 14.0 14.0 12.0 24.0 24.0 22.0 22.0 
0.0 0.0 2.0 4.0 4.0 8.0 22.0 22.0 22.0 22.0 
0.0 2.0 4.0 4.0 8.0 22.0 22.0 22.0 22.0 
2.0 4.0 4.0 8.0 22.0 22.0 22.0 22.0 
6.0 6.0 10.0 24.0 24.0 24.0 24.0 
2.0 6.0 22.0 22.0 22.0 22.0 
6.0 22.0 22.0 22.0 22.0 
18.0 18.0 16.0 16.0 
0.0 4.0 4.0 
4.0 4.0 
0.0 
