10.0 28.0 36.0 42.0 48.0 30.0 30.0 30.0 28.0 32.0 46.0 46.0 46.0 46.0 46.0 46.0 46.0 46.0 48.0 56.0 56.0 64.0 68.0 68.0 74.0 80.0 82.0 82.0 84.0 84.0 84.0 96.0 96.0 96.0 94.0 94.0 94.0 94.0 102.0 102.0 102.0 102.0 106.0 106.0 106.0 106.0 106.0 106.0 106.0 
20.0 38.0 40.0 46.0 26.0 26.0 26.0 24.0 28.0 42.0 42.0 42.0 42.0 42.0 42.0 42.0 42.0 44.0 52.0 52.0 64.0 68.0 68.0 74.0 80.0 82.0 82.0 84.0 84.0 84.0 96.0 96.0 96.0 96.0 96.0 96.0 96.0 104.0 104.0 104.0 104.0 108.0 108.0 108.0 108.0 108.0 108.0 108.0 
28.0 46.0 52.0 34.0 34.0 34.0 32.0 34.0 38.0 38.0 38.0 38.0 38.0 38.0 38.0 38.0 40.0 50.0 50.0 62.0 68.0 68.0 74.0 80.0 82.0 82.0 84.0 84.0 84.0 96.0 96.0 96.0 96.0 96.0 96.0 96.0 104.0 104.0 104.0 104.0 108.0 108.0 108.0 108.0 108.0 108.0 108.0 
40.0 46.0 40.0 40.0 40.0 38.0 40.0 42.0 42.0 42.0 42.0 42.0 42.0 42.0 42.0 44.0 52.0 52.0 58.0 64.0 64.0 72.0 80.0 82.0 82.0 84.0 84.0 84.0 96.0 96.0 96.0 96.0 96.0 96.0 96.0 104.0 104.0 104.0 104.0 108.0 108.0 108.0 108.0 108.0 108.0 108.0 
24.0 38.0 38.0 38.0 36.0 38.0 52.0 52.0 52.0 52.0 52.0 52.0 52.0 52.0 54.0 60.0 60.0 66.0 70.0 70.0 78.0 84.0 86.0 86.0 86.0 86.0 86.0 96.0 96.0 96.0 96.0 96.0 96.0 96.0 104.0 104.0 104.0 104.0 108.0 108.0 108.0 108.0 108.0 108.0 108.0 
46.0 46.0 46.0 44.0 46.0 60.0 60.0 60.0 60.0 60.0 60.0 60.0 60.0 62.0 68.0 68.0 74.0 76.0 76.0 84.0 90.0 92.0 92.0 92.0 92.0 92.0 100.0 100.0 100.0 100.0 100.0 100.0 100.0 104.0 104.0 104.0 104.0 108.0 108.0 108.0 108.0 108.0 108.0 108.0 
2.0 2.0 6.0 12.0 32.0 32.0 32.0 32.0 32.0 32.0 32.0 32.0 34.0 50.0 50.0 62.0 66.0 66.0 74.0 80.0 82.0 82.0 84.0 84.0 84.0 96.0 96.0 96.0 96.0 96.0 96.0 96.0 104.0 104.0 104.0 104.0 108.0 108.0 108.0 108.0 108.0 108.0 108.0 
2.0 6.0 12.0 32.0 32.0 32.0 32.0 32.0 32.0 32.0 32.0 34.0 50.0 50.0 62.0 66.0 66.0 74.0 80.0 82.0 82.0 84.0 84.0 84.0 96.0 96.0 96.0 96.0 96.0 96.0 96.0 104.0 104.0 104.0 104.0 108.0 108.0 108.0 108.0 108.0 108.0 108.0 
6.0 10.0 32.0 32.0 32.0 32.0 32.0 32.0 32.0 32.0 34.0 50.0 50.0 62.0 66.0 66.0 74.0 80.0 82.0 82.0 84.0 84.0 84.0 96.0 96.0 96.0 96.0 96.0 96.0 96.0 104.0 104.0 104.0 104.0 108.0 108.0 108.0 108.0 108.0 108.0 108.0 
14.0 32.0 32.0 32.0 32.0 32.0 32.0 32.0 32.0 34.0 50.0 50.0 62.0 66.0 66.0 74.0 80.0 82.0 82.0 84.0 84.0 84.0 96.0 96.0 96.0 96.0 96.0 96.0 96.0 104.0 104.0 104.0 104.0 108.0 108.0 108.0 108.0 108.0 108.0 108.0 
32.0 32.0 32.0 32.0 32.0 32.0 32.0 32.0 34.0 50.0 50.0 62.0 66.0 66.0 74.0 80.0 82.0 82.0 84.0 84.0 84.0 96.0 96.0 96.0 96.0 96.0 96.0 96.0 104.0 104.0 104.0 104.0 108.0 108.0 108.0 108.0 108.0 108.0 108.0 
0.0 0.0 2.0 4.0 4.0 2.0 2.0 6.0 40.0 40.0 52.0 62.0 62.0 70.0 80.0 82.0 82.0 84.0 84.0 84.0 96.0 96.0 96.0 96.0 96.0 96.0 96.0 104.0 104.0 104.0 104.0 108.0 108.0 108.0 108.0 108.0 108.0 108.0 
0.0 2.0 4.0 4.0 2.0 2.0 6.0 40.0 40.0 52.0 62.0 62.0 70.0 80.0 82.0 82.0 84.0 84.0 84.0 96.0 96.0 96.0 96.0 96.0 96.0 96.0 104.0 104.0 104.0 104.0 108.0 108.0 108.0 108.0 108.0 108.0 108.0 
2.0 4.0 4.0 2.0 2.0 6.0 40.0 40.0 52.0 62.0 62.0 70.0 80.0 82.0 82.0 84.0 84.0 84.0 96.0 96.0 96.0 96.0 96.0 96.0 96.0 104.0 104.0 104.0 104.0 108.0 108.0 108.0 108.0 108.0 108.0 108.0 
2.0 2.0 0.0 0.0 4.0 38.0 38.0 52.0 62.0 62.0 70.0 80.0 82.0 82.0 84.0 84.0 84.0 96.0 96.0 96.0 96.0 96.0 96.0 96.0 104.0 104.0 104.0 104.0 108.0 108.0 108.0 108.0 108.0 108.0 108.0 
0.0 2.0 2.0 6.0 38.0 38.0 52.0 62.0 62.0 70.0 80.0 82.0 82.0 84.0 84.0 84.0 96.0 96.0 96.0 96.0 96.0 96.0 96.0 104.0 104.0 104.0 104.0 108.0 108.0 108.0 108.0 108.0 108.0 108.0 
2.0 2.0 6.0 38.0 38.0 52.0 62.0 62.0 70.0 80.0 82.0 82.0 84.0 84.0 84.0 96.0 96.0 96.0 96.0 96.0 96.0 96.0 104.0 104.0 104.0 104.0 108.0 108.0 108.0 108.0 108.0 108.0 108.0 
0.0 4.0 38.0 38.0 52.0 62.0 62.0 70.0 80.0 82.0 82.0 84.0 84.0 84.0 96.0 96.0 96.0 96.0 96.0 96.0 96.0 104.0 104.0 104.0 104.0 108.0 108.0 108.0 108.0 108.0 108.0 108.0 
4.0 38.0 38.0 52.0 62.0 62.0 70.0 80.0 82.0 82.0 84.0 84.0 84.0 96.0 96.0 96.0 96.0 96.0 96.0 96.0 104.0 104.0 104.0 104.0 108.0 108.0 108.0 108.0 108.0 108.0 108.0 
36.0 36.0 50.0 62.0 62.0 70.0 80.0 82.0 82.0 84.0 84.0 84.0 96.0 96.0 96.0 96.0 96.0 96.0 96.0 104.0 104.0 104.0 104.0 108.0 108.0 108.0 108.0 108.0 108.0 108.0 
12.0 34.0 54.0 56.0 62.0 80.0 82.0 82.0 84.0 84.0 84.0 96.0 96.0 96.0 96.0 96.0 96.0 96.0 104.0 104.0 104.0 104.0 108.0 108.0 108.0 108.0 108.0 108.0 108.0 
34.0 54.0 56.0 62.0 80.0 82.0 82.0 84.0 84.0 84.0 96.0 96.0 96.0 96.0 96.0 96.0 96.0 104.0 104.0 104.0 104.0 108.0 108.0 108.0 108.0 108.0 108.0 108.0 
44.0 44.0 50.0 68.0 74.0 74.0 76.0 76.0 76.0 96.0 96.0 96.0 96.0 96.0 96.0 96.0 104.0 104.0 104.0 104.0 108.0 108.0 108.0 108.0 108.0 108.0 108.0 
8.0 42.0 60.0 66.0 66.0 68.0 68.0 68.0 92.0 94.0 94.0 94.0 94.0 94.0 94.0 104.0 104.0 104.0 104.0 108.0 108.0 108.0 108.0 108.0 108.0 108.0 
42.0 60.0 66.0 66.0 68.0 68.0 68.0 92.0 94.0 94.0 94.0 94.0 94.0 94.0 104.0 104.0 104.0 104.0 108.0 108.0 108.0 108.0 108.0 108.0 108.0 
38.0 52.0 52.0 56.0 58.0 58.0 84.0 88.0 88.0 88.0 88.0 88.0 88.0 100.0 100.0 100.0 100.0 104.0 104.0 104.0 104.0 104.0 104.0 104.0 
28.0 34.0 40.0 42.0 42.0 78.0 86.0 86.0 86.0 86.0 86.0 86.0 100.0 100.0 100.0 100.0 104.0 104.0 104.0 104.0 104.0 104.0 104.0 
12.0 22.0 26.0 26.0 68.0 76.0 76.0 80.0 80.0 80.0 80.0 94.0 94.0 96.0 96.0 100.0 100.0 100.0 100.0 100.0 100.0 100.0 
14.0 18.0 18.0 64.0 72.0 74.0 76.0 76.0 78.0 78.0 92.0 92.0 94.0 94.0 98.0 98.0 98.0 98.0 98.0 98.0 98.0 
14.0 14.0 60.0 70.0 72.0 74.0 74.0 76.0 76.0 92.0 92.0 92.0 92.0 96.0 96.0 96.0 96.0 96.0 96.0 96.0 
0.0 52.0 64.0 66.0 70.0 70.0 72.0 72.0 88.0 88.0 90.0 90.0 94.0 94.0 94.0 94.0 94.0 94.0 94.0 
52.0 64.0 66.0 70.0 70.0 72.0 72.0 88.0 88.0 90.0 90.0 94.0 94.0 94.0 94.0 94.0 94.0 94.0 
16.0 24.0 42.0 40.0 50.0 50.0 82.0 82.0 84.0 84.0 88.0 88.0 88.0 88.0 88.0 88.0 88.0 
10.0 30.0 28.0 40.0 40.0 74.0 76.0 78.0 78.0 82.0 82.0 82.0 82.0 82.0 82.0 82.0 
30.0 28.0 40.0 40.0 74.0 76.0 78.0 78.0 82.0 82.0 82.0 82.0 82.0 82.0 82.0 
10.0 34.0 34.0 72.0 74.0 76.0 76.0 80.0 80.0 80.0 80.0 80.0 80.0 80.0 
34.0 34.0 72.0 74.0 76.0 76.0 80.0 80.0 80.0 80.0 80.0 80.0 80.0 
6.0 58.0 70.0 72.0 72.0 76.0 76.0 76.0 76.0 76.0 76.0 78.0 
58.0 70.0 72.0 72.0 76.0 76.0 76.0 76.0 76.0 76.0 78.0 
20.0 32.0 36.0 58.0 58.0 64.0 64.0 62.0 62.0 64.0 
20.0 24.0 46.0 46.0 52.0 52.0 50.0 50.0 52.0 
4.0 30.0 28.0 34.0 34.0 32.0 32.0 34.0 
32.0 30.0 34.0 34.0 32.0 32.0 34.0 
8.0 18.0 20.0 18.0 18.0 24.0 
14.0 16.0 14.0 14.0 22.0 
4.0 8.0 8.0 18.0 
8.0 8.0 18.0 
4.0 14.0 
12.0 
