6.0 6.0 8.0 6.0 6.0 8.0 8.0 12.0 22.0 22.0 22.0 30.0 30.0 30.0 32.0 32.0 36.0 38.0 52.0 56.0 58.0 58.0 58.0 58.0 58.0 58.0 56.0 56.0 68.0 70.0 70.0 70.0 70.0 70.0 70.0 70.0 70.0 80.0 82.0 80.0 82.0 82.0 84.0 86.0 86.0 90.0 90.0 90.0 92.0 
4.0 4.0 4.0 6.0 6.0 6.0 10.0 20.0 20.0 20.0 28.0 28.0 28.0 30.0 30.0 34.0 40.0 52.0 56.0 58.0 58.0 58.0 58.0 58.0 58.0 60.0 60.0 68.0 70.0 70.0 70.0 70.0 70.0 70.0 70.0 70.0 82.0 82.0 82.0 84.0 84.0 86.0 88.0 88.0 92.0 92.0 92.0 92.0 
4.0 0.0 2.0 4.0 4.0 8.0 18.0 18.0 18.0 26.0 26.0 26.0 28.0 28.0 32.0 38.0 52.0 56.0 58.0 58.0 58.0 58.0 58.0 58.0 60.0 60.0 68.0 70.0 70.0 70.0 70.0 70.0 70.0 70.0 70.0 80.0 82.0 80.0 82.0 82.0 84.0 86.0 86.0 90.0 90.0 90.0 92.0 
4.0 6.0 4.0 4.0 8.0 20.0 20.0 20.0 28.0 28.0 28.0 30.0 30.0 34.0 40.0 52.0 56.0 58.0 58.0 58.0 58.0 58.0 58.0 60.0 60.0 68.0 70.0 70.0 70.0 70.0 70.0 70.0 70.0 70.0 82.0 82.0 82.0 84.0 84.0 86.0 88.0 88.0 92.0 92.0 92.0 92.0 
2.0 4.0 4.0 8.0 18.0 18.0 18.0 26.0 26.0 26.0 28.0 28.0 32.0 38.0 52.0 56.0 58.0 58.0 58.0 58.0 58.0 58.0 60.0 60.0 68.0 70.0 70.0 70.0 70.0 70.0 70.0 70.0 70.0 80.0 82.0 80.0 82.0 82.0 84.0 86.0 86.0 90.0 90.0 90.0 92.0 
6.0 6.0 10.0 20.0 20.0 20.0 28.0 28.0 28.0 30.0 30.0 34.0 40.0 54.0 58.0 60.0 60.0 60.0 60.0 60.0 60.0 60.0 60.0 68.0 70.0 70.0 70.0 70.0 70.0 70.0 70.0 70.0 80.0 82.0 80.0 82.0 82.0 84.0 86.0 86.0 90.0 90.0 90.0 92.0 
0.0 6.0 18.0 18.0 18.0 26.0 26.0 26.0 28.0 28.0 32.0 38.0 52.0 56.0 58.0 58.0 58.0 58.0 58.0 58.0 60.0 60.0 68.0 70.0 70.0 70.0 70.0 70.0 70.0 70.0 70.0 80.0 82.0 80.0 82.0 82.0 84.0 86.0 86.0 90.0 90.0 90.0 92.0 
6.0 18.0 18.0 18.0 26.0 26.0 26.0 28.0 28.0 32.0 38.0 52.0 56.0 58.0 58.0 58.0 58.0 58.0 58.0 60.0 60.0 68.0 70.0 70.0 70.0 70.0 70.0 70.0 70.0 70.0 80.0 82.0 80.0 82.0 82.0 84.0 86.0 86.0 90.0 90.0 90.0 92.0 
16.0 16.0 16.0 24.0 24.0 24.0 26.0 26.0 30.0 38.0 52.0 56.0 58.0 58.0 58.0 58.0 58.0 58.0 60.0 60.0 68.0 70.0 70.0 70.0 70.0 70.0 70.0 70.0 70.0 80.0 82.0 80.0 82.0 82.0 84.0 86.0 86.0 90.0 90.0 90.0 92.0 
0.0 0.0 14.0 18.0 18.0 20.0 20.0 24.0 34.0 50.0 54.0 56.0 58.0 58.0 58.0 58.0 58.0 60.0 60.0 68.0 70.0 70.0 70.0 70.0 70.0 70.0 70.0 70.0 80.0 82.0 80.0 82.0 82.0 84.0 86.0 86.0 90.0 90.0 90.0 92.0 
0.0 14.0 18.0 18.0 20.0 20.0 24.0 34.0 50.0 54.0 56.0 58.0 58.0 58.0 58.0 58.0 60.0 60.0 68.0 70.0 70.0 70.0 70.0 70.0 70.0 70.0 70.0 80.0 82.0 80.0 82.0 82.0 84.0 86.0 86.0 90.0 90.0 90.0 92.0 
14.0 18.0 18.0 20.0 20.0 24.0 34.0 50.0 54.0 56.0 58.0 58.0 58.0 58.0 58.0 60.0 60.0 68.0 70.0 70.0 70.0 70.0 70.0 70.0 70.0 70.0 80.0 82.0 80.0 82.0 82.0 84.0 86.0 86.0 90.0 90.0 90.0 92.0 
8.0 8.0 10.0 10.0 16.0 26.0 48.0 52.0 54.0 58.0 58.0 58.0 58.0 58.0 60.0 60.0 68.0 70.0 70.0 70.0 70.0 70.0 70.0 70.0 70.0 80.0 82.0 80.0 82.0 82.0 84.0 86.0 86.0 90.0 90.0 90.0 92.0 
2.0 4.0 6.0 12.0 24.0 48.0 52.0 54.0 58.0 58.0 58.0 58.0 58.0 60.0 60.0 68.0 70.0 70.0 70.0 70.0 70.0 70.0 70.0 70.0 80.0 82.0 80.0 82.0 82.0 84.0 86.0 86.0 90.0 90.0 90.0 92.0 
2.0 4.0 10.0 22.0 48.0 52.0 54.0 58.0 58.0 58.0 58.0 58.0 60.0 60.0 68.0 70.0 70.0 70.0 70.0 70.0 70.0 70.0 70.0 80.0 82.0 80.0 82.0 82.0 84.0 86.0 86.0 90.0 90.0 90.0 92.0 
2.0 8.0 22.0 48.0 52.0 54.0 58.0 58.0 58.0 58.0 58.0 60.0 60.0 68.0 70.0 70.0 70.0 70.0 70.0 70.0 70.0 70.0 80.0 82.0 80.0 82.0 82.0 84.0 86.0 86.0 90.0 90.0 90.0 92.0 
8.0 22.0 48.0 52.0 54.0 58.0 58.0 58.0 58.0 58.0 60.0 60.0 68.0 70.0 70.0 70.0 70.0 70.0 70.0 70.0 70.0 80.0 82.0 80.0 82.0 82.0 84.0 86.0 86.0 90.0 90.0 90.0 92.0 
22.0 48.0 52.0 54.0 58.0 58.0 58.0 58.0 58.0 60.0 60.0 68.0 70.0 70.0 70.0 70.0 70.0 70.0 70.0 70.0 80.0 82.0 80.0 82.0 82.0 84.0 86.0 86.0 90.0 90.0 90.0 92.0 
40.0 44.0 46.0 54.0 56.0 56.0 56.0 56.0 58.0 58.0 68.0 70.0 70.0 70.0 70.0 70.0 70.0 70.0 70.0 80.0 82.0 80.0 82.0 82.0 84.0 86.0 86.0 90.0 90.0 90.0 92.0 
10.0 16.0 34.0 38.0 38.0 42.0 42.0 44.0 46.0 62.0 66.0 66.0 66.0 66.0 66.0 66.0 66.0 66.0 80.0 80.0 80.0 82.0 82.0 84.0 86.0 86.0 92.0 92.0 92.0 92.0 
10.0 28.0 34.0 34.0 38.0 38.0 40.0 42.0 60.0 64.0 64.0 64.0 64.0 64.0 64.0 64.0 64.0 78.0 78.0 78.0 80.0 80.0 82.0 84.0 84.0 92.0 92.0 92.0 92.0 
22.0 30.0 28.0 34.0 34.0 36.0 38.0 56.0 60.0 60.0 60.0 62.0 60.0 60.0 60.0 60.0 76.0 76.0 76.0 78.0 78.0 80.0 82.0 82.0 90.0 90.0 92.0 92.0 
16.0 14.0 26.0 30.0 30.0 34.0 56.0 60.0 60.0 60.0 62.0 60.0 60.0 60.0 60.0 76.0 76.0 76.0 78.0 78.0 80.0 82.0 82.0 90.0 90.0 92.0 92.0 
4.0 16.0 20.0 24.0 26.0 52.0 60.0 60.0 60.0 62.0 60.0 60.0 60.0 60.0 76.0 76.0 76.0 78.0 78.0 80.0 82.0 82.0 90.0 90.0 92.0 92.0 
18.0 22.0 24.0 26.0 54.0 60.0 60.0 60.0 62.0 60.0 60.0 60.0 60.0 76.0 76.0 76.0 78.0 78.0 80.0 82.0 82.0 90.0 90.0 92.0 92.0 
8.0 14.0 16.0 50.0 58.0 58.0 58.0 60.0 58.0 58.0 58.0 58.0 76.0 74.0 76.0 78.0 78.0 80.0 82.0 82.0 90.0 90.0 92.0 92.0 
6.0 8.0 48.0 58.0 58.0 58.0 60.0 58.0 58.0 58.0 58.0 76.0 74.0 76.0 78.0 78.0 80.0 82.0 82.0 90.0 90.0 92.0 92.0 
4.0 50.0 58.0 58.0 58.0 60.0 58.0 58.0 58.0 58.0 76.0 74.0 76.0 78.0 78.0 80.0 82.0 82.0 90.0 90.0 92.0 92.0 
48.0 58.0 58.0 58.0 60.0 58.0 58.0 58.0 58.0 76.0 74.0 76.0 78.0 78.0 80.0 82.0 82.0 90.0 90.0 92.0 92.0 
26.0 34.0 34.0 36.0 32.0 38.0 40.0 38.0 64.0 62.0 64.0 70.0 70.0 74.0 78.0 78.0 86.0 86.0 88.0 88.0 
16.0 16.0 18.0 16.0 22.0 24.0 22.0 54.0 52.0 54.0 60.0 64.0 68.0 72.0 72.0 80.0 80.0 82.0 82.0 
16.0 20.0 20.0 14.0 16.0 14.0 54.0 52.0 54.0 60.0 64.0 68.0 72.0 72.0 80.0 80.0 82.0 82.0 
12.0 16.0 22.0 22.0 22.0 54.0 52.0 54.0 60.0 64.0 68.0 72.0 72.0 80.0 80.0 82.0 82.0 
14.0 20.0 22.0 20.0 54.0 50.0 54.0 60.0 64.0 68.0 72.0 72.0 80.0 80.0 82.0 82.0 
16.0 20.0 18.0 54.0 52.0 54.0 60.0 64.0 68.0 72.0 72.0 80.0 80.0 82.0 82.0 
6.0 6.0 54.0 52.0 54.0 60.0 64.0 68.0 72.0 72.0 80.0 80.0 82.0 82.0 
4.0 54.0 52.0 54.0 60.0 64.0 68.0 72.0 72.0 80.0 80.0 82.0 82.0 
54.0 52.0 54.0 60.0 64.0 68.0 72.0 72.0 80.0 80.0 82.0 82.0 
8.0 8.0 20.0 30.0 34.0 42.0 42.0 66.0 64.0 72.0 74.0 
8.0 22.0 32.0 36.0 44.0 44.0 68.0 66.0 74.0 74.0 
18.0 28.0 32.0 40.0 40.0 64.0 62.0 72.0 74.0 
20.0 28.0 36.0 36.0 60.0 58.0 66.0 68.0 
14.0 24.0 24.0 54.0 52.0 62.0 64.0 
16.0 16.0 46.0 44.0 54.0 56.0 
0.0 32.0 36.0 46.0 48.0 
32.0 36.0 46.0 48.0 
14.0 24.0 26.0 
22.0 24.0 
14.0 
