24.0 26.0 50.0 50.0 58.0 58.0 60.0 60.0 60.0 62.0 64.0 64.0 66.0 66.0 72.0 72.0 72.0 74.0 74.0 74.0 78.0 78.0 78.0 80.0 80.0 80.0 80.0 80.0 80.0 80.0 80.0 86.0 86.0 88.0 88.0 94.0 94.0 94.0 94.0 94.0 94.0 94.0 92.0 94.0 94.0 94.0 94.0 98.0 98.0 
2.0 28.0 28.0 46.0 44.0 46.0 46.0 46.0 52.0 52.0 52.0 54.0 54.0 60.0 60.0 60.0 66.0 66.0 66.0 70.0 70.0 70.0 72.0 72.0 76.0 76.0 76.0 76.0 76.0 78.0 84.0 84.0 90.0 90.0 96.0 96.0 96.0 96.0 96.0 96.0 96.0 98.0 98.0 98.0 98.0 98.0 102.0 102.0 
28.0 28.0 44.0 42.0 44.0 44.0 44.0 50.0 50.0 50.0 52.0 52.0 58.0 58.0 58.0 64.0 64.0 64.0 70.0 70.0 70.0 72.0 72.0 76.0 76.0 76.0 76.0 76.0 78.0 84.0 84.0 90.0 90.0 96.0 96.0 96.0 96.0 96.0 96.0 96.0 98.0 98.0 98.0 98.0 98.0 102.0 102.0 
14.0 44.0 42.0 44.0 44.0 44.0 50.0 50.0 50.0 54.0 54.0 60.0 60.0 60.0 66.0 66.0 66.0 70.0 70.0 70.0 72.0 72.0 76.0 76.0 76.0 76.0 76.0 78.0 84.0 84.0 90.0 90.0 96.0 96.0 96.0 96.0 96.0 96.0 96.0 98.0 98.0 98.0 98.0 98.0 102.0 102.0 
44.0 42.0 44.0 44.0 44.0 50.0 50.0 50.0 54.0 54.0 60.0 60.0 60.0 66.0 66.0 66.0 70.0 70.0 70.0 72.0 72.0 76.0 76.0 76.0 76.0 76.0 78.0 84.0 84.0 90.0 90.0 96.0 96.0 96.0 96.0 96.0 96.0 96.0 98.0 98.0 98.0 98.0 98.0 102.0 102.0 
8.0 10.0 10.0 10.0 14.0 18.0 18.0 34.0 36.0 42.0 42.0 42.0 54.0 54.0 54.0 64.0 64.0 64.0 66.0 66.0 70.0 70.0 70.0 72.0 72.0 74.0 82.0 82.0 88.0 88.0 94.0 94.0 94.0 96.0 96.0 96.0 96.0 98.0 98.0 98.0 98.0 98.0 100.0 100.0 
10.0 8.0 8.0 16.0 18.0 18.0 34.0 36.0 42.0 42.0 42.0 54.0 54.0 54.0 64.0 64.0 64.0 66.0 66.0 70.0 70.0 70.0 72.0 72.0 74.0 82.0 82.0 88.0 88.0 94.0 94.0 94.0 96.0 96.0 96.0 96.0 98.0 98.0 98.0 98.0 98.0 100.0 100.0 
2.0 2.0 10.0 12.0 16.0 34.0 36.0 42.0 42.0 42.0 54.0 54.0 54.0 64.0 64.0 64.0 66.0 66.0 70.0 70.0 70.0 72.0 72.0 74.0 82.0 82.0 88.0 88.0 94.0 94.0 94.0 96.0 96.0 96.0 96.0 98.0 98.0 98.0 98.0 98.0 100.0 100.0 
0.0 10.0 14.0 16.0 34.0 36.0 42.0 42.0 42.0 54.0 54.0 54.0 64.0 64.0 64.0 66.0 66.0 70.0 70.0 70.0 72.0 72.0 74.0 82.0 82.0 88.0 88.0 94.0 94.0 94.0 96.0 96.0 96.0 96.0 98.0 98.0 98.0 98.0 98.0 100.0 100.0 
10.0 14.0 16.0 34.0 36.0 42.0 42.0 42.0 54.0 54.0 54.0 64.0 64.0 64.0 66.0 66.0 70.0 70.0 70.0 72.0 72.0 74.0 82.0 82.0 88.0 88.0 94.0 94.0 94.0 96.0 96.0 96.0 96.0 98.0 98.0 98.0 98.0 98.0 100.0 100.0 
10.0 10.0 32.0 34.0 40.0 40.0 40.0 54.0 54.0 54.0 64.0 64.0 64.0 66.0 66.0 70.0 70.0 70.0 72.0 72.0 74.0 82.0 82.0 88.0 88.0 94.0 94.0 94.0 96.0 96.0 96.0 96.0 98.0 98.0 98.0 98.0 98.0 100.0 100.0 
4.0 24.0 26.0 32.0 32.0 32.0 54.0 54.0 54.0 64.0 64.0 64.0 66.0 66.0 70.0 70.0 70.0 72.0 72.0 74.0 82.0 82.0 88.0 88.0 94.0 94.0 94.0 96.0 96.0 96.0 96.0 98.0 98.0 98.0 98.0 98.0 100.0 100.0 
24.0 26.0 32.0 32.0 32.0 54.0 54.0 54.0 64.0 64.0 64.0 66.0 66.0 70.0 70.0 70.0 72.0 72.0 74.0 82.0 82.0 88.0 88.0 94.0 94.0 94.0 96.0 96.0 96.0 96.0 98.0 98.0 98.0 98.0 98.0 100.0 100.0 
2.0 22.0 28.0 28.0 54.0 54.0 54.0 64.0 64.0 64.0 66.0 66.0 70.0 70.0 70.0 72.0 72.0 74.0 82.0 82.0 88.0 88.0 94.0 94.0 94.0 96.0 96.0 96.0 96.0 98.0 98.0 98.0 98.0 98.0 100.0 100.0 
22.0 28.0 28.0 54.0 54.0 54.0 64.0 64.0 64.0 66.0 66.0 70.0 70.0 70.0 72.0 72.0 74.0 82.0 82.0 88.0 88.0 94.0 94.0 94.0 96.0 96.0 96.0 96.0 98.0 98.0 98.0 98.0 98.0 100.0 100.0 
8.0 8.0 50.0 50.0 50.0 60.0 60.0 60.0 62.0 62.0 68.0 68.0 68.0 70.0 70.0 72.0 80.0 80.0 86.0 86.0 92.0 92.0 92.0 94.0 94.0 94.0 94.0 96.0 96.0 96.0 96.0 96.0 98.0 98.0 
0.0 50.0 50.0 50.0 60.0 60.0 60.0 62.0 62.0 68.0 68.0 68.0 70.0 70.0 72.0 80.0 80.0 86.0 86.0 92.0 92.0 92.0 94.0 94.0 94.0 94.0 96.0 96.0 96.0 96.0 96.0 98.0 98.0 
50.0 50.0 50.0 60.0 60.0 60.0 62.0 62.0 68.0 68.0 68.0 70.0 70.0 72.0 80.0 80.0 86.0 86.0 92.0 92.0 92.0 94.0 94.0 94.0 94.0 96.0 96.0 96.0 96.0 96.0 98.0 98.0 
18.0 20.0 48.0 48.0 48.0 50.0 50.0 64.0 64.0 64.0 66.0 66.0 68.0 76.0 76.0 82.0 82.0 88.0 88.0 90.0 92.0 92.0 92.0 92.0 94.0 94.0 94.0 94.0 94.0 96.0 96.0 
10.0 42.0 42.0 40.0 42.0 44.0 58.0 58.0 60.0 62.0 60.0 64.0 76.0 76.0 82.0 82.0 88.0 88.0 90.0 92.0 92.0 92.0 92.0 94.0 94.0 94.0 94.0 94.0 96.0 96.0 
42.0 42.0 40.0 42.0 42.0 58.0 58.0 60.0 62.0 60.0 64.0 76.0 76.0 82.0 82.0 88.0 88.0 90.0 92.0 92.0 92.0 92.0 94.0 94.0 94.0 94.0 94.0 96.0 96.0 
2.0 4.0 6.0 18.0 42.0 42.0 40.0 42.0 48.0 58.0 70.0 70.0 80.0 80.0 86.0 86.0 88.0 90.0 90.0 90.0 90.0 92.0 92.0 92.0 92.0 92.0 96.0 96.0 
2.0 4.0 16.0 42.0 42.0 40.0 42.0 48.0 58.0 70.0 70.0 80.0 80.0 86.0 86.0 88.0 90.0 90.0 90.0 90.0 92.0 92.0 92.0 92.0 92.0 96.0 96.0 
2.0 14.0 40.0 40.0 42.0 44.0 46.0 58.0 70.0 70.0 80.0 80.0 86.0 86.0 88.0 90.0 90.0 90.0 90.0 92.0 92.0 92.0 92.0 92.0 96.0 96.0 
12.0 42.0 42.0 44.0 46.0 48.0 60.0 72.0 72.0 82.0 82.0 88.0 88.0 90.0 92.0 92.0 92.0 92.0 94.0 94.0 94.0 94.0 94.0 98.0 98.0 
38.0 40.0 42.0 44.0 44.0 60.0 72.0 72.0 82.0 82.0 88.0 88.0 90.0 92.0 92.0 92.0 92.0 94.0 94.0 94.0 94.0 94.0 98.0 98.0 
6.0 16.0 18.0 16.0 48.0 64.0 66.0 78.0 78.0 84.0 84.0 86.0 88.0 88.0 88.0 88.0 90.0 92.0 92.0 92.0 92.0 96.0 96.0 
16.0 18.0 16.0 48.0 64.0 66.0 78.0 78.0 84.0 84.0 86.0 88.0 88.0 88.0 88.0 90.0 92.0 92.0 92.0 92.0 96.0 96.0 
6.0 14.0 46.0 64.0 66.0 78.0 78.0 84.0 84.0 86.0 88.0 88.0 88.0 88.0 90.0 92.0 92.0 92.0 92.0 96.0 96.0 
12.0 44.0 62.0 64.0 76.0 76.0 82.0 82.0 84.0 88.0 88.0 88.0 88.0 90.0 92.0 92.0 92.0 92.0 98.0 98.0 
44.0 62.0 64.0 74.0 74.0 80.0 80.0 82.0 86.0 86.0 86.0 86.0 88.0 90.0 90.0 90.0 90.0 96.0 96.0 
30.0 48.0 64.0 64.0 70.0 70.0 74.0 78.0 78.0 78.0 80.0 82.0 84.0 84.0 84.0 84.0 90.0 90.0 
40.0 56.0 58.0 62.0 62.0 68.0 72.0 72.0 72.0 74.0 76.0 80.0 80.0 80.0 80.0 86.0 86.0 
50.0 56.0 60.0 60.0 66.0 70.0 70.0 70.0 70.0 72.0 78.0 80.0 80.0 80.0 86.0 86.0 
20.0 30.0 30.0 38.0 44.0 46.0 46.0 48.0 52.0 60.0 66.0 66.0 66.0 72.0 72.0 
28.0 28.0 34.0 40.0 42.0 42.0 44.0 48.0 56.0 64.0 64.0 64.0 70.0 70.0 
0.0 20.0 28.0 32.0 34.0 38.0 42.0 50.0 58.0 62.0 62.0 68.0 68.0 
20.0 28.0 32.0 34.0 38.0 42.0 50.0 58.0 62.0 62.0 68.0 68.0 
16.0 20.0 16.0 22.0 26.0 36.0 46.0 50.0 50.0 58.0 58.0 
10.0 12.0 18.0 22.0 36.0 44.0 50.0 50.0 58.0 58.0 
12.0 14.0 20.0 34.0 44.0 50.0 50.0 58.0 58.0 
10.0 14.0 32.0 42.0 48.0 48.0 56.0 56.0 
8.0 28.0 42.0 46.0 48.0 56.0 56.0 
24.0 40.0 42.0 46.0 54.0 54.0 
24.0 34.0 36.0 48.0 48.0 
22.0 18.0 48.0 48.0 
12.0 46.0 48.0 
40.0 46.0 
12.0 
