30.0 32.0 32.0 34.0 42.0 42.0 42.0 44.0 42.0 42.0 44.0 44.0 54.0 54.0 54.0 54.0 58.0 58.0 58.0 58.0 60.0 60.0 60.0 60.0 66.0 70.0 72.0 72.0 76.0 76.0 76.0 76.0 76.0 76.0 82.0 86.0 86.0 86.0 92.0 92.0 92.0 92.0 92.0 92.0 92.0 92.0 94.0 94.0 94.0 
2.0 2.0 12.0 20.0 20.0 20.0 22.0 22.0 36.0 38.0 38.0 46.0 46.0 46.0 46.0 50.0 50.0 50.0 50.0 52.0 52.0 52.0 52.0 60.0 64.0 70.0 70.0 74.0 74.0 74.0 74.0 74.0 74.0 80.0 84.0 84.0 84.0 94.0 94.0 94.0 94.0 94.0 94.0 94.0 94.0 96.0 96.0 96.0 
0.0 10.0 18.0 18.0 18.0 20.0 20.0 36.0 38.0 38.0 46.0 46.0 46.0 46.0 50.0 50.0 50.0 50.0 52.0 52.0 52.0 52.0 60.0 64.0 70.0 70.0 74.0 74.0 74.0 74.0 74.0 74.0 80.0 84.0 84.0 84.0 94.0 94.0 94.0 94.0 94.0 94.0 94.0 94.0 96.0 96.0 96.0 
10.0 18.0 18.0 18.0 20.0 20.0 36.0 38.0 38.0 46.0 46.0 46.0 46.0 50.0 50.0 50.0 50.0 52.0 52.0 52.0 52.0 60.0 64.0 70.0 70.0 74.0 74.0 74.0 74.0 74.0 74.0 80.0 84.0 84.0 84.0 94.0 94.0 94.0 94.0 94.0 94.0 94.0 94.0 96.0 96.0 96.0 
8.0 16.0 16.0 20.0 20.0 36.0 38.0 38.0 46.0 46.0 46.0 46.0 50.0 50.0 50.0 50.0 52.0 52.0 52.0 52.0 60.0 64.0 70.0 70.0 74.0 74.0 74.0 74.0 74.0 74.0 80.0 84.0 84.0 84.0 94.0 94.0 94.0 94.0 94.0 94.0 94.0 94.0 96.0 96.0 96.0 
12.0 12.0 16.0 16.0 36.0 38.0 38.0 46.0 46.0 46.0 46.0 50.0 50.0 50.0 50.0 52.0 52.0 52.0 52.0 60.0 64.0 70.0 70.0 74.0 74.0 74.0 74.0 74.0 74.0 80.0 84.0 84.0 84.0 94.0 94.0 94.0 94.0 94.0 94.0 94.0 94.0 96.0 96.0 96.0 
10.0 12.0 12.0 36.0 38.0 38.0 46.0 46.0 46.0 46.0 50.0 50.0 50.0 50.0 52.0 52.0 52.0 52.0 60.0 64.0 70.0 70.0 74.0 74.0 74.0 74.0 74.0 74.0 80.0 84.0 84.0 84.0 94.0 94.0 94.0 94.0 94.0 94.0 94.0 94.0 96.0 96.0 96.0 
6.0 8.0 36.0 38.0 38.0 46.0 46.0 46.0 46.0 50.0 50.0 50.0 50.0 52.0 52.0 52.0 52.0 60.0 64.0 70.0 70.0 74.0 74.0 74.0 74.0 74.0 74.0 80.0 84.0 84.0 84.0 94.0 94.0 94.0 94.0 94.0 94.0 94.0 94.0 96.0 96.0 96.0 
4.0 34.0 36.0 36.0 44.0 44.0 44.0 44.0 48.0 48.0 48.0 48.0 50.0 50.0 50.0 50.0 58.0 62.0 68.0 68.0 72.0 72.0 72.0 72.0 72.0 72.0 78.0 86.0 86.0 86.0 96.0 96.0 96.0 96.0 96.0 96.0 96.0 96.0 98.0 98.0 98.0 
34.0 36.0 36.0 44.0 44.0 44.0 44.0 48.0 48.0 48.0 48.0 50.0 50.0 50.0 50.0 58.0 62.0 68.0 68.0 72.0 72.0 72.0 72.0 72.0 72.0 78.0 86.0 86.0 86.0 96.0 96.0 96.0 96.0 96.0 96.0 96.0 96.0 98.0 98.0 98.0 
6.0 10.0 26.0 26.0 26.0 26.0 36.0 36.0 36.0 36.0 38.0 38.0 40.0 42.0 50.0 54.0 60.0 60.0 64.0 64.0 64.0 64.0 64.0 64.0 74.0 82.0 82.0 82.0 92.0 92.0 92.0 92.0 92.0 92.0 92.0 92.0 94.0 94.0 94.0 
4.0 28.0 28.0 28.0 28.0 36.0 36.0 36.0 36.0 38.0 38.0 40.0 42.0 50.0 54.0 60.0 60.0 64.0 64.0 64.0 64.0 64.0 64.0 74.0 82.0 82.0 82.0 92.0 92.0 92.0 92.0 92.0 92.0 92.0 92.0 94.0 94.0 94.0 
30.0 30.0 30.0 30.0 36.0 36.0 36.0 36.0 38.0 38.0 40.0 42.0 50.0 54.0 60.0 60.0 64.0 64.0 64.0 64.0 64.0 64.0 74.0 82.0 82.0 82.0 92.0 92.0 92.0 92.0 92.0 92.0 92.0 92.0 94.0 94.0 94.0 
0.0 2.0 4.0 20.0 22.0 22.0 24.0 30.0 30.0 32.0 34.0 44.0 48.0 54.0 54.0 62.0 62.0 62.0 62.0 62.0 62.0 72.0 80.0 80.0 80.0 90.0 90.0 90.0 90.0 90.0 90.0 90.0 90.0 92.0 92.0 92.0 
2.0 4.0 20.0 22.0 22.0 24.0 30.0 30.0 32.0 34.0 44.0 48.0 54.0 54.0 62.0 62.0 62.0 62.0 62.0 62.0 72.0 80.0 80.0 80.0 90.0 90.0 90.0 90.0 90.0 90.0 90.0 90.0 92.0 92.0 92.0 
2.0 20.0 22.0 22.0 24.0 30.0 30.0 32.0 34.0 44.0 48.0 54.0 54.0 62.0 62.0 62.0 62.0 62.0 62.0 72.0 80.0 80.0 80.0 90.0 90.0 90.0 90.0 90.0 90.0 90.0 90.0 92.0 92.0 92.0 
18.0 20.0 20.0 22.0 28.0 30.0 32.0 34.0 44.0 48.0 54.0 54.0 62.0 62.0 62.0 62.0 62.0 62.0 72.0 80.0 80.0 80.0 90.0 90.0 90.0 90.0 90.0 90.0 90.0 90.0 92.0 92.0 92.0 
2.0 2.0 6.0 16.0 18.0 26.0 28.0 38.0 42.0 48.0 48.0 58.0 58.0 58.0 58.0 58.0 58.0 68.0 78.0 78.0 78.0 88.0 88.0 88.0 88.0 88.0 88.0 88.0 88.0 90.0 90.0 90.0 
0.0 4.0 14.0 18.0 26.0 28.0 38.0 42.0 48.0 48.0 58.0 58.0 58.0 58.0 58.0 58.0 68.0 78.0 78.0 78.0 88.0 88.0 88.0 88.0 88.0 88.0 88.0 88.0 90.0 90.0 90.0 
4.0 14.0 18.0 26.0 28.0 38.0 42.0 48.0 48.0 58.0 58.0 58.0 58.0 58.0 58.0 68.0 78.0 78.0 78.0 88.0 88.0 88.0 88.0 88.0 88.0 88.0 88.0 90.0 90.0 90.0 
12.0 16.0 24.0 26.0 36.0 40.0 46.0 46.0 58.0 58.0 58.0 58.0 58.0 58.0 68.0 78.0 78.0 78.0 88.0 88.0 88.0 88.0 88.0 88.0 88.0 88.0 90.0 90.0 90.0 
10.0 18.0 22.0 30.0 36.0 42.0 42.0 58.0 58.0 58.0 58.0 58.0 58.0 68.0 78.0 78.0 78.0 88.0 88.0 88.0 88.0 88.0 88.0 88.0 88.0 90.0 90.0 90.0 
12.0 18.0 26.0 32.0 38.0 38.0 56.0 56.0 56.0 56.0 56.0 56.0 66.0 76.0 76.0 76.0 86.0 86.0 86.0 86.0 86.0 86.0 86.0 86.0 88.0 88.0 88.0 
10.0 16.0 26.0 30.0 30.0 54.0 54.0 56.0 56.0 56.0 56.0 66.0 76.0 76.0 76.0 86.0 84.0 84.0 84.0 84.0 86.0 86.0 86.0 88.0 88.0 88.0 
16.0 24.0 32.0 32.0 54.0 54.0 56.0 56.0 56.0 56.0 66.0 76.0 76.0 76.0 86.0 84.0 84.0 84.0 84.0 86.0 86.0 86.0 88.0 88.0 88.0 
10.0 18.0 18.0 48.0 48.0 50.0 50.0 50.0 50.0 60.0 70.0 70.0 70.0 80.0 78.0 78.0 78.0 78.0 84.0 84.0 84.0 88.0 88.0 88.0 
10.0 10.0 46.0 46.0 48.0 48.0 48.0 48.0 58.0 68.0 68.0 68.0 78.0 80.0 80.0 80.0 80.0 82.0 82.0 82.0 88.0 88.0 88.0 
0.0 38.0 38.0 40.0 40.0 40.0 40.0 56.0 66.0 66.0 66.0 78.0 80.0 80.0 80.0 80.0 82.0 82.0 82.0 88.0 88.0 88.0 
38.0 38.0 40.0 40.0 40.0 40.0 56.0 66.0 66.0 66.0 78.0 80.0 80.0 80.0 80.0 82.0 82.0 82.0 88.0 88.0 88.0 
8.0 22.0 20.0 22.0 24.0 46.0 60.0 60.0 60.0 76.0 80.0 80.0 80.0 80.0 82.0 82.0 82.0 88.0 88.0 88.0 
20.0 18.0 20.0 22.0 46.0 60.0 60.0 60.0 76.0 80.0 80.0 80.0 80.0 82.0 82.0 82.0 88.0 88.0 88.0 
6.0 8.0 4.0 44.0 58.0 58.0 60.0 74.0 80.0 80.0 80.0 80.0 82.0 82.0 82.0 88.0 88.0 88.0 
4.0 8.0 44.0 58.0 58.0 60.0 74.0 80.0 80.0 80.0 80.0 82.0 82.0 82.0 88.0 88.0 88.0 
6.0 44.0 58.0 58.0 60.0 74.0 80.0 80.0 80.0 80.0 82.0 82.0 82.0 88.0 88.0 88.0 
42.0 56.0 56.0 58.0 72.0 78.0 78.0 78.0 78.0 80.0 80.0 80.0 88.0 88.0 88.0 
42.0 40.0 44.0 66.0 76.0 76.0 76.0 76.0 80.0 80.0 80.0 88.0 88.0 88.0 
10.0 14.0 56.0 64.0 64.0 64.0 64.0 70.0 70.0 70.0 78.0 78.0 78.0 
12.0 54.0 62.0 62.0 62.0 62.0 70.0 70.0 70.0 78.0 78.0 78.0 
50.0 62.0 62.0 62.0 62.0 68.0 68.0 68.0 78.0 78.0 78.0 
24.0 24.0 26.0 30.0 46.0 46.0 46.0 58.0 58.0 58.0 
0.0 2.0 6.0 32.0 32.0 32.0 50.0 50.0 50.0 
2.0 6.0 32.0 32.0 32.0 50.0 50.0 50.0 
4.0 32.0 32.0 32.0 50.0 50.0 50.0 
28.0 28.0 28.0 50.0 50.0 50.0 
4.0 8.0 44.0 44.0 46.0 
4.0 40.0 42.0 44.0 
40.0 42.0 44.0 
2.0 4.0 
2.0 
