16.0 20.0 20.0 62.0 56.0 58.0 58.0 64.0 64.0 72.0 74.0 74.0 76.0 78.0 78.0 78.0 80.0 84.0 84.0 84.0 84.0 84.0 86.0 88.0 88.0 88.0 90.0 98.0 104.0 104.0 104.0 110.0 110.0 110.0 110.0 110.0 112.0 112.0 112.0 112.0 112.0 112.0 112.0 112.0 112.0 112.0 112.0 112.0 112.0 
4.0 16.0 56.0 60.0 42.0 42.0 48.0 48.0 60.0 62.0 62.0 64.0 66.0 66.0 66.0 68.0 76.0 76.0 76.0 76.0 76.0 78.0 80.0 80.0 82.0 84.0 94.0 100.0 100.0 100.0 108.0 108.0 108.0 108.0 108.0 110.0 110.0 110.0 114.0 114.0 114.0 114.0 114.0 114.0 114.0 114.0 114.0 114.0 
16.0 56.0 60.0 42.0 42.0 48.0 48.0 60.0 62.0 62.0 64.0 66.0 66.0 66.0 68.0 76.0 76.0 76.0 76.0 76.0 78.0 80.0 80.0 82.0 84.0 94.0 100.0 100.0 100.0 108.0 108.0 108.0 108.0 108.0 110.0 110.0 110.0 114.0 114.0 114.0 114.0 114.0 114.0 114.0 114.0 114.0 114.0 
52.0 52.0 44.0 44.0 52.0 52.0 66.0 68.0 68.0 70.0 72.0 72.0 72.0 74.0 76.0 76.0 76.0 76.0 76.0 78.0 80.0 80.0 82.0 84.0 94.0 100.0 100.0 100.0 106.0 106.0 106.0 106.0 106.0 108.0 108.0 108.0 112.0 114.0 114.0 114.0 114.0 114.0 114.0 114.0 114.0 114.0 
16.0 28.0 28.0 42.0 42.0 54.0 56.0 56.0 58.0 60.0 62.0 62.0 64.0 66.0 66.0 66.0 66.0 66.0 68.0 70.0 72.0 72.0 74.0 88.0 96.0 96.0 96.0 104.0 104.0 104.0 104.0 104.0 106.0 106.0 106.0 108.0 112.0 112.0 110.0 110.0 110.0 110.0 110.0 110.0 110.0 
32.0 32.0 48.0 48.0 58.0 60.0 60.0 62.0 64.0 66.0 66.0 68.0 72.0 72.0 72.0 72.0 72.0 74.0 76.0 78.0 78.0 80.0 90.0 98.0 98.0 98.0 104.0 104.0 104.0 104.0 104.0 106.0 106.0 106.0 108.0 112.0 112.0 110.0 110.0 110.0 110.0 110.0 110.0 110.0 
0.0 26.0 26.0 46.0 48.0 48.0 50.0 52.0 54.0 54.0 56.0 64.0 64.0 64.0 64.0 64.0 66.0 68.0 70.0 72.0 74.0 86.0 94.0 94.0 94.0 102.0 102.0 102.0 102.0 102.0 104.0 104.0 104.0 108.0 112.0 112.0 112.0 112.0 112.0 112.0 112.0 112.0 112.0 
26.0 26.0 46.0 48.0 48.0 50.0 52.0 54.0 54.0 56.0 64.0 64.0 64.0 64.0 64.0 66.0 68.0 70.0 72.0 74.0 86.0 94.0 94.0 94.0 102.0 102.0 102.0 102.0 102.0 104.0 104.0 104.0 108.0 112.0 112.0 112.0 112.0 112.0 112.0 112.0 112.0 112.0 
4.0 44.0 46.0 46.0 48.0 50.0 52.0 52.0 56.0 64.0 64.0 64.0 64.0 64.0 66.0 68.0 70.0 72.0 74.0 86.0 94.0 94.0 94.0 102.0 102.0 102.0 102.0 102.0 104.0 104.0 104.0 108.0 112.0 112.0 112.0 112.0 112.0 112.0 112.0 112.0 112.0 
44.0 46.0 46.0 48.0 50.0 52.0 52.0 56.0 64.0 64.0 64.0 64.0 64.0 66.0 68.0 70.0 72.0 74.0 86.0 94.0 94.0 94.0 102.0 102.0 102.0 102.0 102.0 104.0 104.0 104.0 108.0 112.0 112.0 112.0 112.0 112.0 112.0 112.0 112.0 112.0 
4.0 2.0 12.0 10.0 28.0 28.0 36.0 50.0 50.0 50.0 50.0 50.0 52.0 54.0 56.0 58.0 64.0 80.0 90.0 90.0 90.0 100.0 100.0 100.0 100.0 100.0 102.0 102.0 102.0 106.0 110.0 110.0 112.0 112.0 112.0 112.0 112.0 112.0 112.0 
2.0 8.0 10.0 26.0 26.0 34.0 48.0 48.0 48.0 48.0 48.0 50.0 52.0 54.0 56.0 62.0 78.0 88.0 88.0 88.0 100.0 100.0 100.0 100.0 100.0 102.0 102.0 102.0 106.0 110.0 110.0 112.0 112.0 112.0 112.0 112.0 112.0 112.0 
10.0 8.0 26.0 26.0 34.0 48.0 48.0 48.0 48.0 48.0 50.0 52.0 54.0 56.0 62.0 78.0 88.0 88.0 88.0 100.0 100.0 100.0 100.0 100.0 102.0 102.0 102.0 106.0 110.0 110.0 112.0 112.0 112.0 112.0 112.0 112.0 112.0 
6.0 22.0 18.0 32.0 46.0 46.0 46.0 46.0 46.0 48.0 52.0 54.0 56.0 60.0 76.0 86.0 86.0 86.0 98.0 98.0 98.0 98.0 98.0 100.0 100.0 100.0 104.0 110.0 110.0 112.0 112.0 112.0 112.0 112.0 112.0 112.0 
20.0 18.0 30.0 46.0 46.0 46.0 46.0 46.0 48.0 50.0 52.0 54.0 60.0 76.0 86.0 86.0 86.0 98.0 98.0 98.0 98.0 98.0 100.0 100.0 100.0 104.0 110.0 110.0 112.0 112.0 112.0 112.0 112.0 112.0 112.0 
4.0 12.0 40.0 40.0 40.0 40.0 40.0 42.0 48.0 52.0 54.0 60.0 76.0 86.0 86.0 86.0 98.0 98.0 98.0 98.0 98.0 100.0 100.0 100.0 104.0 110.0 110.0 112.0 112.0 112.0 112.0 112.0 112.0 112.0 
16.0 44.0 44.0 44.0 44.0 44.0 46.0 50.0 54.0 56.0 60.0 76.0 86.0 86.0 86.0 98.0 98.0 98.0 98.0 98.0 100.0 100.0 100.0 104.0 110.0 110.0 112.0 112.0 112.0 112.0 112.0 112.0 112.0 
34.0 34.0 34.0 34.0 36.0 38.0 46.0 50.0 52.0 58.0 74.0 84.0 84.0 84.0 96.0 96.0 96.0 96.0 96.0 100.0 100.0 100.0 104.0 110.0 110.0 112.0 112.0 112.0 112.0 112.0 112.0 112.0 
2.0 8.0 8.0 12.0 16.0 32.0 36.0 38.0 44.0 64.0 78.0 78.0 78.0 90.0 90.0 90.0 90.0 90.0 94.0 94.0 94.0 98.0 104.0 104.0 106.0 106.0 106.0 106.0 106.0 106.0 106.0 
6.0 6.0 12.0 16.0 32.0 36.0 38.0 44.0 64.0 78.0 78.0 78.0 90.0 90.0 90.0 90.0 90.0 94.0 94.0 94.0 98.0 104.0 104.0 106.0 106.0 106.0 106.0 106.0 106.0 106.0 
2.0 12.0 16.0 32.0 36.0 38.0 44.0 64.0 78.0 78.0 78.0 90.0 90.0 90.0 90.0 90.0 94.0 94.0 94.0 98.0 104.0 104.0 106.0 106.0 106.0 106.0 106.0 106.0 106.0 
12.0 16.0 32.0 36.0 38.0 44.0 64.0 78.0 78.0 78.0 90.0 90.0 90.0 90.0 90.0 94.0 94.0 94.0 98.0 104.0 104.0 106.0 106.0 106.0 106.0 106.0 106.0 106.0 
8.0 32.0 36.0 38.0 44.0 64.0 78.0 78.0 78.0 90.0 90.0 90.0 90.0 90.0 94.0 94.0 94.0 98.0 104.0 104.0 106.0 106.0 106.0 106.0 106.0 106.0 106.0 
32.0 38.0 40.0 46.0 64.0 78.0 78.0 78.0 90.0 90.0 90.0 90.0 90.0 94.0 94.0 94.0 98.0 104.0 104.0 106.0 106.0 106.0 106.0 106.0 106.0 106.0 
22.0 26.0 36.0 58.0 74.0 76.0 78.0 90.0 90.0 90.0 90.0 90.0 94.0 94.0 94.0 98.0 104.0 104.0 106.0 106.0 106.0 106.0 106.0 106.0 106.0 
6.0 26.0 58.0 74.0 76.0 78.0 90.0 90.0 90.0 90.0 90.0 94.0 94.0 94.0 98.0 104.0 104.0 106.0 106.0 106.0 106.0 106.0 106.0 106.0 
20.0 56.0 74.0 76.0 78.0 90.0 90.0 90.0 90.0 90.0 94.0 94.0 94.0 98.0 104.0 104.0 106.0 106.0 106.0 106.0 106.0 106.0 106.0 
54.0 74.0 76.0 78.0 90.0 90.0 90.0 90.0 90.0 94.0 94.0 94.0 98.0 104.0 104.0 106.0 106.0 106.0 106.0 106.0 106.0 106.0 
48.0 50.0 58.0 80.0 80.0 80.0 80.0 82.0 88.0 88.0 88.0 92.0 98.0 98.0 100.0 100.0 102.0 102.0 102.0 102.0 104.0 
8.0 36.0 58.0 58.0 58.0 58.0 64.0 70.0 70.0 70.0 80.0 86.0 86.0 88.0 88.0 90.0 90.0 90.0 90.0 92.0 
30.0 58.0 58.0 58.0 58.0 64.0 70.0 70.0 70.0 80.0 86.0 86.0 88.0 88.0 90.0 90.0 90.0 90.0 92.0 
44.0 44.0 44.0 44.0 58.0 64.0 64.0 64.0 78.0 84.0 84.0 86.0 86.0 88.0 88.0 88.0 88.0 90.0 
30.0 30.0 30.0 46.0 54.0 54.0 56.0 70.0 76.0 78.0 82.0 80.0 84.0 84.0 84.0 84.0 88.0 
12.0 10.0 40.0 54.0 54.0 56.0 70.0 76.0 78.0 82.0 80.0 84.0 84.0 84.0 84.0 88.0 
16.0 42.0 54.0 54.0 56.0 70.0 76.0 78.0 82.0 80.0 84.0 84.0 84.0 84.0 88.0 
40.0 54.0 54.0 56.0 70.0 76.0 78.0 82.0 80.0 84.0 84.0 84.0 84.0 88.0 
42.0 42.0 44.0 60.0 70.0 72.0 76.0 74.0 76.0 78.0 78.0 78.0 82.0 
8.0 10.0 42.0 54.0 60.0 70.0 68.0 70.0 74.0 74.0 74.0 78.0 
12.0 44.0 56.0 62.0 70.0 68.0 70.0 74.0 74.0 74.0 78.0 
42.0 54.0 60.0 70.0 66.0 68.0 72.0 72.0 72.0 76.0 
40.0 46.0 58.0 58.0 64.0 64.0 66.0 64.0 70.0 
34.0 54.0 54.0 60.0 60.0 62.0 60.0 66.0 
46.0 48.0 48.0 50.0 52.0 50.0 56.0 
8.0 22.0 34.0 34.0 32.0 46.0 
18.0 32.0 32.0 30.0 44.0 
28.0 26.0 28.0 38.0 
8.0 12.0 26.0 
8.0 20.0 
18.0 
