10.0 20.0 20.0 16.0 24.0 26.0 28.0 38.0 38.0 38.0 38.0 42.0 42.0 42.0 44.0 50.0 54.0 54.0 62.0 62.0 62.0 66.0 66.0 72.0 74.0 74.0 74.0 74.0 74.0 74.0 74.0 74.0 74.0 80.0 80.0 80.0 80.0 80.0 80.0 82.0 82.0 82.0 82.0 84.0 86.0 86.0 86.0 86.0 86.0 
18.0 18.0 18.0 22.0 24.0 26.0 36.0 36.0 36.0 36.0 40.0 40.0 40.0 42.0 48.0 52.0 52.0 60.0 60.0 60.0 64.0 64.0 72.0 74.0 74.0 74.0 74.0 74.0 74.0 74.0 74.0 74.0 80.0 80.0 80.0 80.0 80.0 80.0 82.0 82.0 82.0 82.0 84.0 86.0 86.0 86.0 86.0 86.0 
0.0 18.0 16.0 18.0 18.0 28.0 28.0 30.0 30.0 34.0 34.0 34.0 36.0 44.0 48.0 48.0 60.0 60.0 60.0 64.0 64.0 72.0 74.0 74.0 74.0 74.0 74.0 74.0 74.0 74.0 74.0 80.0 80.0 80.0 80.0 80.0 80.0 82.0 82.0 82.0 82.0 84.0 86.0 86.0 86.0 86.0 86.0 
18.0 16.0 18.0 18.0 28.0 28.0 30.0 30.0 34.0 34.0 34.0 36.0 44.0 48.0 48.0 60.0 60.0 60.0 64.0 64.0 72.0 74.0 74.0 74.0 74.0 74.0 74.0 74.0 74.0 74.0 80.0 80.0 80.0 80.0 80.0 80.0 82.0 82.0 82.0 82.0 84.0 86.0 86.0 86.0 86.0 86.0 
10.0 14.0 16.0 26.0 26.0 26.0 26.0 30.0 30.0 30.0 32.0 40.0 44.0 44.0 58.0 58.0 58.0 62.0 62.0 70.0 72.0 72.0 72.0 72.0 72.0 72.0 72.0 72.0 72.0 80.0 80.0 80.0 80.0 80.0 80.0 82.0 82.0 82.0 82.0 84.0 86.0 86.0 86.0 86.0 86.0 
8.0 14.0 24.0 24.0 26.0 26.0 30.0 30.0 30.0 32.0 40.0 44.0 44.0 58.0 58.0 58.0 62.0 62.0 70.0 72.0 72.0 72.0 72.0 72.0 72.0 72.0 72.0 72.0 80.0 80.0 80.0 80.0 80.0 80.0 82.0 82.0 82.0 82.0 84.0 86.0 86.0 86.0 86.0 86.0 
14.0 24.0 24.0 26.0 26.0 30.0 30.0 30.0 32.0 40.0 44.0 44.0 58.0 58.0 58.0 62.0 62.0 70.0 72.0 72.0 72.0 72.0 72.0 72.0 72.0 72.0 72.0 80.0 80.0 80.0 80.0 80.0 80.0 82.0 82.0 82.0 82.0 84.0 86.0 86.0 86.0 86.0 86.0 
16.0 18.0 20.0 20.0 28.0 28.0 28.0 30.0 38.0 44.0 44.0 58.0 58.0 58.0 62.0 62.0 70.0 72.0 72.0 72.0 72.0 72.0 72.0 72.0 72.0 72.0 80.0 80.0 80.0 80.0 80.0 80.0 82.0 82.0 82.0 82.0 84.0 86.0 86.0 86.0 86.0 86.0 
2.0 4.0 4.0 16.0 22.0 24.0 26.0 34.0 46.0 46.0 60.0 60.0 60.0 64.0 64.0 72.0 74.0 74.0 74.0 74.0 74.0 74.0 74.0 74.0 74.0 82.0 82.0 82.0 82.0 82.0 82.0 84.0 84.0 84.0 84.0 86.0 88.0 88.0 88.0 88.0 88.0 
2.0 2.0 16.0 22.0 24.0 26.0 34.0 46.0 46.0 60.0 60.0 60.0 64.0 64.0 72.0 74.0 74.0 74.0 74.0 74.0 74.0 74.0 74.0 74.0 82.0 82.0 82.0 82.0 82.0 82.0 84.0 84.0 84.0 84.0 86.0 88.0 88.0 88.0 88.0 88.0 
0.0 14.0 20.0 22.0 26.0 34.0 46.0 46.0 60.0 60.0 60.0 64.0 64.0 72.0 74.0 74.0 74.0 74.0 74.0 74.0 74.0 74.0 74.0 82.0 82.0 82.0 82.0 82.0 82.0 84.0 84.0 84.0 84.0 86.0 88.0 88.0 88.0 88.0 88.0 
14.0 20.0 22.0 26.0 34.0 46.0 46.0 60.0 60.0 60.0 64.0 64.0 72.0 74.0 74.0 74.0 74.0 74.0 74.0 74.0 74.0 74.0 82.0 82.0 82.0 82.0 82.0 82.0 84.0 84.0 84.0 84.0 86.0 88.0 88.0 88.0 88.0 88.0 
12.0 14.0 18.0 24.0 40.0 40.0 60.0 60.0 60.0 64.0 64.0 72.0 74.0 74.0 74.0 74.0 74.0 74.0 74.0 74.0 74.0 82.0 82.0 82.0 82.0 82.0 82.0 84.0 84.0 84.0 84.0 86.0 88.0 88.0 88.0 88.0 88.0 
8.0 12.0 22.0 40.0 40.0 60.0 60.0 60.0 64.0 64.0 72.0 74.0 74.0 74.0 74.0 74.0 74.0 74.0 74.0 74.0 82.0 82.0 82.0 82.0 82.0 82.0 84.0 84.0 84.0 84.0 86.0 88.0 88.0 88.0 88.0 88.0 
4.0 22.0 40.0 40.0 60.0 60.0 60.0 64.0 64.0 72.0 74.0 74.0 74.0 74.0 74.0 74.0 74.0 74.0 74.0 82.0 82.0 82.0 82.0 82.0 82.0 84.0 84.0 84.0 84.0 86.0 88.0 88.0 88.0 88.0 88.0 
18.0 40.0 40.0 60.0 60.0 60.0 64.0 64.0 72.0 74.0 74.0 74.0 74.0 74.0 74.0 74.0 74.0 74.0 82.0 82.0 82.0 82.0 82.0 82.0 84.0 84.0 84.0 84.0 86.0 88.0 88.0 88.0 88.0 88.0 
36.0 36.0 56.0 56.0 56.0 60.0 60.0 70.0 72.0 72.0 72.0 72.0 72.0 72.0 72.0 72.0 72.0 82.0 82.0 82.0 82.0 82.0 82.0 84.0 84.0 84.0 84.0 86.0 88.0 88.0 88.0 88.0 88.0 
8.0 50.0 54.0 54.0 58.0 58.0 66.0 70.0 70.0 70.0 70.0 70.0 70.0 70.0 70.0 70.0 78.0 78.0 78.0 78.0 78.0 78.0 80.0 80.0 80.0 80.0 82.0 84.0 84.0 84.0 84.0 84.0 
50.0 54.0 54.0 58.0 58.0 66.0 70.0 70.0 70.0 70.0 70.0 70.0 70.0 70.0 70.0 78.0 78.0 78.0 78.0 78.0 78.0 80.0 80.0 80.0 80.0 82.0 84.0 84.0 84.0 84.0 84.0 
20.0 20.0 30.0 32.0 44.0 46.0 48.0 50.0 50.0 50.0 50.0 50.0 52.0 52.0 66.0 66.0 66.0 70.0 70.0 70.0 72.0 72.0 72.0 72.0 74.0 76.0 76.0 76.0 76.0 76.0 
6.0 22.0 24.0 44.0 44.0 46.0 50.0 50.0 50.0 50.0 50.0 52.0 52.0 66.0 66.0 66.0 70.0 70.0 70.0 72.0 72.0 72.0 72.0 74.0 76.0 76.0 76.0 76.0 76.0 
22.0 24.0 44.0 44.0 46.0 50.0 50.0 50.0 50.0 50.0 52.0 52.0 66.0 66.0 66.0 70.0 70.0 70.0 72.0 72.0 72.0 72.0 74.0 76.0 76.0 76.0 76.0 76.0 
16.0 38.0 38.0 44.0 48.0 48.0 48.0 48.0 48.0 50.0 50.0 66.0 66.0 66.0 70.0 70.0 70.0 72.0 72.0 72.0 72.0 74.0 76.0 76.0 76.0 76.0 76.0 
38.0 38.0 42.0 46.0 46.0 46.0 48.0 46.0 48.0 50.0 66.0 66.0 66.0 70.0 70.0 70.0 72.0 72.0 72.0 72.0 74.0 76.0 76.0 76.0 76.0 76.0 
24.0 36.0 40.0 40.0 40.0 40.0 40.0 42.0 44.0 64.0 64.0 64.0 70.0 70.0 70.0 72.0 72.0 72.0 72.0 74.0 76.0 76.0 76.0 76.0 76.0 
18.0 30.0 32.0 30.0 30.0 32.0 34.0 36.0 58.0 58.0 58.0 64.0 64.0 64.0 66.0 66.0 70.0 70.0 74.0 76.0 76.0 76.0 76.0 76.0 
16.0 16.0 14.0 16.0 14.0 18.0 22.0 56.0 56.0 56.0 62.0 62.0 62.0 64.0 64.0 68.0 68.0 72.0 74.0 74.0 74.0 74.0 74.0 
4.0 2.0 4.0 6.0 6.0 20.0 54.0 54.0 54.0 60.0 60.0 60.0 62.0 62.0 68.0 68.0 72.0 74.0 74.0 74.0 74.0 74.0 
2.0 4.0 2.0 2.0 16.0 54.0 54.0 54.0 60.0 60.0 60.0 62.0 62.0 68.0 68.0 72.0 74.0 74.0 74.0 74.0 74.0 
2.0 4.0 4.0 18.0 54.0 54.0 54.0 60.0 60.0 60.0 62.0 62.0 68.0 68.0 72.0 74.0 74.0 74.0 74.0 74.0 
6.0 6.0 16.0 54.0 54.0 54.0 60.0 60.0 60.0 62.0 62.0 68.0 68.0 72.0 74.0 74.0 74.0 74.0 74.0 
4.0 18.0 54.0 54.0 54.0 60.0 60.0 60.0 62.0 62.0 68.0 68.0 72.0 74.0 74.0 74.0 74.0 74.0 
14.0 54.0 54.0 54.0 60.0 60.0 60.0 62.0 62.0 68.0 68.0 72.0 74.0 74.0 74.0 74.0 74.0 
42.0 46.0 46.0 54.0 54.0 54.0 56.0 56.0 64.0 64.0 68.0 70.0 70.0 70.0 70.0 70.0 
10.0 18.0 28.0 26.0 32.0 40.0 42.0 50.0 54.0 58.0 62.0 62.0 62.0 62.0 62.0 
8.0 22.0 22.0 30.0 36.0 38.0 46.0 50.0 56.0 60.0 60.0 60.0 60.0 60.0 
16.0 22.0 30.0 34.0 36.0 44.0 48.0 56.0 60.0 60.0 60.0 60.0 60.0 
10.0 24.0 34.0 36.0 44.0 48.0 56.0 60.0 60.0 60.0 60.0 60.0 
20.0 34.0 36.0 44.0 48.0 56.0 60.0 60.0 60.0 60.0 60.0 
28.0 34.0 44.0 48.0 54.0 58.0 60.0 60.0 60.0 60.0 
20.0 36.0 40.0 50.0 52.0 56.0 56.0 56.0 56.0 
30.0 34.0 50.0 52.0 56.0 56.0 56.0 56.0 
12.0 34.0 40.0 42.0 40.0 40.0 40.0 
30.0 32.0 40.0 38.0 38.0 38.0 
26.0 32.0 34.0 34.0 32.0 
24.0 26.0 28.0 30.0 
8.0 16.0 18.0 
8.0 10.0 
4.0 
