22.0 32.0 32.0 30.0 30.0 34.0 36.0 36.0 36.0 36.0 38.0 50.0 52.0 52.0 52.0 52.0 52.0 52.0 52.0 52.0 54.0 64.0 66.0 68.0 68.0 74.0 74.0 78.0 78.0 78.0 78.0 82.0 86.0 86.0 86.0 86.0 88.0 90.0 92.0 92.0 92.0 96.0 98.0 98.0 98.0 100.0 100.0 100.0 100.0 
12.0 12.0 16.0 16.0 20.0 22.0 22.0 22.0 22.0 26.0 40.0 42.0 42.0 44.0 44.0 44.0 44.0 44.0 44.0 46.0 56.0 68.0 70.0 70.0 76.0 76.0 80.0 80.0 80.0 80.0 84.0 88.0 88.0 88.0 88.0 90.0 92.0 94.0 94.0 94.0 98.0 100.0 100.0 100.0 102.0 102.0 102.0 102.0 
0.0 4.0 4.0 8.0 10.0 10.0 12.0 12.0 20.0 40.0 42.0 42.0 44.0 44.0 44.0 44.0 44.0 44.0 46.0 56.0 68.0 70.0 70.0 76.0 76.0 80.0 80.0 80.0 80.0 84.0 88.0 88.0 88.0 88.0 90.0 92.0 94.0 94.0 94.0 98.0 100.0 100.0 100.0 102.0 102.0 102.0 102.0 
4.0 4.0 8.0 10.0 10.0 12.0 12.0 20.0 40.0 42.0 42.0 44.0 44.0 44.0 44.0 44.0 44.0 46.0 56.0 68.0 70.0 70.0 76.0 76.0 80.0 80.0 80.0 80.0 84.0 88.0 88.0 88.0 88.0 90.0 92.0 94.0 94.0 94.0 98.0 100.0 100.0 100.0 102.0 102.0 102.0 102.0 
0.0 10.0 12.0 12.0 14.0 14.0 22.0 40.0 42.0 42.0 44.0 44.0 44.0 44.0 44.0 44.0 46.0 56.0 68.0 70.0 70.0 76.0 76.0 80.0 80.0 80.0 80.0 84.0 88.0 88.0 88.0 88.0 90.0 92.0 94.0 94.0 94.0 98.0 100.0 100.0 100.0 102.0 102.0 102.0 102.0 
10.0 12.0 12.0 14.0 14.0 22.0 40.0 42.0 42.0 44.0 44.0 44.0 44.0 44.0 44.0 46.0 56.0 68.0 70.0 70.0 76.0 76.0 80.0 80.0 80.0 80.0 84.0 88.0 88.0 88.0 88.0 90.0 92.0 94.0 94.0 94.0 98.0 100.0 100.0 100.0 102.0 102.0 102.0 102.0 
2.0 2.0 4.0 4.0 14.0 40.0 42.0 42.0 44.0 44.0 44.0 44.0 44.0 44.0 46.0 56.0 68.0 70.0 70.0 76.0 76.0 80.0 80.0 80.0 80.0 84.0 88.0 88.0 88.0 88.0 90.0 92.0 94.0 94.0 94.0 98.0 100.0 100.0 100.0 102.0 102.0 102.0 102.0 
0.0 4.0 4.0 14.0 40.0 42.0 42.0 44.0 44.0 44.0 44.0 44.0 44.0 46.0 56.0 68.0 70.0 70.0 76.0 76.0 80.0 80.0 80.0 80.0 84.0 88.0 88.0 88.0 88.0 90.0 92.0 94.0 94.0 94.0 98.0 100.0 100.0 100.0 102.0 102.0 102.0 102.0 
4.0 4.0 14.0 40.0 42.0 42.0 44.0 44.0 44.0 44.0 44.0 44.0 46.0 56.0 68.0 70.0 70.0 76.0 76.0 80.0 80.0 80.0 80.0 84.0 88.0 88.0 88.0 88.0 90.0 92.0 94.0 94.0 94.0 98.0 100.0 100.0 100.0 102.0 102.0 102.0 102.0 
2.0 12.0 40.0 42.0 42.0 44.0 44.0 44.0 44.0 44.0 44.0 46.0 56.0 68.0 70.0 70.0 76.0 76.0 80.0 80.0 80.0 80.0 84.0 88.0 88.0 88.0 88.0 90.0 92.0 94.0 94.0 94.0 98.0 100.0 100.0 100.0 102.0 102.0 102.0 102.0 
10.0 40.0 42.0 42.0 44.0 44.0 44.0 44.0 44.0 44.0 46.0 56.0 68.0 70.0 70.0 76.0 76.0 80.0 80.0 80.0 80.0 84.0 88.0 88.0 88.0 88.0 90.0 92.0 94.0 94.0 94.0 98.0 100.0 100.0 100.0 102.0 102.0 102.0 102.0 
38.0 40.0 40.0 44.0 44.0 44.0 44.0 44.0 44.0 46.0 56.0 68.0 70.0 70.0 76.0 76.0 80.0 80.0 80.0 80.0 84.0 88.0 88.0 88.0 88.0 90.0 92.0 94.0 94.0 94.0 98.0 100.0 100.0 100.0 102.0 102.0 102.0 102.0 
10.0 8.0 18.0 20.0 22.0 22.0 22.0 22.0 26.0 36.0 60.0 62.0 62.0 70.0 70.0 74.0 74.0 74.0 74.0 78.0 84.0 84.0 84.0 84.0 86.0 88.0 90.0 90.0 90.0 94.0 96.0 96.0 96.0 98.0 98.0 98.0 98.0 
4.0 18.0 18.0 22.0 22.0 22.0 22.0 26.0 36.0 60.0 62.0 62.0 70.0 70.0 74.0 74.0 74.0 74.0 78.0 84.0 84.0 84.0 84.0 86.0 88.0 90.0 90.0 90.0 94.0 96.0 96.0 96.0 98.0 98.0 98.0 98.0 
14.0 18.0 20.0 20.0 20.0 20.0 24.0 34.0 60.0 62.0 62.0 70.0 70.0 74.0 74.0 74.0 74.0 78.0 84.0 84.0 84.0 84.0 86.0 88.0 90.0 90.0 90.0 94.0 96.0 96.0 96.0 98.0 98.0 98.0 98.0 
6.0 8.0 8.0 6.0 10.0 20.0 30.0 60.0 62.0 62.0 70.0 70.0 74.0 74.0 74.0 74.0 78.0 84.0 84.0 84.0 84.0 86.0 88.0 90.0 90.0 90.0 94.0 96.0 96.0 96.0 98.0 98.0 98.0 98.0 
4.0 4.0 6.0 10.0 20.0 30.0 60.0 62.0 62.0 70.0 70.0 74.0 74.0 74.0 74.0 78.0 84.0 84.0 84.0 84.0 86.0 88.0 90.0 90.0 90.0 94.0 96.0 96.0 96.0 98.0 98.0 98.0 98.0 
0.0 2.0 6.0 16.0 26.0 60.0 62.0 62.0 70.0 70.0 74.0 74.0 74.0 74.0 78.0 84.0 84.0 84.0 84.0 86.0 88.0 90.0 90.0 90.0 94.0 96.0 96.0 96.0 98.0 98.0 98.0 98.0 
2.0 6.0 16.0 26.0 60.0 62.0 62.0 70.0 70.0 74.0 74.0 74.0 74.0 78.0 84.0 84.0 84.0 84.0 86.0 88.0 90.0 90.0 90.0 94.0 96.0 96.0 96.0 98.0 98.0 98.0 98.0 
4.0 16.0 26.0 60.0 62.0 62.0 70.0 70.0 74.0 74.0 74.0 74.0 78.0 84.0 84.0 84.0 84.0 86.0 88.0 90.0 90.0 90.0 94.0 96.0 96.0 96.0 98.0 98.0 98.0 98.0 
12.0 22.0 60.0 62.0 62.0 70.0 70.0 74.0 74.0 74.0 74.0 78.0 84.0 84.0 84.0 84.0 86.0 88.0 90.0 90.0 90.0 94.0 96.0 96.0 96.0 98.0 98.0 98.0 98.0 
10.0 56.0 58.0 58.0 68.0 68.0 72.0 72.0 72.0 74.0 78.0 84.0 84.0 84.0 84.0 86.0 88.0 90.0 90.0 90.0 94.0 96.0 96.0 96.0 98.0 98.0 98.0 98.0 
56.0 56.0 56.0 66.0 66.0 72.0 72.0 72.0 74.0 78.0 84.0 84.0 84.0 84.0 86.0 88.0 90.0 90.0 90.0 94.0 96.0 96.0 96.0 98.0 98.0 98.0 98.0 
12.0 12.0 34.0 34.0 48.0 50.0 50.0 52.0 60.0 66.0 66.0 68.0 70.0 74.0 80.0 84.0 84.0 84.0 88.0 90.0 90.0 90.0 92.0 92.0 92.0 92.0 
0.0 30.0 30.0 46.0 48.0 48.0 50.0 58.0 64.0 64.0 66.0 68.0 72.0 78.0 82.0 82.0 82.0 86.0 88.0 88.0 88.0 92.0 92.0 92.0 92.0 
30.0 30.0 46.0 48.0 48.0 50.0 58.0 64.0 64.0 66.0 68.0 72.0 78.0 82.0 82.0 82.0 86.0 88.0 88.0 88.0 92.0 92.0 92.0 92.0 
0.0 38.0 40.0 42.0 42.0 52.0 60.0 60.0 62.0 64.0 68.0 74.0 82.0 82.0 82.0 86.0 88.0 88.0 88.0 92.0 92.0 92.0 92.0 
38.0 40.0 42.0 42.0 52.0 60.0 60.0 62.0 64.0 68.0 74.0 82.0 82.0 82.0 86.0 88.0 88.0 88.0 92.0 92.0 92.0 92.0 
14.0 16.0 16.0 34.0 50.0 50.0 52.0 58.0 62.0 68.0 74.0 74.0 74.0 78.0 80.0 80.0 80.0 86.0 86.0 86.0 86.0 
4.0 10.0 34.0 50.0 50.0 52.0 58.0 62.0 68.0 74.0 74.0 74.0 78.0 80.0 80.0 80.0 86.0 86.0 86.0 86.0 
12.0 34.0 50.0 50.0 52.0 58.0 62.0 68.0 74.0 74.0 74.0 78.0 80.0 80.0 80.0 86.0 86.0 86.0 86.0 
34.0 50.0 50.0 52.0 58.0 62.0 68.0 74.0 74.0 74.0 78.0 80.0 80.0 80.0 86.0 86.0 86.0 86.0 
30.0 34.0 40.0 46.0 54.0 60.0 70.0 70.0 70.0 74.0 76.0 76.0 76.0 82.0 82.0 82.0 82.0 
20.0 26.0 32.0 42.0 48.0 62.0 62.0 62.0 66.0 70.0 70.0 70.0 76.0 76.0 76.0 76.0 
20.0 28.0 38.0 44.0 60.0 60.0 60.0 64.0 68.0 68.0 68.0 76.0 76.0 76.0 76.0 
16.0 30.0 34.0 50.0 50.0 52.0 54.0 58.0 58.0 58.0 68.0 68.0 68.0 68.0 
22.0 30.0 50.0 50.0 48.0 54.0 58.0 58.0 58.0 70.0 70.0 70.0 70.0 
14.0 40.0 42.0 40.0 48.0 52.0 54.0 54.0 66.0 68.0 68.0 68.0 
34.0 36.0 38.0 42.0 48.0 50.0 50.0 66.0 68.0 68.0 68.0 
10.0 14.0 38.0 44.0 46.0 46.0 62.0 66.0 66.0 66.0 
12.0 36.0 42.0 44.0 44.0 60.0 66.0 66.0 66.0 
36.0 42.0 44.0 44.0 60.0 66.0 66.0 66.0 
38.0 40.0 40.0 60.0 66.0 66.0 66.0 
14.0 14.0 38.0 50.0 50.0 50.0 
0.0 24.0 36.0 36.0 36.0 
24.0 36.0 36.0 36.0 
14.0 14.0 14.0 
0.0 0.0 
0.0 
