20.0 26.0 26.0 26.0 32.0 38.0 38.0 42.0 42.0 42.0 42.0 44.0 44.0 44.0 44.0 44.0 50.0 54.0 54.0 56.0 58.0 56.0 56.0 56.0 56.0 56.0 56.0 66.0 66.0 66.0 66.0 72.0 72.0 72.0 72.0 72.0 72.0 78.0 84.0 84.0 84.0 88.0 92.0 92.0 92.0 92.0 94.0 94.0 94.0 
10.0 8.0 10.0 14.0 24.0 24.0 28.0 28.0 28.0 28.0 30.0 30.0 30.0 30.0 30.0 40.0 48.0 48.0 50.0 52.0 52.0 52.0 52.0 52.0 52.0 52.0 64.0 64.0 64.0 64.0 72.0 72.0 72.0 72.0 72.0 72.0 78.0 84.0 84.0 84.0 88.0 96.0 96.0 96.0 96.0 98.0 98.0 98.0 
4.0 8.0 16.0 24.0 24.0 28.0 28.0 28.0 28.0 30.0 30.0 30.0 30.0 30.0 40.0 48.0 48.0 50.0 52.0 52.0 52.0 52.0 52.0 52.0 52.0 64.0 64.0 64.0 64.0 72.0 72.0 72.0 72.0 72.0 72.0 78.0 84.0 84.0 84.0 88.0 96.0 96.0 96.0 96.0 98.0 98.0 98.0 
8.0 12.0 24.0 24.0 28.0 28.0 28.0 28.0 30.0 30.0 30.0 30.0 30.0 40.0 48.0 48.0 50.0 52.0 52.0 52.0 52.0 52.0 52.0 52.0 64.0 64.0 64.0 64.0 72.0 72.0 72.0 72.0 72.0 72.0 78.0 84.0 84.0 84.0 88.0 96.0 96.0 96.0 96.0 98.0 98.0 98.0 
10.0 24.0 24.0 28.0 28.0 28.0 28.0 30.0 30.0 30.0 30.0 30.0 40.0 48.0 48.0 50.0 52.0 52.0 52.0 52.0 52.0 52.0 52.0 64.0 64.0 64.0 64.0 72.0 72.0 72.0 72.0 72.0 72.0 78.0 84.0 84.0 84.0 88.0 96.0 96.0 96.0 96.0 98.0 98.0 98.0 
22.0 22.0 30.0 30.0 30.0 30.0 30.0 30.0 30.0 30.0 30.0 40.0 48.0 48.0 50.0 52.0 52.0 52.0 52.0 52.0 52.0 52.0 64.0 64.0 64.0 64.0 72.0 72.0 72.0 72.0 72.0 72.0 78.0 84.0 84.0 84.0 88.0 96.0 96.0 96.0 96.0 98.0 98.0 98.0 
12.0 26.0 26.0 26.0 26.0 26.0 26.0 26.0 26.0 26.0 36.0 44.0 44.0 46.0 50.0 52.0 52.0 52.0 52.0 52.0 52.0 64.0 64.0 64.0 64.0 72.0 72.0 72.0 72.0 72.0 72.0 78.0 84.0 84.0 84.0 88.0 96.0 96.0 96.0 96.0 98.0 98.0 98.0 
16.0 16.0 16.0 16.0 16.0 16.0 16.0 16.0 16.0 26.0 44.0 44.0 46.0 50.0 52.0 52.0 52.0 52.0 52.0 52.0 64.0 64.0 64.0 64.0 72.0 72.0 72.0 72.0 72.0 72.0 78.0 84.0 84.0 84.0 88.0 96.0 96.0 96.0 96.0 98.0 98.0 98.0 
2.0 2.0 0.0 8.0 8.0 8.0 8.0 8.0 18.0 40.0 40.0 42.0 48.0 52.0 52.0 52.0 52.0 52.0 52.0 64.0 64.0 64.0 64.0 72.0 72.0 72.0 72.0 72.0 72.0 78.0 84.0 84.0 84.0 88.0 96.0 96.0 96.0 96.0 98.0 98.0 98.0 
0.0 2.0 8.0 8.0 8.0 8.0 8.0 18.0 40.0 40.0 42.0 48.0 52.0 52.0 52.0 52.0 52.0 52.0 64.0 64.0 64.0 64.0 72.0 72.0 72.0 72.0 72.0 72.0 78.0 84.0 84.0 84.0 88.0 96.0 96.0 96.0 96.0 98.0 98.0 98.0 
2.0 8.0 8.0 8.0 8.0 8.0 18.0 40.0 40.0 42.0 48.0 52.0 52.0 52.0 52.0 52.0 52.0 64.0 64.0 64.0 64.0 72.0 72.0 72.0 72.0 72.0 72.0 78.0 84.0 84.0 84.0 88.0 96.0 96.0 96.0 96.0 98.0 98.0 98.0 
8.0 8.0 8.0 8.0 8.0 18.0 40.0 40.0 42.0 48.0 52.0 52.0 52.0 52.0 52.0 52.0 64.0 64.0 64.0 64.0 72.0 72.0 72.0 72.0 72.0 72.0 78.0 84.0 84.0 84.0 88.0 96.0 96.0 96.0 96.0 98.0 98.0 98.0 
0.0 0.0 0.0 0.0 16.0 38.0 38.0 40.0 46.0 50.0 50.0 50.0 50.0 52.0 52.0 64.0 64.0 64.0 64.0 72.0 72.0 72.0 72.0 72.0 72.0 78.0 84.0 84.0 84.0 88.0 96.0 96.0 96.0 96.0 98.0 98.0 98.0 
0.0 0.0 0.0 16.0 38.0 38.0 40.0 46.0 50.0 50.0 50.0 50.0 52.0 52.0 64.0 64.0 64.0 64.0 72.0 72.0 72.0 72.0 72.0 72.0 78.0 84.0 84.0 84.0 88.0 96.0 96.0 96.0 96.0 98.0 98.0 98.0 
0.0 0.0 16.0 38.0 38.0 40.0 46.0 50.0 50.0 50.0 50.0 52.0 52.0 64.0 64.0 64.0 64.0 72.0 72.0 72.0 72.0 72.0 72.0 78.0 84.0 84.0 84.0 88.0 96.0 96.0 96.0 96.0 98.0 98.0 98.0 
0.0 16.0 38.0 38.0 40.0 46.0 50.0 50.0 50.0 50.0 52.0 52.0 64.0 64.0 64.0 64.0 72.0 72.0 72.0 72.0 72.0 72.0 78.0 84.0 84.0 84.0 88.0 96.0 96.0 96.0 96.0 98.0 98.0 98.0 
16.0 38.0 38.0 40.0 46.0 50.0 50.0 50.0 50.0 52.0 52.0 64.0 64.0 64.0 64.0 72.0 72.0 72.0 72.0 72.0 72.0 78.0 84.0 84.0 84.0 88.0 96.0 96.0 96.0 96.0 98.0 98.0 98.0 
32.0 32.0 34.0 40.0 44.0 44.0 44.0 44.0 46.0 46.0 64.0 64.0 64.0 64.0 72.0 72.0 72.0 72.0 72.0 72.0 78.0 84.0 84.0 84.0 88.0 96.0 96.0 96.0 96.0 98.0 98.0 98.0 
0.0 4.0 18.0 24.0 24.0 24.0 24.0 26.0 26.0 62.0 62.0 62.0 62.0 70.0 70.0 70.0 70.0 70.0 70.0 76.0 82.0 82.0 82.0 86.0 94.0 94.0 94.0 94.0 96.0 96.0 96.0 
4.0 18.0 24.0 24.0 24.0 24.0 26.0 26.0 62.0 62.0 62.0 62.0 70.0 70.0 70.0 70.0 70.0 70.0 76.0 82.0 82.0 82.0 86.0 94.0 94.0 94.0 94.0 96.0 96.0 96.0 
14.0 20.0 22.0 22.0 22.0 24.0 24.0 60.0 60.0 60.0 60.0 68.0 68.0 68.0 68.0 68.0 68.0 76.0 82.0 82.0 82.0 86.0 94.0 94.0 94.0 94.0 96.0 96.0 96.0 
14.0 18.0 20.0 20.0 22.0 22.0 58.0 58.0 58.0 58.0 66.0 66.0 66.0 66.0 66.0 66.0 74.0 80.0 80.0 80.0 84.0 92.0 92.0 92.0 92.0 94.0 94.0 94.0 
6.0 10.0 16.0 18.0 18.0 54.0 54.0 54.0 54.0 62.0 62.0 62.0 62.0 62.0 62.0 70.0 76.0 76.0 76.0 80.0 90.0 90.0 90.0 90.0 92.0 92.0 92.0 
8.0 12.0 14.0 14.0 52.0 54.0 54.0 54.0 62.0 62.0 62.0 62.0 62.0 62.0 70.0 76.0 76.0 76.0 80.0 90.0 90.0 90.0 90.0 92.0 92.0 92.0 
8.0 10.0 10.0 48.0 54.0 54.0 54.0 62.0 62.0 62.0 62.0 62.0 62.0 70.0 76.0 76.0 76.0 80.0 90.0 90.0 90.0 90.0 92.0 92.0 92.0 
2.0 2.0 48.0 54.0 54.0 54.0 62.0 62.0 62.0 62.0 62.0 62.0 70.0 76.0 76.0 76.0 80.0 90.0 90.0 90.0 90.0 92.0 92.0 92.0 
0.0 46.0 54.0 54.0 54.0 62.0 62.0 62.0 62.0 62.0 62.0 70.0 76.0 76.0 76.0 80.0 90.0 90.0 90.0 90.0 92.0 92.0 92.0 
46.0 54.0 54.0 54.0 62.0 62.0 62.0 62.0 62.0 62.0 70.0 76.0 76.0 76.0 80.0 90.0 90.0 90.0 90.0 92.0 92.0 92.0 
18.0 28.0 18.0 48.0 48.0 46.0 50.0 48.0 50.0 64.0 76.0 76.0 76.0 80.0 88.0 90.0 90.0 90.0 92.0 92.0 92.0 
14.0 8.0 38.0 38.0 36.0 42.0 40.0 42.0 56.0 68.0 68.0 68.0 74.0 82.0 84.0 84.0 84.0 86.0 88.0 88.0 
12.0 38.0 38.0 36.0 42.0 40.0 42.0 56.0 68.0 68.0 68.0 74.0 82.0 84.0 84.0 84.0 86.0 88.0 88.0 
38.0 38.0 36.0 42.0 40.0 42.0 56.0 68.0 68.0 68.0 74.0 82.0 84.0 84.0 84.0 86.0 88.0 88.0 
10.0 8.0 20.0 20.0 24.0 40.0 54.0 54.0 54.0 68.0 78.0 82.0 82.0 82.0 84.0 86.0 86.0 
6.0 18.0 20.0 24.0 40.0 54.0 54.0 54.0 68.0 78.0 82.0 82.0 82.0 84.0 86.0 86.0 
18.0 20.0 24.0 40.0 54.0 54.0 54.0 68.0 78.0 82.0 82.0 82.0 84.0 86.0 86.0 
16.0 14.0 34.0 48.0 46.0 46.0 64.0 74.0 80.0 80.0 80.0 82.0 86.0 86.0 
12.0 30.0 44.0 48.0 48.0 64.0 74.0 80.0 80.0 80.0 82.0 86.0 86.0 
28.0 42.0 46.0 46.0 62.0 74.0 80.0 80.0 80.0 82.0 86.0 86.0 
16.0 32.0 34.0 52.0 68.0 74.0 74.0 74.0 76.0 80.0 80.0 
20.0 22.0 46.0 66.0 68.0 68.0 68.0 70.0 74.0 74.0 
6.0 42.0 64.0 70.0 70.0 70.0 72.0 76.0 76.0 
40.0 62.0 70.0 70.0 70.0 72.0 76.0 76.0 
44.0 64.0 62.0 60.0 60.0 68.0 68.0 
42.0 42.0 40.0 40.0 56.0 56.0 
8.0 8.0 10.0 34.0 34.0 
2.0 6.0 34.0 34.0 
4.0 34.0 34.0 
34.0 34.0 
6.0 
