16.0 16.0 24.0 20.0 26.0 30.0 30.0 28.0 28.0 28.0 28.0 28.0 34.0 44.0 44.0 46.0 46.0 46.0 46.0 46.0 46.0 50.0 50.0 52.0 52.0 56.0 56.0 58.0 66.0 66.0 74.0 74.0 74.0 74.0 76.0 76.0 76.0 76.0 76.0 76.0 80.0 80.0 80.0 80.0 80.0 82.0 82.0 82.0 82.0 
0.0 12.0 16.0 16.0 20.0 20.0 18.0 18.0 18.0 20.0 22.0 32.0 44.0 44.0 46.0 46.0 46.0 46.0 48.0 48.0 52.0 52.0 52.0 52.0 56.0 56.0 58.0 66.0 66.0 74.0 74.0 74.0 74.0 76.0 76.0 76.0 76.0 76.0 76.0 80.0 80.0 80.0 80.0 80.0 82.0 82.0 82.0 82.0 
12.0 16.0 16.0 20.0 20.0 18.0 18.0 18.0 20.0 22.0 32.0 44.0 44.0 46.0 46.0 46.0 46.0 48.0 48.0 52.0 52.0 52.0 52.0 56.0 56.0 58.0 66.0 66.0 74.0 74.0 74.0 74.0 76.0 76.0 76.0 76.0 76.0 76.0 80.0 80.0 80.0 80.0 80.0 82.0 82.0 82.0 82.0 
6.0 8.0 14.0 14.0 14.0 14.0 14.0 16.0 18.0 28.0 38.0 38.0 40.0 40.0 42.0 42.0 44.0 44.0 48.0 48.0 48.0 48.0 52.0 52.0 54.0 62.0 62.0 70.0 70.0 70.0 70.0 72.0 72.0 72.0 72.0 72.0 72.0 76.0 76.0 76.0 76.0 76.0 78.0 78.0 78.0 78.0 
12.0 18.0 18.0 16.0 16.0 16.0 20.0 22.0 28.0 36.0 36.0 38.0 38.0 40.0 40.0 42.0 42.0 46.0 46.0 48.0 48.0 52.0 52.0 54.0 62.0 62.0 70.0 70.0 70.0 70.0 72.0 72.0 72.0 72.0 72.0 72.0 76.0 76.0 76.0 76.0 76.0 78.0 78.0 78.0 78.0 
6.0 6.0 8.0 8.0 8.0 12.0 14.0 28.0 38.0 38.0 40.0 40.0 42.0 42.0 44.0 44.0 48.0 48.0 48.0 48.0 52.0 52.0 54.0 62.0 62.0 70.0 70.0 70.0 70.0 72.0 72.0 72.0 72.0 72.0 72.0 76.0 76.0 76.0 76.0 76.0 78.0 78.0 78.0 78.0 
0.0 8.0 8.0 8.0 12.0 14.0 28.0 38.0 38.0 40.0 40.0 42.0 42.0 44.0 44.0 48.0 48.0 48.0 48.0 52.0 52.0 54.0 62.0 62.0 70.0 70.0 70.0 70.0 72.0 72.0 72.0 72.0 72.0 72.0 76.0 76.0 76.0 76.0 76.0 78.0 78.0 78.0 78.0 
8.0 8.0 8.0 12.0 14.0 28.0 38.0 38.0 40.0 40.0 42.0 42.0 44.0 44.0 48.0 48.0 48.0 48.0 52.0 52.0 54.0 62.0 62.0 70.0 70.0 70.0 70.0 72.0 72.0 72.0 72.0 72.0 72.0 76.0 76.0 76.0 76.0 76.0 78.0 78.0 78.0 78.0 
0.0 0.0 6.0 10.0 22.0 40.0 40.0 42.0 42.0 42.0 42.0 44.0 44.0 48.0 48.0 48.0 48.0 52.0 52.0 54.0 62.0 62.0 70.0 70.0 70.0 70.0 72.0 72.0 72.0 72.0 72.0 72.0 76.0 76.0 76.0 76.0 76.0 78.0 78.0 78.0 78.0 
0.0 6.0 10.0 22.0 40.0 40.0 42.0 42.0 42.0 42.0 44.0 44.0 48.0 48.0 48.0 48.0 52.0 52.0 54.0 62.0 62.0 70.0 70.0 70.0 70.0 72.0 72.0 72.0 72.0 72.0 72.0 76.0 76.0 76.0 76.0 76.0 78.0 78.0 78.0 78.0 
6.0 10.0 22.0 40.0 40.0 42.0 42.0 42.0 42.0 44.0 44.0 48.0 48.0 48.0 48.0 52.0 52.0 54.0 62.0 62.0 70.0 70.0 70.0 70.0 72.0 72.0 72.0 72.0 72.0 72.0 76.0 76.0 76.0 76.0 76.0 78.0 78.0 78.0 78.0 
6.0 22.0 40.0 40.0 42.0 42.0 42.0 42.0 44.0 44.0 48.0 48.0 48.0 48.0 52.0 52.0 54.0 62.0 62.0 70.0 70.0 70.0 70.0 72.0 72.0 72.0 72.0 72.0 72.0 76.0 76.0 76.0 76.0 76.0 78.0 78.0 78.0 78.0 
20.0 38.0 38.0 40.0 40.0 40.0 40.0 44.0 44.0 48.0 48.0 48.0 48.0 52.0 52.0 54.0 62.0 62.0 70.0 70.0 70.0 70.0 72.0 72.0 72.0 72.0 72.0 72.0 76.0 76.0 76.0 76.0 76.0 78.0 78.0 78.0 78.0 
34.0 34.0 36.0 36.0 36.0 36.0 40.0 40.0 48.0 48.0 48.0 48.0 52.0 52.0 54.0 62.0 62.0 70.0 70.0 70.0 70.0 72.0 72.0 72.0 72.0 72.0 72.0 76.0 76.0 76.0 76.0 76.0 78.0 78.0 78.0 78.0 
0.0 4.0 4.0 12.0 12.0 16.0 16.0 32.0 32.0 38.0 38.0 48.0 48.0 52.0 58.0 58.0 68.0 68.0 68.0 68.0 72.0 72.0 72.0 72.0 72.0 72.0 76.0 76.0 76.0 76.0 76.0 78.0 78.0 78.0 78.0 
4.0 4.0 12.0 12.0 16.0 16.0 32.0 32.0 38.0 38.0 48.0 48.0 52.0 58.0 58.0 68.0 68.0 68.0 68.0 72.0 72.0 72.0 72.0 72.0 72.0 76.0 76.0 76.0 76.0 76.0 78.0 78.0 78.0 78.0 
2.0 12.0 12.0 16.0 16.0 32.0 32.0 38.0 38.0 48.0 50.0 54.0 58.0 58.0 68.0 68.0 68.0 68.0 72.0 72.0 72.0 72.0 72.0 72.0 76.0 76.0 76.0 76.0 76.0 78.0 78.0 78.0 78.0 
12.0 12.0 16.0 16.0 32.0 32.0 38.0 38.0 48.0 50.0 54.0 58.0 58.0 68.0 68.0 68.0 68.0 72.0 72.0 72.0 72.0 72.0 72.0 76.0 76.0 76.0 76.0 76.0 78.0 78.0 78.0 78.0 
0.0 4.0 4.0 22.0 22.0 28.0 30.0 42.0 46.0 50.0 58.0 58.0 68.0 68.0 68.0 68.0 72.0 72.0 72.0 72.0 72.0 72.0 76.0 76.0 76.0 76.0 76.0 78.0 78.0 78.0 78.0 
4.0 4.0 22.0 22.0 28.0 30.0 42.0 46.0 50.0 58.0 58.0 68.0 68.0 68.0 68.0 72.0 72.0 72.0 72.0 72.0 72.0 76.0 76.0 76.0 76.0 76.0 78.0 78.0 78.0 78.0 
0.0 18.0 18.0 24.0 26.0 38.0 42.0 46.0 54.0 54.0 64.0 64.0 64.0 64.0 68.0 68.0 68.0 68.0 68.0 68.0 72.0 72.0 76.0 76.0 76.0 78.0 78.0 78.0 78.0 
18.0 18.0 24.0 26.0 38.0 42.0 46.0 54.0 54.0 64.0 64.0 64.0 64.0 68.0 68.0 68.0 68.0 68.0 68.0 72.0 72.0 76.0 76.0 76.0 78.0 78.0 78.0 78.0 
0.0 14.0 18.0 30.0 36.0 40.0 52.0 52.0 62.0 62.0 62.0 62.0 66.0 66.0 66.0 66.0 66.0 66.0 70.0 70.0 74.0 74.0 74.0 76.0 76.0 76.0 76.0 
14.0 18.0 30.0 36.0 40.0 52.0 52.0 62.0 62.0 62.0 62.0 66.0 66.0 66.0 66.0 66.0 66.0 70.0 70.0 74.0 74.0 74.0 76.0 76.0 76.0 76.0 
10.0 28.0 32.0 38.0 50.0 50.0 62.0 62.0 62.0 62.0 66.0 66.0 66.0 66.0 66.0 66.0 70.0 70.0 74.0 74.0 74.0 76.0 76.0 76.0 76.0 
28.0 30.0 38.0 48.0 48.0 60.0 60.0 60.0 60.0 66.0 66.0 66.0 66.0 66.0 66.0 70.0 70.0 74.0 74.0 74.0 76.0 76.0 76.0 76.0 
10.0 16.0 40.0 40.0 52.0 52.0 52.0 52.0 60.0 60.0 60.0 60.0 60.0 60.0 64.0 64.0 68.0 68.0 68.0 70.0 70.0 70.0 70.0 
8.0 36.0 36.0 50.0 50.0 50.0 50.0 58.0 58.0 58.0 58.0 58.0 58.0 64.0 64.0 68.0 68.0 68.0 70.0 70.0 70.0 70.0 
36.0 36.0 52.0 52.0 52.0 52.0 58.0 58.0 58.0 58.0 58.0 58.0 64.0 64.0 68.0 68.0 68.0 70.0 70.0 70.0 70.0 
4.0 30.0 30.0 32.0 32.0 48.0 48.0 50.0 50.0 50.0 50.0 58.0 58.0 62.0 62.0 62.0 64.0 64.0 64.0 66.0 
30.0 30.0 32.0 32.0 48.0 48.0 50.0 50.0 50.0 50.0 58.0 58.0 62.0 62.0 62.0 64.0 64.0 64.0 66.0 
2.0 10.0 10.0 38.0 38.0 40.0 40.0 40.0 40.0 52.0 52.0 56.0 56.0 56.0 60.0 60.0 60.0 64.0 
8.0 8.0 38.0 38.0 40.0 40.0 40.0 40.0 52.0 52.0 56.0 56.0 56.0 60.0 60.0 60.0 64.0 
0.0 32.0 32.0 34.0 34.0 36.0 36.0 52.0 52.0 56.0 56.0 56.0 60.0 60.0 60.0 64.0 
32.0 32.0 34.0 34.0 36.0 36.0 52.0 52.0 56.0 56.0 56.0 60.0 60.0 60.0 64.0 
0.0 14.0 22.0 24.0 24.0 40.0 42.0 54.0 54.0 54.0 58.0 58.0 58.0 62.0 
14.0 22.0 24.0 24.0 40.0 42.0 54.0 54.0 54.0 58.0 58.0 58.0 62.0 
14.0 16.0 16.0 32.0 36.0 46.0 48.0 48.0 52.0 52.0 54.0 58.0 
2.0 2.0 30.0 24.0 46.0 48.0 48.0 52.0 52.0 54.0 58.0 
0.0 30.0 24.0 46.0 48.0 48.0 52.0 52.0 54.0 58.0 
30.0 24.0 46.0 48.0 48.0 52.0 52.0 54.0 58.0 
8.0 26.0 28.0 28.0 34.0 34.0 38.0 44.0 
24.0 26.0 26.0 32.0 32.0 36.0 42.0 
2.0 6.0 12.0 12.0 14.0 28.0 
6.0 12.0 12.0 14.0 28.0 
6.0 6.0 16.0 26.0 
0.0 12.0 22.0 
12.0 22.0 
24.0 
