18.0 34.0 30.0 34.0 30.0 38.0 38.0 42.0 40.0 40.0 42.0 42.0 42.0 42.0 42.0 48.0 48.0 48.0 58.0 62.0 62.0 62.0 74.0 74.0 74.0 74.0 74.0 74.0 74.0 74.0 74.0 74.0 74.0 74.0 86.0 90.0 92.0 92.0 94.0 96.0 98.0 100.0 102.0 102.0 102.0 102.0 100.0 100.0 100.0 
16.0 12.0 16.0 12.0 20.0 20.0 24.0 22.0 22.0 24.0 24.0 24.0 26.0 26.0 36.0 36.0 36.0 46.0 50.0 50.0 50.0 66.0 66.0 66.0 66.0 70.0 70.0 70.0 70.0 72.0 72.0 74.0 74.0 84.0 88.0 90.0 94.0 96.0 98.0 100.0 102.0 104.0 104.0 104.0 104.0 106.0 106.0 106.0 
8.0 16.0 14.0 24.0 24.0 26.0 26.0 26.0 26.0 26.0 26.0 28.0 28.0 38.0 38.0 38.0 48.0 52.0 52.0 52.0 66.0 66.0 66.0 66.0 70.0 70.0 70.0 70.0 72.0 72.0 74.0 74.0 84.0 88.0 90.0 94.0 96.0 98.0 100.0 102.0 104.0 104.0 104.0 104.0 106.0 106.0 106.0 
16.0 12.0 24.0 24.0 26.0 26.0 26.0 26.0 26.0 26.0 28.0 28.0 38.0 38.0 38.0 48.0 52.0 52.0 52.0 66.0 66.0 66.0 66.0 70.0 70.0 70.0 70.0 72.0 72.0 74.0 74.0 84.0 88.0 90.0 94.0 96.0 98.0 100.0 102.0 104.0 104.0 104.0 104.0 106.0 106.0 106.0 
12.0 20.0 20.0 24.0 24.0 24.0 26.0 26.0 26.0 28.0 28.0 38.0 38.0 38.0 48.0 52.0 52.0 52.0 66.0 66.0 66.0 66.0 70.0 70.0 70.0 70.0 72.0 72.0 74.0 74.0 84.0 88.0 90.0 94.0 96.0 98.0 100.0 102.0 104.0 104.0 104.0 104.0 106.0 106.0 106.0 
22.0 22.0 26.0 24.0 24.0 26.0 26.0 26.0 28.0 28.0 38.0 38.0 38.0 48.0 52.0 52.0 52.0 66.0 66.0 66.0 66.0 70.0 70.0 70.0 70.0 72.0 72.0 74.0 74.0 84.0 88.0 90.0 94.0 96.0 98.0 100.0 102.0 104.0 104.0 104.0 104.0 106.0 106.0 106.0 
2.0 6.0 14.0 14.0 22.0 22.0 22.0 24.0 24.0 34.0 34.0 34.0 44.0 48.0 48.0 48.0 66.0 66.0 66.0 66.0 70.0 70.0 70.0 70.0 72.0 72.0 74.0 74.0 84.0 88.0 90.0 94.0 96.0 98.0 100.0 102.0 104.0 104.0 104.0 104.0 106.0 106.0 106.0 
4.0 12.0 12.0 20.0 20.0 20.0 22.0 22.0 34.0 34.0 34.0 44.0 48.0 48.0 48.0 66.0 66.0 66.0 66.0 70.0 70.0 70.0 70.0 72.0 72.0 74.0 74.0 84.0 88.0 90.0 94.0 96.0 98.0 100.0 102.0 104.0 104.0 104.0 104.0 106.0 106.0 106.0 
12.0 12.0 18.0 18.0 18.0 22.0 22.0 34.0 34.0 34.0 44.0 48.0 48.0 48.0 66.0 66.0 66.0 66.0 70.0 70.0 70.0 70.0 72.0 72.0 74.0 74.0 84.0 88.0 90.0 94.0 96.0 98.0 100.0 102.0 104.0 104.0 104.0 104.0 106.0 106.0 106.0 
0.0 12.0 20.0 20.0 22.0 22.0 34.0 34.0 34.0 44.0 48.0 48.0 48.0 66.0 66.0 66.0 66.0 70.0 70.0 70.0 70.0 72.0 72.0 74.0 74.0 84.0 88.0 90.0 94.0 96.0 98.0 100.0 102.0 104.0 104.0 104.0 104.0 106.0 106.0 106.0 
12.0 20.0 20.0 22.0 22.0 34.0 34.0 34.0 44.0 48.0 48.0 48.0 66.0 66.0 66.0 66.0 70.0 70.0 70.0 70.0 72.0 72.0 74.0 74.0 84.0 88.0 90.0 94.0 96.0 98.0 100.0 102.0 104.0 104.0 104.0 104.0 106.0 106.0 106.0 
10.0 12.0 16.0 16.0 34.0 34.0 34.0 44.0 48.0 48.0 48.0 66.0 66.0 66.0 66.0 70.0 70.0 70.0 70.0 72.0 72.0 74.0 74.0 84.0 88.0 90.0 94.0 96.0 98.0 100.0 102.0 104.0 104.0 104.0 104.0 106.0 106.0 106.0 
4.0 12.0 12.0 32.0 32.0 32.0 42.0 46.0 46.0 46.0 64.0 64.0 64.0 64.0 68.0 68.0 68.0 68.0 70.0 70.0 72.0 72.0 82.0 86.0 88.0 92.0 94.0 96.0 98.0 100.0 102.0 102.0 102.0 102.0 104.0 104.0 104.0 
8.0 8.0 30.0 30.0 30.0 40.0 46.0 46.0 46.0 64.0 64.0 64.0 64.0 68.0 68.0 68.0 68.0 70.0 70.0 72.0 72.0 82.0 86.0 88.0 92.0 94.0 96.0 98.0 100.0 102.0 102.0 102.0 102.0 104.0 104.0 104.0 
0.0 30.0 30.0 30.0 40.0 46.0 46.0 46.0 64.0 64.0 64.0 64.0 68.0 68.0 68.0 68.0 70.0 70.0 72.0 72.0 82.0 86.0 88.0 92.0 94.0 96.0 98.0 100.0 102.0 102.0 102.0 102.0 104.0 104.0 104.0 
30.0 30.0 30.0 40.0 46.0 46.0 46.0 64.0 64.0 64.0 64.0 68.0 68.0 68.0 68.0 70.0 70.0 72.0 72.0 82.0 86.0 88.0 92.0 94.0 96.0 98.0 100.0 102.0 102.0 102.0 102.0 104.0 104.0 104.0 
2.0 10.0 30.0 36.0 38.0 38.0 62.0 62.0 62.0 62.0 66.0 66.0 66.0 66.0 68.0 68.0 70.0 70.0 82.0 86.0 88.0 92.0 94.0 96.0 98.0 100.0 102.0 102.0 102.0 102.0 104.0 104.0 104.0 
8.0 30.0 36.0 38.0 38.0 62.0 62.0 62.0 62.0 66.0 66.0 66.0 66.0 68.0 68.0 70.0 70.0 82.0 86.0 88.0 92.0 94.0 96.0 98.0 100.0 102.0 102.0 102.0 102.0 104.0 104.0 104.0 
30.0 36.0 38.0 38.0 62.0 62.0 62.0 62.0 66.0 66.0 66.0 66.0 68.0 68.0 70.0 70.0 82.0 86.0 88.0 92.0 94.0 96.0 98.0 100.0 102.0 102.0 102.0 102.0 104.0 104.0 104.0 
18.0 20.0 20.0 54.0 56.0 56.0 56.0 60.0 60.0 60.0 60.0 62.0 62.0 64.0 66.0 80.0 84.0 86.0 90.0 92.0 94.0 96.0 98.0 100.0 100.0 100.0 100.0 102.0 102.0 102.0 
6.0 10.0 48.0 50.0 50.0 50.0 56.0 56.0 56.0 56.0 56.0 56.0 58.0 60.0 78.0 82.0 84.0 88.0 90.0 92.0 94.0 96.0 100.0 100.0 100.0 100.0 102.0 102.0 102.0 
8.0 46.0 48.0 48.0 48.0 54.0 54.0 54.0 54.0 54.0 54.0 56.0 58.0 76.0 80.0 84.0 88.0 90.0 92.0 94.0 96.0 100.0 100.0 100.0 100.0 102.0 102.0 102.0 
46.0 48.0 48.0 48.0 54.0 54.0 54.0 54.0 54.0 54.0 56.0 58.0 76.0 80.0 84.0 88.0 90.0 92.0 94.0 96.0 100.0 100.0 100.0 100.0 102.0 102.0 102.0 
20.0 16.0 20.0 38.0 40.0 40.0 40.0 44.0 42.0 44.0 46.0 72.0 76.0 80.0 84.0 88.0 90.0 92.0 94.0 100.0 100.0 100.0 100.0 102.0 102.0 102.0 
6.0 14.0 42.0 40.0 40.0 40.0 44.0 44.0 44.0 46.0 72.0 74.0 78.0 82.0 86.0 88.0 90.0 92.0 100.0 100.0 100.0 100.0 102.0 102.0 102.0 
10.0 38.0 40.0 40.0 40.0 44.0 44.0 44.0 46.0 72.0 74.0 78.0 82.0 86.0 88.0 90.0 92.0 100.0 100.0 100.0 100.0 102.0 102.0 102.0 
34.0 36.0 36.0 36.0 40.0 40.0 40.0 42.0 68.0 74.0 78.0 82.0 86.0 88.0 90.0 92.0 98.0 98.0 98.0 98.0 100.0 100.0 100.0 
14.0 16.0 16.0 36.0 34.0 38.0 40.0 64.0 70.0 76.0 80.0 84.0 86.0 88.0 90.0 96.0 96.0 96.0 96.0 98.0 98.0 98.0 
6.0 6.0 34.0 32.0 36.0 38.0 64.0 70.0 76.0 80.0 84.0 86.0 88.0 90.0 96.0 96.0 96.0 96.0 98.0 98.0 98.0 
2.0 34.0 32.0 36.0 38.0 64.0 70.0 76.0 80.0 84.0 86.0 88.0 90.0 96.0 96.0 96.0 96.0 98.0 98.0 98.0 
32.0 30.0 34.0 36.0 64.0 70.0 76.0 80.0 84.0 86.0 88.0 90.0 96.0 96.0 96.0 96.0 98.0 98.0 98.0 
2.0 14.0 18.0 58.0 66.0 70.0 74.0 80.0 84.0 86.0 88.0 94.0 94.0 94.0 94.0 96.0 96.0 96.0 
16.0 18.0 58.0 66.0 70.0 74.0 80.0 84.0 86.0 88.0 94.0 94.0 94.0 94.0 96.0 96.0 96.0 
4.0 56.0 64.0 68.0 72.0 78.0 82.0 84.0 86.0 92.0 92.0 92.0 92.0 96.0 96.0 96.0 
54.0 62.0 66.0 70.0 76.0 80.0 82.0 84.0 90.0 90.0 90.0 90.0 94.0 94.0 94.0 
32.0 44.0 50.0 58.0 62.0 66.0 70.0 78.0 78.0 78.0 78.0 82.0 82.0 82.0 
44.0 50.0 54.0 60.0 64.0 68.0 78.0 78.0 78.0 78.0 82.0 82.0 82.0 
20.0 44.0 52.0 56.0 60.0 70.0 70.0 70.0 70.0 74.0 74.0 74.0 
34.0 50.0 54.0 58.0 68.0 68.0 68.0 68.0 72.0 72.0 72.0 
32.0 40.0 42.0 62.0 60.0 66.0 68.0 72.0 72.0 72.0 
22.0 36.0 54.0 56.0 62.0 62.0 66.0 66.0 66.0 
36.0 50.0 52.0 58.0 58.0 62.0 64.0 64.0 
38.0 38.0 46.0 48.0 56.0 60.0 60.0 
18.0 42.0 42.0 52.0 60.0 60.0 
30.0 36.0 48.0 58.0 58.0 
6.0 22.0 34.0 34.0 
16.0 28.0 28.0 
16.0 18.0 
2.0 
