26.0 26.0 30.0 36.0 36.0 28.0 30.0 40.0 40.0 46.0 46.0 44.0 48.0 46.0 50.0 50.0 64.0 66.0 70.0 70.0 70.0 70.0 70.0 74.0 72.0 74.0 74.0 76.0 76.0 76.0 82.0 82.0 82.0 82.0 82.0 88.0 88.0 88.0 88.0 88.0 86.0 88.0 88.0 88.0 92.0 94.0 94.0 94.0 96.0 
6.0 8.0 26.0 28.0 14.0 14.0 26.0 28.0 32.0 34.0 34.0 38.0 40.0 42.0 42.0 58.0 60.0 68.0 68.0 68.0 68.0 68.0 74.0 72.0 74.0 74.0 76.0 76.0 76.0 82.0 82.0 82.0 82.0 82.0 88.0 88.0 88.0 88.0 88.0 90.0 90.0 90.0 90.0 94.0 96.0 98.0 98.0 98.0 
10.0 28.0 28.0 14.0 14.0 26.0 28.0 32.0 34.0 34.0 38.0 40.0 42.0 42.0 58.0 60.0 68.0 68.0 68.0 68.0 68.0 74.0 72.0 74.0 74.0 76.0 76.0 76.0 82.0 82.0 82.0 82.0 82.0 88.0 88.0 88.0 88.0 88.0 90.0 90.0 90.0 90.0 94.0 96.0 98.0 98.0 98.0 
20.0 22.0 8.0 8.0 22.0 24.0 32.0 34.0 34.0 38.0 40.0 42.0 42.0 58.0 60.0 70.0 70.0 70.0 70.0 70.0 76.0 74.0 76.0 76.0 78.0 78.0 78.0 84.0 84.0 84.0 84.0 84.0 88.0 88.0 88.0 88.0 88.0 90.0 90.0 90.0 90.0 94.0 96.0 98.0 98.0 98.0 
10.0 22.0 22.0 36.0 36.0 42.0 42.0 42.0 44.0 42.0 46.0 46.0 58.0 60.0 70.0 70.0 70.0 70.0 70.0 76.0 74.0 76.0 76.0 78.0 78.0 78.0 84.0 84.0 84.0 84.0 84.0 88.0 88.0 88.0 88.0 88.0 90.0 90.0 90.0 90.0 94.0 96.0 98.0 98.0 98.0 
22.0 22.0 36.0 36.0 42.0 42.0 42.0 44.0 42.0 46.0 46.0 58.0 60.0 70.0 70.0 70.0 70.0 70.0 76.0 74.0 76.0 76.0 78.0 78.0 78.0 84.0 84.0 84.0 84.0 84.0 88.0 88.0 88.0 88.0 88.0 90.0 90.0 90.0 90.0 94.0 96.0 98.0 98.0 98.0 
2.0 18.0 20.0 30.0 32.0 32.0 38.0 40.0 42.0 42.0 58.0 60.0 70.0 70.0 70.0 70.0 70.0 76.0 74.0 76.0 76.0 78.0 78.0 78.0 84.0 84.0 84.0 84.0 84.0 88.0 88.0 88.0 88.0 88.0 90.0 90.0 90.0 90.0 94.0 96.0 98.0 98.0 98.0 
18.0 20.0 30.0 32.0 32.0 38.0 40.0 42.0 42.0 58.0 60.0 70.0 70.0 70.0 70.0 70.0 76.0 74.0 76.0 76.0 78.0 78.0 78.0 84.0 84.0 84.0 84.0 84.0 88.0 88.0 88.0 88.0 88.0 90.0 90.0 90.0 90.0 94.0 96.0 98.0 98.0 98.0 
6.0 24.0 26.0 26.0 34.0 36.0 38.0 38.0 56.0 58.0 68.0 68.0 68.0 68.0 68.0 74.0 72.0 74.0 74.0 76.0 76.0 76.0 82.0 82.0 82.0 82.0 82.0 86.0 88.0 88.0 88.0 88.0 90.0 90.0 90.0 90.0 94.0 96.0 98.0 98.0 98.0 
20.0 26.0 22.0 34.0 36.0 38.0 38.0 56.0 58.0 68.0 68.0 68.0 68.0 68.0 74.0 72.0 74.0 74.0 76.0 76.0 76.0 82.0 82.0 82.0 82.0 82.0 86.0 88.0 88.0 88.0 88.0 90.0 90.0 90.0 90.0 94.0 96.0 98.0 98.0 98.0 
6.0 6.0 26.0 30.0 32.0 34.0 52.0 56.0 68.0 68.0 68.0 68.0 68.0 72.0 70.0 72.0 72.0 76.0 76.0 76.0 82.0 82.0 82.0 82.0 82.0 86.0 88.0 88.0 88.0 88.0 90.0 90.0 90.0 90.0 94.0 96.0 98.0 98.0 98.0 
8.0 24.0 28.0 30.0 32.0 52.0 56.0 68.0 68.0 68.0 68.0 68.0 72.0 70.0 72.0 72.0 76.0 76.0 76.0 82.0 82.0 82.0 82.0 82.0 86.0 88.0 88.0 88.0 88.0 90.0 90.0 90.0 90.0 94.0 96.0 98.0 98.0 98.0 
22.0 28.0 30.0 32.0 52.0 56.0 68.0 68.0 68.0 68.0 68.0 72.0 70.0 72.0 72.0 76.0 76.0 76.0 82.0 82.0 82.0 82.0 82.0 86.0 88.0 88.0 88.0 88.0 90.0 90.0 90.0 90.0 94.0 96.0 98.0 98.0 98.0 
16.0 18.0 18.0 48.0 52.0 64.0 64.0 64.0 64.0 64.0 68.0 66.0 68.0 68.0 72.0 72.0 72.0 80.0 80.0 82.0 82.0 82.0 86.0 88.0 88.0 88.0 88.0 90.0 90.0 90.0 90.0 94.0 96.0 98.0 98.0 98.0 
6.0 20.0 48.0 52.0 64.0 64.0 64.0 64.0 64.0 68.0 66.0 68.0 68.0 72.0 72.0 72.0 80.0 80.0 82.0 82.0 82.0 86.0 88.0 88.0 88.0 88.0 90.0 90.0 90.0 90.0 94.0 96.0 98.0 98.0 98.0 
14.0 44.0 48.0 62.0 62.0 62.0 62.0 62.0 68.0 66.0 68.0 68.0 72.0 72.0 72.0 80.0 80.0 82.0 82.0 82.0 86.0 88.0 88.0 88.0 88.0 90.0 90.0 90.0 90.0 94.0 96.0 98.0 98.0 98.0 
40.0 46.0 60.0 60.0 60.0 60.0 60.0 68.0 66.0 68.0 68.0 72.0 72.0 72.0 80.0 80.0 82.0 82.0 82.0 86.0 88.0 88.0 88.0 88.0 90.0 90.0 90.0 90.0 94.0 96.0 98.0 98.0 98.0 
14.0 40.0 46.0 48.0 48.0 48.0 62.0 60.0 62.0 62.0 68.0 68.0 68.0 78.0 78.0 80.0 80.0 80.0 84.0 86.0 86.0 86.0 86.0 88.0 88.0 88.0 88.0 92.0 94.0 96.0 96.0 96.0 
36.0 44.0 46.0 46.0 46.0 62.0 62.0 64.0 64.0 66.0 68.0 68.0 78.0 78.0 80.0 80.0 80.0 84.0 86.0 86.0 86.0 86.0 88.0 88.0 88.0 88.0 92.0 94.0 96.0 96.0 96.0 
16.0 20.0 22.0 22.0 56.0 56.0 58.0 58.0 60.0 62.0 62.0 72.0 72.0 74.0 74.0 74.0 80.0 82.0 82.0 82.0 82.0 84.0 84.0 84.0 84.0 88.0 90.0 92.0 92.0 96.0 
8.0 12.0 16.0 54.0 54.0 56.0 56.0 56.0 58.0 60.0 70.0 70.0 72.0 72.0 72.0 78.0 80.0 80.0 80.0 80.0 82.0 82.0 82.0 82.0 86.0 88.0 90.0 88.0 92.0 
4.0 8.0 54.0 54.0 56.0 56.0 56.0 58.0 60.0 70.0 70.0 72.0 72.0 72.0 78.0 80.0 80.0 80.0 80.0 82.0 82.0 82.0 82.0 86.0 88.0 90.0 88.0 92.0 
4.0 50.0 50.0 52.0 52.0 54.0 58.0 60.0 70.0 70.0 72.0 72.0 72.0 78.0 80.0 80.0 80.0 80.0 82.0 82.0 82.0 82.0 86.0 88.0 90.0 88.0 92.0 
50.0 50.0 52.0 52.0 54.0 58.0 60.0 70.0 70.0 72.0 72.0 72.0 78.0 80.0 80.0 80.0 80.0 82.0 82.0 82.0 82.0 86.0 88.0 90.0 90.0 94.0 
14.0 14.0 18.0 32.0 38.0 48.0 58.0 58.0 60.0 60.0 62.0 68.0 74.0 74.0 74.0 74.0 76.0 78.0 80.0 80.0 84.0 86.0 88.0 88.0 92.0 
10.0 18.0 34.0 38.0 48.0 58.0 58.0 60.0 60.0 62.0 68.0 74.0 74.0 74.0 74.0 76.0 80.0 80.0 80.0 84.0 86.0 88.0 88.0 92.0 
16.0 36.0 38.0 48.0 58.0 58.0 60.0 60.0 62.0 68.0 74.0 74.0 74.0 74.0 76.0 80.0 80.0 80.0 84.0 86.0 88.0 88.0 92.0 
36.0 38.0 48.0 58.0 58.0 60.0 60.0 62.0 68.0 74.0 74.0 74.0 74.0 76.0 80.0 80.0 80.0 84.0 86.0 88.0 88.0 92.0 
26.0 42.0 56.0 56.0 60.0 60.0 62.0 68.0 74.0 74.0 74.0 74.0 76.0 80.0 80.0 80.0 84.0 86.0 88.0 88.0 92.0 
30.0 50.0 48.0 52.0 54.0 58.0 64.0 72.0 72.0 72.0 72.0 74.0 78.0 78.0 78.0 82.0 84.0 88.0 88.0 92.0 
40.0 34.0 42.0 44.0 46.0 52.0 60.0 60.0 60.0 60.0 62.0 70.0 70.0 70.0 74.0 76.0 80.0 86.0 90.0 
18.0 14.0 30.0 44.0 52.0 60.0 60.0 60.0 60.0 62.0 70.0 70.0 70.0 74.0 76.0 78.0 84.0 88.0 
24.0 30.0 42.0 50.0 58.0 58.0 58.0 58.0 60.0 68.0 68.0 68.0 72.0 74.0 78.0 84.0 88.0 
18.0 34.0 44.0 52.0 52.0 52.0 52.0 56.0 64.0 64.0 64.0 68.0 72.0 76.0 82.0 86.0 
30.0 42.0 50.0 50.0 50.0 50.0 54.0 62.0 62.0 62.0 66.0 70.0 74.0 80.0 84.0 
34.0 44.0 44.0 44.0 44.0 50.0 58.0 58.0 58.0 62.0 68.0 72.0 78.0 82.0 
36.0 32.0 36.0 34.0 46.0 52.0 52.0 54.0 58.0 64.0 68.0 74.0 80.0 
4.0 10.0 16.0 30.0 40.0 40.0 44.0 48.0 54.0 58.0 64.0 70.0 
12.0 14.0 30.0 40.0 40.0 44.0 48.0 54.0 58.0 64.0 70.0 
8.0 26.0 36.0 36.0 40.0 46.0 52.0 56.0 62.0 68.0 
24.0 36.0 36.0 40.0 46.0 52.0 56.0 62.0 68.0 
30.0 28.0 32.0 40.0 48.0 54.0 60.0 66.0 
4.0 26.0 36.0 46.0 52.0 58.0 64.0 
28.0 36.0 46.0 52.0 58.0 64.0 
26.0 36.0 48.0 58.0 64.0 
24.0 42.0 50.0 64.0 
34.0 46.0 58.0 
32.0 46.0 
30.0 
