12.0 12.0 16.0 20.0 22.0 22.0 24.0 22.0 28.0 30.0 38.0 38.0 42.0 50.0 50.0 60.0 68.0 64.0 70.0 70.0 72.0 74.0 78.0 78.0 78.0 78.0 78.0 82.0 86.0 86.0 94.0 94.0 94.0 100.0 100.0 100.0 100.0 100.0 100.0 100.0 102.0 102.0 102.0 102.0 104.0 104.0 104.0 104.0 104.0 
4.0 10.0 20.0 22.0 22.0 24.0 22.0 28.0 30.0 38.0 38.0 42.0 50.0 50.0 60.0 68.0 64.0 70.0 70.0 72.0 74.0 78.0 78.0 78.0 78.0 78.0 82.0 86.0 86.0 94.0 94.0 94.0 100.0 100.0 100.0 100.0 100.0 100.0 100.0 102.0 102.0 102.0 102.0 104.0 104.0 104.0 104.0 104.0 
10.0 18.0 20.0 20.0 24.0 22.0 28.0 30.0 38.0 38.0 42.0 50.0 50.0 60.0 68.0 64.0 70.0 70.0 72.0 74.0 78.0 78.0 78.0 78.0 78.0 82.0 86.0 86.0 94.0 94.0 94.0 100.0 100.0 100.0 100.0 100.0 100.0 100.0 102.0 102.0 102.0 102.0 104.0 104.0 104.0 104.0 104.0 
16.0 20.0 20.0 24.0 22.0 28.0 30.0 38.0 38.0 42.0 50.0 50.0 60.0 68.0 64.0 70.0 70.0 72.0 74.0 78.0 78.0 78.0 78.0 78.0 82.0 86.0 86.0 94.0 94.0 94.0 100.0 100.0 100.0 100.0 100.0 100.0 100.0 102.0 102.0 102.0 102.0 104.0 104.0 104.0 104.0 104.0 
18.0 18.0 20.0 18.0 24.0 28.0 36.0 36.0 40.0 48.0 48.0 60.0 68.0 64.0 70.0 70.0 72.0 74.0 78.0 78.0 78.0 78.0 78.0 82.0 86.0 86.0 94.0 94.0 94.0 100.0 100.0 100.0 100.0 100.0 100.0 100.0 102.0 102.0 102.0 102.0 104.0 104.0 104.0 104.0 104.0 
10.0 16.0 14.0 26.0 30.0 38.0 38.0 42.0 50.0 50.0 60.0 68.0 64.0 70.0 70.0 72.0 74.0 78.0 78.0 78.0 78.0 78.0 82.0 86.0 86.0 94.0 94.0 94.0 100.0 100.0 100.0 100.0 100.0 100.0 100.0 102.0 102.0 102.0 102.0 104.0 104.0 104.0 104.0 104.0 
12.0 10.0 26.0 30.0 38.0 38.0 42.0 50.0 50.0 60.0 68.0 64.0 70.0 70.0 72.0 74.0 78.0 78.0 78.0 78.0 78.0 82.0 86.0 86.0 94.0 94.0 94.0 100.0 100.0 100.0 100.0 100.0 100.0 100.0 102.0 102.0 102.0 102.0 104.0 104.0 104.0 104.0 104.0 
2.0 22.0 28.0 36.0 36.0 40.0 48.0 48.0 60.0 68.0 64.0 70.0 70.0 72.0 74.0 78.0 78.0 78.0 78.0 78.0 82.0 86.0 86.0 94.0 94.0 94.0 100.0 100.0 100.0 100.0 100.0 100.0 100.0 102.0 102.0 102.0 102.0 104.0 104.0 104.0 104.0 104.0 
20.0 26.0 36.0 36.0 40.0 48.0 48.0 60.0 68.0 64.0 70.0 70.0 72.0 74.0 78.0 78.0 78.0 78.0 78.0 82.0 86.0 86.0 94.0 94.0 94.0 100.0 100.0 100.0 100.0 100.0 100.0 100.0 102.0 102.0 102.0 102.0 104.0 104.0 104.0 104.0 104.0 
6.0 30.0 30.0 34.0 42.0 42.0 56.0 68.0 64.0 70.0 70.0 72.0 74.0 78.0 78.0 78.0 78.0 78.0 82.0 86.0 86.0 94.0 94.0 94.0 100.0 100.0 100.0 100.0 100.0 100.0 100.0 102.0 102.0 102.0 102.0 104.0 104.0 104.0 104.0 104.0 
26.0 26.0 30.0 38.0 38.0 54.0 66.0 62.0 68.0 68.0 70.0 72.0 76.0 76.0 76.0 76.0 76.0 80.0 84.0 84.0 94.0 94.0 94.0 100.0 100.0 100.0 100.0 100.0 100.0 100.0 102.0 102.0 102.0 102.0 104.0 104.0 104.0 104.0 104.0 
4.0 10.0 34.0 34.0 50.0 60.0 56.0 64.0 64.0 66.0 70.0 76.0 76.0 76.0 76.0 76.0 80.0 84.0 84.0 94.0 94.0 94.0 100.0 100.0 100.0 100.0 100.0 100.0 100.0 102.0 102.0 102.0 102.0 104.0 104.0 104.0 104.0 104.0 
6.0 34.0 34.0 50.0 60.0 56.0 64.0 64.0 66.0 70.0 76.0 76.0 76.0 76.0 76.0 80.0 84.0 84.0 94.0 94.0 94.0 100.0 100.0 100.0 100.0 100.0 100.0 100.0 102.0 102.0 102.0 102.0 104.0 104.0 104.0 104.0 104.0 
32.0 32.0 50.0 62.0 58.0 66.0 66.0 68.0 70.0 76.0 76.0 76.0 76.0 76.0 80.0 84.0 84.0 94.0 94.0 94.0 100.0 100.0 100.0 100.0 100.0 100.0 100.0 102.0 102.0 102.0 102.0 104.0 104.0 104.0 104.0 104.0 
6.0 42.0 56.0 62.0 70.0 70.0 70.0 72.0 78.0 78.0 78.0 78.0 78.0 80.0 84.0 84.0 94.0 94.0 94.0 100.0 100.0 100.0 100.0 100.0 100.0 100.0 102.0 102.0 102.0 102.0 104.0 104.0 104.0 104.0 104.0 
42.0 56.0 62.0 70.0 70.0 70.0 72.0 78.0 78.0 78.0 78.0 78.0 80.0 84.0 84.0 94.0 94.0 94.0 100.0 100.0 100.0 100.0 100.0 100.0 100.0 102.0 102.0 102.0 102.0 104.0 104.0 104.0 104.0 104.0 
38.0 46.0 58.0 58.0 58.0 60.0 72.0 72.0 72.0 72.0 72.0 74.0 80.0 80.0 90.0 90.0 90.0 96.0 96.0 96.0 96.0 96.0 96.0 96.0 98.0 98.0 100.0 100.0 102.0 102.0 102.0 102.0 102.0 
28.0 36.0 48.0 50.0 54.0 68.0 68.0 68.0 68.0 68.0 70.0 76.0 78.0 88.0 88.0 88.0 94.0 94.0 94.0 94.0 94.0 96.0 96.0 98.0 98.0 100.0 100.0 102.0 102.0 102.0 102.0 102.0 
34.0 38.0 42.0 46.0 62.0 62.0 62.0 62.0 62.0 66.0 72.0 74.0 84.0 84.0 84.0 92.0 92.0 92.0 92.0 92.0 94.0 94.0 96.0 96.0 100.0 100.0 102.0 102.0 102.0 102.0 102.0 
22.0 28.0 32.0 56.0 54.0 56.0 56.0 56.0 62.0 68.0 70.0 80.0 80.0 80.0 86.0 86.0 86.0 86.0 86.0 88.0 88.0 90.0 90.0 94.0 94.0 96.0 96.0 98.0 98.0 98.0 
18.0 22.0 54.0 54.0 56.0 56.0 56.0 62.0 68.0 70.0 80.0 80.0 80.0 86.0 86.0 86.0 86.0 86.0 88.0 88.0 90.0 90.0 94.0 94.0 96.0 96.0 98.0 98.0 98.0 
8.0 46.0 50.0 52.0 52.0 52.0 58.0 66.0 68.0 78.0 78.0 78.0 86.0 86.0 86.0 86.0 86.0 88.0 88.0 90.0 90.0 94.0 94.0 96.0 96.0 98.0 98.0 98.0 
44.0 48.0 50.0 50.0 50.0 56.0 66.0 68.0 78.0 78.0 78.0 86.0 86.0 86.0 86.0 86.0 88.0 88.0 90.0 90.0 94.0 94.0 96.0 96.0 98.0 98.0 98.0 
26.0 30.0 34.0 40.0 46.0 64.0 66.0 76.0 76.0 76.0 84.0 84.0 86.0 86.0 86.0 88.0 88.0 90.0 90.0 94.0 94.0 96.0 96.0 98.0 98.0 98.0 
18.0 26.0 30.0 44.0 60.0 62.0 76.0 76.0 76.0 84.0 84.0 86.0 86.0 86.0 88.0 88.0 90.0 90.0 94.0 94.0 96.0 96.0 98.0 98.0 98.0 
16.0 22.0 36.0 58.0 60.0 74.0 74.0 74.0 82.0 82.0 84.0 84.0 84.0 86.0 86.0 88.0 88.0 92.0 92.0 94.0 94.0 96.0 96.0 96.0 
8.0 30.0 58.0 60.0 72.0 72.0 74.0 82.0 82.0 84.0 84.0 84.0 86.0 86.0 88.0 88.0 92.0 92.0 94.0 94.0 96.0 96.0 96.0 
24.0 56.0 58.0 72.0 72.0 74.0 82.0 82.0 84.0 84.0 84.0 86.0 86.0 88.0 88.0 92.0 92.0 94.0 94.0 96.0 96.0 96.0 
48.0 56.0 72.0 72.0 74.0 82.0 82.0 84.0 84.0 84.0 86.0 86.0 88.0 88.0 92.0 92.0 94.0 94.0 96.0 96.0 96.0 
24.0 52.0 54.0 60.0 74.0 76.0 78.0 78.0 78.0 80.0 80.0 82.0 82.0 86.0 86.0 88.0 88.0 90.0 90.0 90.0 
44.0 46.0 52.0 74.0 76.0 78.0 78.0 78.0 80.0 80.0 82.0 82.0 86.0 86.0 88.0 88.0 90.0 90.0 90.0 
16.0 26.0 58.0 64.0 66.0 72.0 72.0 78.0 78.0 80.0 80.0 82.0 82.0 88.0 88.0 90.0 90.0 90.0 
22.0 58.0 64.0 66.0 72.0 72.0 78.0 78.0 80.0 80.0 82.0 82.0 88.0 88.0 90.0 90.0 90.0 
50.0 60.0 62.0 72.0 72.0 78.0 78.0 80.0 80.0 82.0 82.0 88.0 88.0 90.0 90.0 90.0 
16.0 30.0 48.0 46.0 60.0 60.0 62.0 62.0 66.0 66.0 74.0 74.0 76.0 76.0 76.0 
22.0 40.0 38.0 54.0 54.0 56.0 56.0 60.0 60.0 68.0 68.0 70.0 70.0 70.0 
34.0 30.0 46.0 46.0 48.0 48.0 52.0 52.0 60.0 60.0 62.0 62.0 62.0 
12.0 34.0 36.0 36.0 36.0 48.0 48.0 56.0 58.0 60.0 60.0 60.0 
34.0 36.0 36.0 36.0 48.0 48.0 56.0 56.0 58.0 58.0 58.0 
8.0 14.0 14.0 32.0 30.0 40.0 48.0 50.0 50.0 50.0 
8.0 8.0 30.0 28.0 38.0 48.0 50.0 50.0 50.0 
2.0 28.0 26.0 36.0 46.0 48.0 48.0 48.0 
28.0 26.0 36.0 46.0 48.0 48.0 48.0 
6.0 22.0 34.0 36.0 36.0 36.0 
20.0 32.0 34.0 34.0 34.0 
26.0 28.0 28.0 28.0 
4.0 4.0 4.0 
0.0 0.0 
0.0 
