24.0 24.0 24.0 32.0 32.0 48.0 50.0 50.0 50.0 50.0 62.0 62.0 62.0 64.0 62.0 66.0 68.0 68.0 72.0 72.0 74.0 74.0 74.0 74.0 72.0 74.0 76.0 76.0 82.0 82.0 82.0 86.0 86.0 96.0 96.0 98.0 98.0 98.0 100.0 100.0 98.0 98.0 96.0 96.0 98.0 98.0 98.0 98.0 98.0 
12.0 10.0 10.0 22.0 38.0 38.0 38.0 38.0 38.0 52.0 52.0 52.0 54.0 54.0 60.0 60.0 60.0 64.0 64.0 66.0 66.0 66.0 66.0 70.0 72.0 76.0 76.0 82.0 82.0 82.0 86.0 86.0 96.0 96.0 98.0 102.0 102.0 104.0 104.0 102.0 102.0 100.0 100.0 102.0 102.0 102.0 102.0 102.0 
2.0 18.0 14.0 32.0 34.0 36.0 36.0 36.0 48.0 48.0 48.0 50.0 48.0 56.0 58.0 58.0 66.0 66.0 68.0 68.0 68.0 68.0 72.0 74.0 76.0 76.0 82.0 82.0 82.0 86.0 86.0 96.0 96.0 98.0 102.0 102.0 104.0 104.0 102.0 102.0 100.0 100.0 102.0 102.0 102.0 102.0 102.0 
16.0 12.0 32.0 34.0 36.0 36.0 36.0 48.0 48.0 48.0 50.0 48.0 56.0 58.0 58.0 66.0 66.0 68.0 68.0 68.0 68.0 72.0 74.0 76.0 76.0 82.0 82.0 82.0 86.0 86.0 96.0 96.0 98.0 102.0 102.0 104.0 104.0 102.0 102.0 100.0 100.0 102.0 102.0 102.0 102.0 102.0 
16.0 34.0 34.0 36.0 36.0 36.0 50.0 50.0 50.0 52.0 52.0 58.0 58.0 58.0 66.0 66.0 68.0 68.0 68.0 68.0 72.0 74.0 76.0 76.0 82.0 82.0 82.0 86.0 86.0 96.0 96.0 98.0 102.0 102.0 104.0 104.0 102.0 102.0 100.0 100.0 102.0 102.0 102.0 102.0 102.0 
30.0 32.0 36.0 36.0 36.0 48.0 48.0 48.0 50.0 48.0 56.0 58.0 58.0 66.0 66.0 68.0 68.0 68.0 68.0 72.0 74.0 76.0 76.0 82.0 82.0 82.0 86.0 86.0 96.0 96.0 98.0 102.0 102.0 104.0 104.0 102.0 102.0 100.0 100.0 102.0 102.0 102.0 102.0 102.0 
10.0 14.0 14.0 24.0 40.0 40.0 40.0 42.0 40.0 48.0 50.0 50.0 64.0 64.0 66.0 66.0 66.0 66.0 72.0 74.0 76.0 76.0 82.0 82.0 82.0 86.0 86.0 96.0 96.0 98.0 102.0 102.0 104.0 104.0 102.0 102.0 102.0 102.0 104.0 104.0 104.0 104.0 104.0 
18.0 16.0 22.0 38.0 38.0 38.0 42.0 42.0 50.0 50.0 50.0 64.0 64.0 66.0 66.0 66.0 66.0 72.0 74.0 76.0 76.0 82.0 82.0 82.0 86.0 86.0 96.0 96.0 98.0 102.0 102.0 104.0 104.0 102.0 102.0 102.0 102.0 104.0 104.0 104.0 104.0 104.0 
2.0 12.0 38.0 38.0 38.0 42.0 42.0 50.0 50.0 50.0 64.0 64.0 66.0 66.0 66.0 66.0 72.0 74.0 76.0 76.0 82.0 82.0 82.0 86.0 86.0 96.0 96.0 98.0 102.0 102.0 104.0 104.0 102.0 102.0 102.0 102.0 104.0 104.0 104.0 104.0 104.0 
12.0 38.0 38.0 38.0 42.0 42.0 50.0 50.0 50.0 64.0 64.0 66.0 66.0 66.0 66.0 72.0 74.0 76.0 76.0 82.0 82.0 82.0 86.0 86.0 96.0 96.0 98.0 102.0 102.0 104.0 104.0 102.0 102.0 102.0 102.0 104.0 104.0 104.0 104.0 104.0 
38.0 34.0 38.0 42.0 42.0 50.0 50.0 50.0 64.0 64.0 66.0 66.0 66.0 66.0 72.0 74.0 76.0 76.0 82.0 82.0 82.0 86.0 86.0 96.0 96.0 98.0 102.0 102.0 104.0 104.0 102.0 102.0 102.0 102.0 104.0 104.0 104.0 104.0 104.0 
6.0 10.0 16.0 20.0 36.0 36.0 36.0 54.0 54.0 56.0 56.0 56.0 56.0 62.0 64.0 66.0 68.0 80.0 80.0 80.0 84.0 84.0 96.0 96.0 98.0 102.0 102.0 104.0 104.0 102.0 102.0 102.0 102.0 104.0 104.0 104.0 104.0 104.0 
10.0 16.0 20.0 36.0 36.0 36.0 54.0 54.0 56.0 56.0 56.0 56.0 62.0 64.0 66.0 68.0 80.0 80.0 80.0 84.0 84.0 96.0 96.0 98.0 102.0 102.0 104.0 104.0 102.0 102.0 102.0 102.0 104.0 104.0 104.0 104.0 104.0 
12.0 20.0 36.0 36.0 36.0 54.0 54.0 56.0 56.0 56.0 56.0 62.0 64.0 66.0 68.0 80.0 80.0 80.0 84.0 84.0 96.0 96.0 98.0 102.0 102.0 104.0 104.0 102.0 102.0 102.0 102.0 104.0 104.0 104.0 104.0 104.0 
18.0 36.0 36.0 36.0 54.0 54.0 56.0 56.0 56.0 56.0 62.0 64.0 66.0 68.0 80.0 80.0 80.0 84.0 84.0 96.0 96.0 98.0 102.0 102.0 104.0 104.0 102.0 102.0 102.0 102.0 104.0 104.0 104.0 104.0 104.0 
36.0 38.0 38.0 54.0 54.0 56.0 56.0 56.0 56.0 62.0 64.0 66.0 68.0 80.0 80.0 80.0 84.0 84.0 96.0 96.0 98.0 102.0 102.0 104.0 104.0 102.0 102.0 102.0 102.0 104.0 104.0 104.0 104.0 104.0 
2.0 2.0 48.0 48.0 52.0 52.0 52.0 52.0 58.0 60.0 64.0 66.0 78.0 80.0 80.0 84.0 84.0 96.0 96.0 98.0 102.0 102.0 104.0 104.0 102.0 102.0 102.0 102.0 104.0 104.0 104.0 104.0 104.0 
0.0 46.0 46.0 50.0 50.0 50.0 50.0 58.0 60.0 64.0 66.0 78.0 80.0 80.0 84.0 84.0 96.0 96.0 98.0 102.0 102.0 104.0 104.0 102.0 102.0 102.0 102.0 104.0 104.0 104.0 104.0 104.0 
46.0 46.0 50.0 50.0 50.0 50.0 58.0 60.0 64.0 66.0 78.0 80.0 80.0 84.0 84.0 96.0 96.0 98.0 102.0 102.0 104.0 104.0 102.0 102.0 102.0 102.0 104.0 104.0 104.0 104.0 104.0 
2.0 6.0 8.0 8.0 8.0 28.0 30.0 58.0 60.0 78.0 80.0 80.0 84.0 84.0 96.0 96.0 98.0 102.0 102.0 104.0 104.0 102.0 102.0 102.0 102.0 104.0 104.0 104.0 104.0 104.0 
4.0 8.0 8.0 8.0 28.0 30.0 58.0 60.0 78.0 80.0 80.0 84.0 84.0 96.0 96.0 98.0 102.0 102.0 104.0 104.0 102.0 102.0 102.0 102.0 104.0 104.0 104.0 104.0 104.0 
4.0 4.0 4.0 26.0 28.0 58.0 60.0 78.0 80.0 80.0 84.0 84.0 96.0 96.0 98.0 102.0 102.0 104.0 104.0 102.0 102.0 102.0 102.0 104.0 104.0 104.0 104.0 104.0 
0.0 0.0 22.0 24.0 56.0 58.0 76.0 80.0 80.0 84.0 84.0 96.0 96.0 98.0 102.0 102.0 104.0 104.0 102.0 102.0 102.0 102.0 104.0 104.0 104.0 104.0 104.0 
0.0 22.0 24.0 56.0 58.0 76.0 80.0 80.0 84.0 84.0 96.0 96.0 98.0 102.0 102.0 104.0 104.0 102.0 102.0 102.0 102.0 104.0 104.0 104.0 104.0 104.0 
22.0 24.0 56.0 58.0 76.0 80.0 80.0 84.0 84.0 96.0 96.0 98.0 102.0 102.0 104.0 104.0 102.0 102.0 102.0 102.0 104.0 104.0 104.0 104.0 104.0 
4.0 44.0 50.0 72.0 76.0 76.0 80.0 80.0 94.0 94.0 96.0 102.0 102.0 104.0 104.0 102.0 102.0 102.0 102.0 104.0 104.0 104.0 104.0 104.0 
46.0 52.0 72.0 76.0 76.0 80.0 80.0 94.0 94.0 96.0 102.0 102.0 104.0 104.0 102.0 102.0 102.0 102.0 104.0 104.0 104.0 104.0 104.0 
14.0 58.0 64.0 66.0 68.0 70.0 88.0 88.0 90.0 98.0 98.0 98.0 98.0 98.0 98.0 98.0 98.0 100.0 100.0 100.0 100.0 100.0 
52.0 60.0 62.0 64.0 66.0 84.0 84.0 86.0 94.0 94.0 94.0 94.0 94.0 94.0 94.0 94.0 96.0 96.0 96.0 96.0 96.0 
16.0 22.0 30.0 38.0 74.0 74.0 76.0 84.0 84.0 84.0 84.0 84.0 84.0 84.0 84.0 86.0 86.0 86.0 86.0 86.0 
12.0 24.0 30.0 68.0 70.0 72.0 80.0 80.0 80.0 80.0 80.0 80.0 80.0 80.0 82.0 82.0 82.0 82.0 82.0 
22.0 34.0 68.0 70.0 72.0 80.0 80.0 80.0 80.0 80.0 80.0 80.0 80.0 82.0 82.0 82.0 82.0 82.0 
24.0 64.0 64.0 68.0 80.0 80.0 80.0 80.0 80.0 80.0 80.0 80.0 82.0 82.0 82.0 82.0 82.0 
64.0 62.0 68.0 80.0 80.0 80.0 80.0 80.0 80.0 80.0 80.0 82.0 82.0 82.0 82.0 82.0 
28.0 36.0 52.0 52.0 58.0 52.0 56.0 56.0 66.0 66.0 68.0 70.0 70.0 70.0 70.0 
24.0 48.0 48.0 48.0 46.0 52.0 52.0 62.0 62.0 64.0 66.0 66.0 64.0 64.0 
40.0 42.0 48.0 40.0 46.0 46.0 58.0 58.0 60.0 62.0 62.0 62.0 62.0 
16.0 30.0 28.0 26.0 28.0 40.0 40.0 40.0 48.0 48.0 52.0 52.0 
22.0 16.0 14.0 16.0 32.0 32.0 32.0 40.0 40.0 48.0 48.0 
22.0 28.0 30.0 34.0 34.0 30.0 42.0 42.0 48.0 48.0 
16.0 18.0 34.0 34.0 32.0 42.0 42.0 46.0 46.0 
2.0 24.0 24.0 26.0 36.0 36.0 44.0 44.0 
22.0 22.0 28.0 36.0 36.0 44.0 44.0 
0.0 6.0 22.0 22.0 34.0 34.0 
6.0 22.0 22.0 34.0 34.0 
22.0 22.0 34.0 34.0 
2.0 22.0 26.0 
22.0 26.0 
4.0 
