14.0 14.0 14.0 14.0 16.0 26.0 30.0 38.0 38.0 38.0 38.0 38.0 38.0 50.0 50.0 52.0 58.0 58.0 68.0 68.0 68.0 68.0 70.0 70.0 70.0 70.0 70.0 74.0 74.0 74.0 74.0 78.0 80.0 80.0 80.0 80.0 78.0 78.0 80.0 82.0 82.0 82.0 82.0 82.0 82.0 82.0 82.0 88.0 88.0 
0.0 0.0 0.0 2.0 12.0 16.0 24.0 24.0 24.0 24.0 24.0 24.0 40.0 40.0 42.0 52.0 52.0 62.0 62.0 62.0 62.0 68.0 68.0 68.0 68.0 68.0 72.0 72.0 72.0 72.0 78.0 82.0 82.0 82.0 82.0 80.0 80.0 82.0 84.0 84.0 84.0 84.0 84.0 84.0 84.0 84.0 92.0 92.0 
0.0 0.0 2.0 12.0 16.0 24.0 24.0 24.0 24.0 24.0 24.0 40.0 40.0 42.0 52.0 52.0 62.0 62.0 62.0 62.0 68.0 68.0 68.0 68.0 68.0 72.0 72.0 72.0 72.0 78.0 82.0 82.0 82.0 82.0 80.0 80.0 82.0 84.0 84.0 84.0 84.0 84.0 84.0 84.0 84.0 92.0 92.0 
0.0 2.0 12.0 16.0 24.0 24.0 24.0 24.0 24.0 24.0 40.0 40.0 42.0 52.0 52.0 62.0 62.0 62.0 62.0 68.0 68.0 68.0 68.0 68.0 72.0 72.0 72.0 72.0 78.0 82.0 82.0 82.0 82.0 80.0 80.0 82.0 84.0 84.0 84.0 84.0 84.0 84.0 84.0 84.0 92.0 92.0 
2.0 12.0 16.0 24.0 24.0 24.0 24.0 24.0 24.0 40.0 40.0 42.0 52.0 52.0 62.0 62.0 62.0 62.0 68.0 68.0 68.0 68.0 68.0 72.0 72.0 72.0 72.0 78.0 82.0 82.0 82.0 82.0 80.0 80.0 82.0 84.0 84.0 84.0 84.0 84.0 84.0 84.0 84.0 92.0 92.0 
12.0 16.0 24.0 24.0 24.0 24.0 24.0 24.0 40.0 40.0 42.0 52.0 52.0 62.0 62.0 62.0 62.0 68.0 68.0 68.0 68.0 68.0 72.0 72.0 72.0 72.0 78.0 82.0 82.0 82.0 82.0 80.0 80.0 82.0 84.0 84.0 84.0 84.0 84.0 84.0 84.0 84.0 92.0 92.0 
4.0 20.0 20.0 20.0 20.0 20.0 18.0 36.0 36.0 38.0 52.0 52.0 62.0 62.0 62.0 62.0 68.0 68.0 68.0 68.0 68.0 72.0 72.0 72.0 72.0 78.0 82.0 82.0 82.0 82.0 80.0 80.0 82.0 84.0 84.0 84.0 84.0 84.0 84.0 84.0 84.0 92.0 92.0 
16.0 16.0 16.0 16.0 16.0 14.0 38.0 38.0 40.0 54.0 54.0 62.0 62.0 62.0 62.0 68.0 68.0 68.0 68.0 68.0 72.0 72.0 72.0 72.0 78.0 82.0 82.0 82.0 82.0 80.0 80.0 82.0 84.0 84.0 84.0 84.0 84.0 84.0 84.0 84.0 92.0 92.0 
10.0 14.0 14.0 14.0 16.0 40.0 40.0 42.0 54.0 54.0 62.0 62.0 62.0 62.0 68.0 68.0 68.0 68.0 68.0 72.0 72.0 72.0 72.0 78.0 82.0 82.0 82.0 82.0 80.0 80.0 82.0 84.0 84.0 84.0 84.0 84.0 84.0 84.0 84.0 92.0 92.0 
12.0 12.0 12.0 14.0 40.0 40.0 42.0 54.0 54.0 62.0 62.0 62.0 62.0 68.0 68.0 68.0 68.0 68.0 72.0 72.0 72.0 72.0 78.0 82.0 82.0 82.0 82.0 80.0 80.0 82.0 84.0 84.0 84.0 84.0 84.0 84.0 84.0 84.0 92.0 92.0 
6.0 2.0 10.0 40.0 40.0 42.0 54.0 54.0 62.0 62.0 62.0 62.0 68.0 68.0 68.0 68.0 68.0 72.0 72.0 72.0 72.0 78.0 82.0 82.0 82.0 82.0 80.0 80.0 82.0 84.0 84.0 84.0 84.0 84.0 84.0 84.0 84.0 92.0 92.0 
4.0 8.0 40.0 40.0 42.0 54.0 54.0 62.0 62.0 62.0 62.0 68.0 68.0 68.0 68.0 68.0 72.0 72.0 72.0 72.0 78.0 82.0 82.0 82.0 82.0 80.0 80.0 82.0 84.0 84.0 84.0 84.0 84.0 84.0 84.0 84.0 92.0 92.0 
10.0 40.0 40.0 42.0 54.0 54.0 62.0 62.0 62.0 62.0 68.0 68.0 68.0 68.0 68.0 72.0 72.0 72.0 72.0 78.0 82.0 82.0 82.0 82.0 80.0 80.0 82.0 84.0 84.0 84.0 84.0 84.0 84.0 84.0 84.0 92.0 92.0 
38.0 38.0 40.0 54.0 54.0 62.0 62.0 62.0 62.0 68.0 68.0 68.0 68.0 68.0 72.0 72.0 72.0 72.0 78.0 82.0 82.0 82.0 82.0 80.0 80.0 82.0 84.0 84.0 84.0 84.0 84.0 84.0 84.0 84.0 92.0 92.0 
8.0 10.0 28.0 30.0 48.0 48.0 48.0 48.0 58.0 58.0 58.0 58.0 58.0 66.0 66.0 66.0 66.0 72.0 76.0 76.0 76.0 76.0 74.0 74.0 76.0 80.0 80.0 80.0 80.0 80.0 80.0 80.0 80.0 90.0 90.0 
10.0 30.0 32.0 48.0 48.0 48.0 48.0 58.0 58.0 58.0 58.0 58.0 66.0 66.0 66.0 66.0 72.0 76.0 76.0 76.0 76.0 74.0 74.0 76.0 80.0 80.0 80.0 80.0 80.0 80.0 80.0 80.0 90.0 90.0 
24.0 26.0 46.0 48.0 46.0 46.0 58.0 58.0 58.0 58.0 58.0 66.0 66.0 66.0 66.0 72.0 76.0 76.0 76.0 76.0 74.0 74.0 76.0 80.0 80.0 80.0 80.0 80.0 80.0 80.0 80.0 90.0 90.0 
2.0 34.0 36.0 34.0 34.0 48.0 50.0 50.0 50.0 50.0 58.0 58.0 58.0 58.0 68.0 74.0 74.0 74.0 74.0 74.0 74.0 74.0 78.0 78.0 78.0 78.0 78.0 78.0 78.0 78.0 88.0 90.0 
34.0 36.0 34.0 34.0 48.0 50.0 50.0 50.0 50.0 58.0 58.0 58.0 58.0 68.0 74.0 74.0 74.0 74.0 74.0 74.0 74.0 78.0 78.0 78.0 78.0 78.0 78.0 78.0 78.0 88.0 90.0 
6.0 12.0 12.0 26.0 30.0 30.0 30.0 30.0 42.0 42.0 42.0 42.0 54.0 70.0 70.0 70.0 70.0 70.0 70.0 70.0 74.0 74.0 74.0 76.0 76.0 76.0 76.0 76.0 86.0 88.0 
14.0 14.0 26.0 30.0 30.0 30.0 30.0 42.0 42.0 42.0 42.0 54.0 70.0 70.0 70.0 70.0 70.0 70.0 70.0 74.0 74.0 74.0 76.0 76.0 76.0 76.0 76.0 86.0 88.0 
0.0 24.0 28.0 28.0 28.0 28.0 40.0 42.0 42.0 42.0 54.0 70.0 70.0 70.0 70.0 70.0 70.0 70.0 74.0 74.0 74.0 76.0 76.0 76.0 76.0 76.0 86.0 88.0 
24.0 28.0 28.0 28.0 28.0 40.0 42.0 42.0 42.0 54.0 70.0 70.0 70.0 70.0 70.0 70.0 70.0 74.0 74.0 74.0 76.0 76.0 76.0 76.0 76.0 86.0 88.0 
6.0 6.0 6.0 6.0 22.0 28.0 28.0 28.0 40.0 62.0 64.0 64.0 64.0 66.0 66.0 66.0 70.0 70.0 70.0 72.0 72.0 72.0 72.0 72.0 82.0 84.0 
0.0 0.0 0.0 16.0 22.0 24.0 22.0 38.0 62.0 64.0 64.0 64.0 66.0 66.0 66.0 70.0 70.0 70.0 72.0 72.0 72.0 72.0 72.0 82.0 84.0 
0.0 0.0 16.0 22.0 24.0 22.0 38.0 62.0 64.0 64.0 64.0 66.0 66.0 66.0 70.0 70.0 70.0 72.0 72.0 72.0 72.0 72.0 82.0 84.0 
0.0 16.0 22.0 24.0 22.0 38.0 62.0 64.0 64.0 64.0 66.0 66.0 66.0 70.0 70.0 70.0 72.0 72.0 72.0 72.0 72.0 82.0 84.0 
16.0 22.0 24.0 22.0 38.0 62.0 64.0 64.0 64.0 66.0 66.0 66.0 70.0 70.0 70.0 72.0 72.0 72.0 72.0 72.0 82.0 84.0 
8.0 10.0 14.0 32.0 60.0 62.0 62.0 62.0 66.0 66.0 66.0 70.0 70.0 70.0 72.0 72.0 72.0 72.0 72.0 82.0 84.0 
8.0 12.0 30.0 58.0 60.0 60.0 60.0 66.0 66.0 66.0 70.0 70.0 70.0 72.0 72.0 72.0 72.0 72.0 82.0 84.0 
8.0 28.0 58.0 60.0 60.0 60.0 66.0 66.0 66.0 70.0 70.0 70.0 72.0 72.0 72.0 72.0 72.0 82.0 84.0 
26.0 58.0 60.0 60.0 60.0 66.0 66.0 66.0 70.0 70.0 70.0 72.0 72.0 72.0 72.0 72.0 82.0 84.0 
42.0 44.0 46.0 46.0 52.0 58.0 60.0 66.0 66.0 66.0 68.0 68.0 68.0 68.0 68.0 80.0 82.0 
10.0 14.0 14.0 40.0 46.0 50.0 58.0 58.0 58.0 64.0 64.0 64.0 64.0 64.0 80.0 82.0 
4.0 4.0 38.0 44.0 50.0 58.0 58.0 58.0 64.0 64.0 64.0 64.0 64.0 80.0 82.0 
4.0 38.0 44.0 50.0 56.0 56.0 56.0 62.0 62.0 62.0 62.0 62.0 80.0 82.0 
36.0 42.0 50.0 56.0 56.0 56.0 62.0 62.0 62.0 62.0 62.0 80.0 82.0 
12.0 38.0 48.0 46.0 48.0 56.0 56.0 56.0 56.0 56.0 78.0 80.0 
26.0 42.0 42.0 46.0 54.0 54.0 54.0 54.0 54.0 76.0 78.0 
28.0 32.0 40.0 48.0 48.0 48.0 48.0 48.0 68.0 68.0 
6.0 20.0 32.0 32.0 38.0 38.0 38.0 60.0 60.0 
20.0 32.0 32.0 38.0 38.0 38.0 60.0 60.0 
14.0 14.0 26.0 26.0 26.0 48.0 56.0 
0.0 12.0 12.0 12.0 40.0 48.0 
12.0 12.0 12.0 40.0 48.0 
0.0 10.0 40.0 48.0 
10.0 40.0 48.0 
36.0 48.0 
20.0 
