16.0 16.0 16.0 18.0 18.0 26.0 26.0 26.0 30.0 30.0 28.0 28.0 28.0 30.0 40.0 40.0 44.0 44.0 48.0 62.0 62.0 62.0 62.0 62.0 62.0 64.0 66.0 66.0 74.0 74.0 74.0 74.0 74.0 74.0 74.0 78.0 80.0 84.0 84.0 84.0 84.0 86.0 86.0 90.0 90.0 90.0 90.0 90.0 90.0 
0.0 0.0 2.0 2.0 14.0 14.0 14.0 18.0 18.0 20.0 20.0 20.0 20.0 30.0 30.0 34.0 34.0 38.0 60.0 60.0 60.0 60.0 60.0 60.0 62.0 64.0 64.0 74.0 74.0 74.0 74.0 74.0 74.0 78.0 82.0 84.0 86.0 86.0 86.0 86.0 88.0 88.0 90.0 90.0 90.0 90.0 92.0 92.0 
0.0 2.0 2.0 14.0 14.0 14.0 18.0 18.0 20.0 20.0 20.0 20.0 30.0 30.0 34.0 34.0 38.0 60.0 60.0 60.0 60.0 60.0 60.0 62.0 64.0 64.0 74.0 74.0 74.0 74.0 74.0 74.0 78.0 82.0 84.0 86.0 86.0 86.0 86.0 88.0 88.0 90.0 90.0 90.0 90.0 92.0 92.0 
2.0 2.0 14.0 14.0 14.0 18.0 18.0 20.0 20.0 20.0 20.0 30.0 30.0 34.0 34.0 38.0 60.0 60.0 60.0 60.0 60.0 60.0 62.0 64.0 64.0 74.0 74.0 74.0 74.0 74.0 74.0 78.0 82.0 84.0 86.0 86.0 86.0 86.0 88.0 88.0 90.0 90.0 90.0 90.0 92.0 92.0 
0.0 14.0 14.0 14.0 18.0 18.0 20.0 20.0 20.0 20.0 30.0 30.0 34.0 34.0 38.0 60.0 60.0 60.0 60.0 60.0 60.0 62.0 64.0 64.0 74.0 74.0 74.0 74.0 74.0 74.0 78.0 82.0 84.0 86.0 86.0 86.0 86.0 88.0 88.0 90.0 90.0 90.0 90.0 92.0 92.0 
14.0 14.0 14.0 18.0 18.0 20.0 20.0 20.0 20.0 30.0 30.0 34.0 34.0 38.0 60.0 60.0 60.0 60.0 60.0 60.0 62.0 64.0 64.0 74.0 74.0 74.0 74.0 74.0 74.0 78.0 82.0 84.0 86.0 86.0 86.0 86.0 88.0 88.0 90.0 90.0 90.0 90.0 92.0 92.0 
0.0 0.0 6.0 6.0 8.0 8.0 8.0 8.0 18.0 18.0 22.0 22.0 36.0 60.0 60.0 60.0 60.0 60.0 60.0 62.0 64.0 64.0 74.0 74.0 74.0 74.0 74.0 74.0 78.0 82.0 84.0 86.0 86.0 86.0 86.0 88.0 88.0 90.0 90.0 90.0 90.0 92.0 92.0 
0.0 6.0 6.0 8.0 8.0 8.0 8.0 18.0 18.0 22.0 22.0 36.0 60.0 60.0 60.0 60.0 60.0 60.0 62.0 64.0 64.0 74.0 74.0 74.0 74.0 74.0 74.0 78.0 82.0 84.0 86.0 86.0 86.0 86.0 88.0 88.0 90.0 90.0 90.0 90.0 92.0 92.0 
6.0 6.0 8.0 8.0 8.0 8.0 18.0 18.0 22.0 22.0 36.0 60.0 60.0 60.0 60.0 60.0 60.0 62.0 64.0 64.0 74.0 74.0 74.0 74.0 74.0 74.0 78.0 82.0 84.0 86.0 86.0 86.0 86.0 88.0 88.0 90.0 90.0 90.0 90.0 92.0 92.0 
0.0 2.0 2.0 2.0 2.0 16.0 16.0 20.0 20.0 34.0 60.0 60.0 60.0 60.0 60.0 60.0 62.0 64.0 64.0 74.0 74.0 74.0 74.0 74.0 74.0 78.0 82.0 84.0 86.0 86.0 86.0 86.0 88.0 88.0 90.0 90.0 90.0 90.0 92.0 92.0 
2.0 2.0 2.0 2.0 16.0 16.0 20.0 20.0 34.0 60.0 60.0 60.0 60.0 60.0 60.0 62.0 64.0 64.0 74.0 74.0 74.0 74.0 74.0 74.0 78.0 82.0 84.0 86.0 86.0 86.0 86.0 88.0 88.0 90.0 90.0 90.0 90.0 92.0 92.0 
0.0 0.0 2.0 16.0 16.0 20.0 20.0 34.0 60.0 60.0 60.0 60.0 60.0 60.0 62.0 64.0 64.0 74.0 74.0 74.0 74.0 74.0 74.0 78.0 82.0 84.0 86.0 86.0 86.0 86.0 88.0 88.0 90.0 90.0 90.0 90.0 92.0 92.0 
0.0 2.0 16.0 16.0 20.0 20.0 34.0 60.0 60.0 60.0 60.0 60.0 60.0 62.0 64.0 64.0 74.0 74.0 74.0 74.0 74.0 74.0 78.0 82.0 84.0 86.0 86.0 86.0 86.0 88.0 88.0 90.0 90.0 90.0 90.0 92.0 92.0 
2.0 16.0 16.0 20.0 20.0 34.0 60.0 60.0 60.0 60.0 60.0 60.0 62.0 64.0 64.0 74.0 74.0 74.0 74.0 74.0 74.0 78.0 82.0 84.0 86.0 86.0 86.0 86.0 88.0 88.0 90.0 90.0 90.0 90.0 92.0 92.0 
14.0 14.0 18.0 18.0 32.0 60.0 60.0 60.0 60.0 60.0 60.0 62.0 64.0 64.0 74.0 74.0 74.0 74.0 74.0 74.0 78.0 82.0 84.0 86.0 86.0 86.0 86.0 88.0 88.0 90.0 90.0 90.0 90.0 92.0 92.0 
0.0 6.0 6.0 20.0 56.0 56.0 56.0 56.0 58.0 58.0 60.0 62.0 62.0 74.0 74.0 74.0 74.0 74.0 74.0 78.0 82.0 84.0 86.0 86.0 86.0 86.0 88.0 88.0 90.0 90.0 90.0 90.0 92.0 92.0 
6.0 6.0 20.0 56.0 56.0 56.0 56.0 58.0 58.0 60.0 62.0 62.0 74.0 74.0 74.0 74.0 74.0 74.0 78.0 82.0 84.0 86.0 86.0 86.0 86.0 88.0 88.0 90.0 90.0 90.0 90.0 92.0 92.0 
0.0 14.0 56.0 56.0 56.0 56.0 58.0 58.0 60.0 62.0 62.0 74.0 74.0 74.0 74.0 74.0 74.0 78.0 82.0 84.0 86.0 86.0 86.0 86.0 88.0 88.0 90.0 90.0 90.0 90.0 92.0 92.0 
14.0 56.0 56.0 56.0 56.0 58.0 58.0 60.0 62.0 62.0 74.0 74.0 74.0 74.0 74.0 74.0 78.0 82.0 84.0 86.0 86.0 86.0 86.0 88.0 88.0 90.0 90.0 90.0 90.0 92.0 92.0 
54.0 54.0 54.0 54.0 58.0 58.0 60.0 62.0 62.0 74.0 74.0 74.0 74.0 74.0 74.0 78.0 82.0 84.0 86.0 86.0 86.0 86.0 88.0 88.0 90.0 90.0 90.0 90.0 92.0 92.0 
12.0 12.0 12.0 34.0 34.0 42.0 44.0 44.0 62.0 64.0 64.0 64.0 64.0 64.0 68.0 72.0 74.0 78.0 78.0 78.0 78.0 82.0 82.0 86.0 86.0 86.0 86.0 88.0 88.0 
6.0 6.0 34.0 34.0 42.0 44.0 44.0 62.0 64.0 64.0 64.0 64.0 64.0 68.0 72.0 74.0 78.0 78.0 78.0 78.0 82.0 82.0 86.0 86.0 86.0 86.0 88.0 88.0 
2.0 34.0 34.0 42.0 44.0 44.0 62.0 64.0 64.0 64.0 64.0 64.0 68.0 72.0 74.0 78.0 78.0 78.0 78.0 82.0 82.0 86.0 86.0 86.0 86.0 88.0 88.0 
34.0 34.0 42.0 44.0 44.0 62.0 64.0 64.0 64.0 64.0 64.0 68.0 72.0 74.0 78.0 78.0 78.0 78.0 82.0 82.0 86.0 86.0 86.0 86.0 88.0 88.0 
6.0 18.0 26.0 24.0 54.0 56.0 56.0 56.0 56.0 56.0 60.0 66.0 68.0 78.0 78.0 78.0 78.0 82.0 82.0 86.0 86.0 86.0 86.0 88.0 88.0 
14.0 26.0 24.0 54.0 56.0 56.0 56.0 56.0 56.0 60.0 66.0 68.0 78.0 78.0 78.0 78.0 82.0 82.0 86.0 86.0 86.0 86.0 88.0 88.0 
24.0 22.0 52.0 54.0 54.0 54.0 54.0 54.0 60.0 66.0 68.0 78.0 78.0 78.0 78.0 82.0 82.0 86.0 86.0 86.0 86.0 88.0 88.0 
8.0 42.0 44.0 46.0 50.0 50.0 50.0 58.0 64.0 66.0 78.0 78.0 78.0 78.0 82.0 82.0 86.0 86.0 86.0 86.0 88.0 88.0 
42.0 44.0 46.0 50.0 50.0 50.0 58.0 64.0 66.0 78.0 78.0 78.0 78.0 82.0 82.0 86.0 86.0 86.0 86.0 88.0 88.0 
6.0 6.0 28.0 30.0 30.0 38.0 56.0 58.0 70.0 72.0 72.0 72.0 76.0 76.0 82.0 82.0 82.0 82.0 84.0 84.0 
4.0 26.0 28.0 28.0 36.0 54.0 56.0 68.0 70.0 70.0 70.0 74.0 74.0 80.0 80.0 80.0 80.0 82.0 84.0 
24.0 26.0 26.0 34.0 52.0 54.0 68.0 70.0 70.0 70.0 74.0 74.0 80.0 80.0 80.0 80.0 82.0 84.0 
18.0 18.0 26.0 46.0 48.0 66.0 68.0 68.0 68.0 72.0 72.0 78.0 78.0 78.0 78.0 80.0 82.0 
0.0 16.0 44.0 46.0 66.0 68.0 68.0 68.0 72.0 72.0 78.0 78.0 78.0 78.0 80.0 82.0 
16.0 44.0 46.0 66.0 68.0 68.0 68.0 72.0 72.0 78.0 78.0 78.0 78.0 80.0 82.0 
40.0 40.0 60.0 62.0 62.0 62.0 68.0 68.0 74.0 74.0 74.0 74.0 78.0 80.0 
8.0 58.0 60.0 60.0 60.0 68.0 68.0 74.0 74.0 74.0 74.0 78.0 80.0 
58.0 60.0 60.0 60.0 68.0 68.0 74.0 74.0 74.0 74.0 78.0 80.0 
16.0 20.0 14.0 38.0 50.0 56.0 56.0 66.0 66.0 70.0 72.0 
6.0 8.0 38.0 52.0 58.0 58.0 62.0 62.0 66.0 68.0 
6.0 42.0 50.0 56.0 56.0 62.0 62.0 66.0 68.0 
38.0 46.0 52.0 52.0 62.0 62.0 66.0 68.0 
26.0 38.0 38.0 54.0 54.0 58.0 60.0 
24.0 24.0 44.0 44.0 56.0 58.0 
0.0 20.0 20.0 38.0 40.0 
20.0 20.0 38.0 40.0 
0.0 22.0 32.0 
22.0 32.0 
10.0 
