32.0 32.0 32.0 32.0 40.0 40.0 40.0 44.0 44.0 44.0 44.0 44.0 44.0 44.0 66.0 66.0 64.0 66.0 68.0 68.0 68.0 68.0 72.0 74.0 78.0 78.0 78.0 80.0 78.0 96.0 96.0 96.0 98.0 100.0 100.0 100.0 100.0 100.0 100.0 100.0 104.0 104.0 106.0 106.0 106.0 106.0 106.0 106.0 106.0 
0.0 8.0 8.0 28.0 28.0 30.0 36.0 36.0 36.0 36.0 36.0 36.0 36.0 64.0 64.0 66.0 68.0 68.0 68.0 68.0 68.0 74.0 76.0 82.0 82.0 82.0 84.0 82.0 102.0 102.0 102.0 104.0 106.0 106.0 106.0 106.0 106.0 106.0 106.0 110.0 110.0 112.0 112.0 112.0 112.0 112.0 112.0 112.0 
8.0 8.0 28.0 28.0 30.0 36.0 36.0 36.0 36.0 36.0 36.0 36.0 64.0 64.0 66.0 68.0 68.0 68.0 68.0 68.0 74.0 76.0 82.0 82.0 82.0 84.0 82.0 102.0 102.0 102.0 104.0 106.0 106.0 106.0 106.0 106.0 106.0 106.0 110.0 110.0 112.0 112.0 112.0 112.0 112.0 112.0 112.0 
0.0 28.0 28.0 30.0 36.0 36.0 36.0 36.0 36.0 36.0 36.0 64.0 64.0 66.0 68.0 68.0 68.0 68.0 68.0 74.0 76.0 82.0 82.0 82.0 84.0 82.0 102.0 102.0 102.0 104.0 106.0 106.0 106.0 106.0 106.0 106.0 106.0 110.0 110.0 112.0 112.0 112.0 112.0 112.0 112.0 112.0 
28.0 28.0 30.0 36.0 36.0 36.0 36.0 36.0 36.0 36.0 64.0 64.0 66.0 68.0 68.0 68.0 68.0 68.0 74.0 76.0 82.0 82.0 82.0 84.0 82.0 102.0 102.0 102.0 104.0 106.0 106.0 106.0 106.0 106.0 106.0 106.0 110.0 110.0 112.0 112.0 112.0 112.0 112.0 112.0 112.0 
6.0 8.0 18.0 18.0 18.0 20.0 20.0 20.0 22.0 52.0 52.0 54.0 58.0 62.0 62.0 62.0 62.0 70.0 72.0 78.0 78.0 78.0 80.0 78.0 100.0 100.0 100.0 102.0 104.0 104.0 104.0 104.0 104.0 104.0 104.0 108.0 108.0 110.0 110.0 110.0 110.0 110.0 110.0 110.0 
6.0 18.0 18.0 18.0 20.0 20.0 20.0 22.0 52.0 52.0 54.0 58.0 62.0 62.0 62.0 62.0 70.0 72.0 78.0 78.0 78.0 80.0 78.0 100.0 100.0 100.0 102.0 104.0 104.0 104.0 104.0 104.0 104.0 104.0 108.0 108.0 110.0 110.0 110.0 110.0 110.0 110.0 110.0 
18.0 18.0 18.0 20.0 20.0 20.0 22.0 52.0 52.0 54.0 58.0 62.0 62.0 62.0 62.0 70.0 72.0 78.0 78.0 78.0 80.0 78.0 100.0 100.0 100.0 102.0 104.0 104.0 104.0 104.0 104.0 104.0 104.0 108.0 108.0 110.0 110.0 110.0 110.0 110.0 110.0 110.0 
0.0 4.0 8.0 8.0 8.0 10.0 50.0 50.0 52.0 56.0 60.0 60.0 60.0 60.0 68.0 70.0 78.0 78.0 78.0 80.0 78.0 100.0 100.0 100.0 102.0 104.0 104.0 104.0 104.0 104.0 104.0 104.0 108.0 108.0 110.0 110.0 110.0 110.0 110.0 110.0 110.0 
4.0 8.0 8.0 8.0 10.0 50.0 50.0 52.0 56.0 60.0 60.0 60.0 60.0 68.0 70.0 78.0 78.0 78.0 80.0 78.0 100.0 100.0 100.0 102.0 104.0 104.0 104.0 104.0 104.0 104.0 104.0 108.0 108.0 110.0 110.0 110.0 110.0 110.0 110.0 110.0 
6.0 6.0 6.0 8.0 50.0 50.0 52.0 56.0 60.0 60.0 60.0 60.0 68.0 70.0 78.0 78.0 78.0 80.0 78.0 100.0 100.0 100.0 102.0 104.0 104.0 104.0 104.0 104.0 104.0 104.0 108.0 108.0 110.0 110.0 110.0 110.0 110.0 110.0 110.0 
2.0 4.0 6.0 50.0 50.0 52.0 56.0 60.0 60.0 60.0 60.0 68.0 70.0 78.0 78.0 78.0 80.0 78.0 100.0 100.0 100.0 102.0 104.0 104.0 104.0 104.0 104.0 104.0 104.0 108.0 108.0 110.0 110.0 110.0 110.0 110.0 110.0 110.0 
4.0 6.0 50.0 50.0 52.0 56.0 60.0 60.0 60.0 60.0 68.0 70.0 78.0 78.0 78.0 80.0 78.0 100.0 100.0 100.0 102.0 104.0 104.0 104.0 104.0 104.0 104.0 104.0 108.0 108.0 110.0 110.0 110.0 110.0 110.0 110.0 110.0 
2.0 50.0 50.0 52.0 56.0 60.0 60.0 60.0 60.0 68.0 70.0 78.0 78.0 78.0 80.0 78.0 100.0 100.0 100.0 102.0 104.0 104.0 104.0 104.0 104.0 104.0 104.0 108.0 108.0 110.0 110.0 110.0 110.0 110.0 110.0 110.0 
50.0 50.0 52.0 56.0 60.0 60.0 60.0 60.0 68.0 70.0 78.0 78.0 78.0 80.0 78.0 100.0 100.0 100.0 102.0 104.0 104.0 104.0 104.0 104.0 104.0 104.0 108.0 108.0 110.0 110.0 110.0 110.0 110.0 110.0 110.0 
18.0 18.0 30.0 36.0 38.0 36.0 40.0 56.0 58.0 68.0 68.0 70.0 72.0 70.0 92.0 92.0 92.0 94.0 96.0 96.0 96.0 96.0 96.0 96.0 96.0 102.0 102.0 104.0 104.0 104.0 104.0 104.0 104.0 104.0 
16.0 32.0 38.0 38.0 32.0 36.0 54.0 56.0 68.0 68.0 70.0 72.0 70.0 92.0 92.0 92.0 94.0 96.0 96.0 96.0 96.0 96.0 96.0 96.0 102.0 102.0 104.0 104.0 104.0 104.0 104.0 104.0 104.0 
26.0 32.0 36.0 34.0 40.0 54.0 56.0 66.0 66.0 68.0 70.0 68.0 92.0 92.0 92.0 94.0 96.0 96.0 96.0 96.0 96.0 96.0 96.0 102.0 102.0 104.0 104.0 104.0 104.0 104.0 104.0 104.0 
10.0 16.0 32.0 38.0 50.0 54.0 66.0 66.0 68.0 70.0 68.0 92.0 92.0 92.0 94.0 96.0 96.0 96.0 96.0 96.0 96.0 96.0 102.0 102.0 104.0 104.0 104.0 104.0 104.0 104.0 104.0 
10.0 32.0 36.0 50.0 52.0 66.0 66.0 68.0 70.0 68.0 92.0 92.0 92.0 94.0 96.0 96.0 96.0 96.0 96.0 96.0 96.0 102.0 102.0 104.0 104.0 104.0 104.0 104.0 104.0 104.0 
30.0 34.0 50.0 54.0 66.0 66.0 68.0 70.0 68.0 92.0 92.0 92.0 94.0 96.0 96.0 96.0 96.0 96.0 96.0 96.0 102.0 102.0 104.0 104.0 104.0 104.0 104.0 104.0 104.0 
14.0 48.0 48.0 64.0 64.0 66.0 68.0 66.0 90.0 90.0 90.0 92.0 94.0 94.0 94.0 94.0 94.0 94.0 94.0 100.0 100.0 104.0 104.0 104.0 104.0 104.0 104.0 104.0 
48.0 48.0 64.0 64.0 66.0 68.0 66.0 90.0 90.0 90.0 92.0 94.0 94.0 94.0 94.0 94.0 94.0 94.0 100.0 100.0 104.0 104.0 104.0 104.0 104.0 104.0 104.0 
34.0 56.0 56.0 58.0 58.0 56.0 84.0 84.0 84.0 88.0 90.0 90.0 90.0 92.0 92.0 92.0 92.0 98.0 98.0 102.0 102.0 102.0 102.0 102.0 102.0 102.0 
42.0 42.0 44.0 56.0 56.0 82.0 80.0 80.0 88.0 90.0 90.0 90.0 92.0 92.0 92.0 92.0 98.0 98.0 102.0 102.0 102.0 102.0 102.0 102.0 102.0 
12.0 20.0 38.0 42.0 74.0 72.0 72.0 80.0 84.0 84.0 84.0 84.0 84.0 84.0 84.0 94.0 96.0 100.0 100.0 100.0 100.0 100.0 100.0 100.0 
18.0 36.0 42.0 74.0 72.0 72.0 80.0 84.0 84.0 84.0 84.0 84.0 84.0 84.0 94.0 96.0 100.0 100.0 100.0 100.0 100.0 100.0 100.0 
28.0 36.0 72.0 70.0 70.0 78.0 82.0 82.0 82.0 82.0 82.0 82.0 82.0 92.0 94.0 98.0 98.0 98.0 98.0 98.0 98.0 98.0 
24.0 74.0 74.0 74.0 78.0 82.0 82.0 82.0 82.0 82.0 82.0 82.0 92.0 94.0 98.0 98.0 98.0 98.0 98.0 98.0 98.0 
72.0 72.0 72.0 78.0 80.0 80.0 80.0 82.0 82.0 82.0 82.0 94.0 94.0 98.0 98.0 98.0 98.0 98.0 98.0 98.0 
12.0 12.0 30.0 44.0 44.0 44.0 48.0 52.0 52.0 52.0 68.0 72.0 80.0 80.0 80.0 80.0 80.0 80.0 84.0 
0.0 26.0 44.0 44.0 44.0 48.0 52.0 52.0 52.0 68.0 72.0 80.0 80.0 80.0 80.0 80.0 80.0 84.0 
26.0 44.0 44.0 44.0 48.0 52.0 52.0 52.0 68.0 72.0 80.0 80.0 80.0 80.0 80.0 80.0 84.0 
24.0 24.0 24.0 30.0 34.0 34.0 34.0 52.0 56.0 66.0 66.0 66.0 66.0 66.0 66.0 70.0 
2.0 0.0 16.0 20.0 26.0 26.0 50.0 48.0 64.0 64.0 64.0 64.0 64.0 64.0 68.0 
2.0 16.0 20.0 26.0 26.0 50.0 50.0 64.0 64.0 64.0 64.0 64.0 64.0 68.0 
16.0 20.0 26.0 26.0 50.0 48.0 64.0 64.0 64.0 64.0 64.0 64.0 68.0 
14.0 16.0 16.0 42.0 48.0 60.0 60.0 60.0 60.0 60.0 60.0 64.0 
6.0 6.0 32.0 40.0 52.0 52.0 52.0 52.0 52.0 52.0 56.0 
0.0 30.0 38.0 52.0 52.0 52.0 52.0 52.0 52.0 56.0 
30.0 38.0 52.0 52.0 52.0 52.0 52.0 52.0 56.0 
14.0 36.0 36.0 36.0 38.0 38.0 38.0 44.0 
30.0 30.0 30.0 32.0 32.0 32.0 38.0 
2.0 6.0 20.0 20.0 20.0 26.0 
6.0 20.0 20.0 20.0 26.0 
20.0 20.0 20.0 26.0 
0.0 4.0 12.0 
4.0 12.0 
10.0 
