24.0 40.0 42.0 50.0 56.0 38.0 38.0 38.0 38.0 40.0 42.0 46.0 46.0 46.0 48.0 48.0 48.0 48.0 58.0 58.0 72.0 74.0 74.0 82.0 82.0 82.0 86.0 86.0 88.0 88.0 88.0 88.0 92.0 92.0 92.0 92.0 92.0 94.0 94.0 94.0 96.0 96.0 96.0 96.0 100.0 100.0 100.0 100.0 100.0 
24.0 26.0 40.0 50.0 20.0 20.0 20.0 32.0 40.0 44.0 52.0 52.0 52.0 54.0 54.0 54.0 54.0 64.0 64.0 78.0 80.0 80.0 88.0 88.0 88.0 94.0 94.0 96.0 96.0 96.0 96.0 100.0 100.0 100.0 100.0 100.0 102.0 102.0 102.0 104.0 104.0 104.0 104.0 108.0 108.0 108.0 108.0 108.0 
14.0 28.0 40.0 32.0 32.0 32.0 42.0 50.0 52.0 60.0 60.0 60.0 62.0 62.0 62.0 62.0 70.0 70.0 78.0 80.0 80.0 88.0 88.0 88.0 94.0 94.0 96.0 96.0 96.0 96.0 100.0 100.0 100.0 100.0 100.0 102.0 102.0 102.0 104.0 104.0 104.0 104.0 108.0 108.0 108.0 108.0 108.0 
28.0 40.0 32.0 32.0 32.0 42.0 50.0 52.0 60.0 60.0 60.0 62.0 62.0 62.0 62.0 70.0 70.0 78.0 80.0 80.0 88.0 88.0 88.0 94.0 94.0 96.0 96.0 96.0 96.0 100.0 100.0 100.0 100.0 100.0 102.0 102.0 102.0 104.0 104.0 104.0 104.0 108.0 108.0 108.0 108.0 108.0 
24.0 42.0 42.0 42.0 52.0 56.0 58.0 66.0 66.0 66.0 68.0 68.0 68.0 68.0 72.0 72.0 80.0 82.0 82.0 90.0 90.0 90.0 96.0 96.0 98.0 98.0 98.0 98.0 102.0 102.0 102.0 102.0 102.0 104.0 104.0 104.0 104.0 104.0 104.0 104.0 108.0 108.0 108.0 108.0 108.0 
50.0 50.0 50.0 56.0 58.0 60.0 66.0 66.0 66.0 68.0 68.0 68.0 68.0 72.0 72.0 80.0 82.0 82.0 90.0 90.0 90.0 96.0 96.0 98.0 98.0 98.0 98.0 102.0 102.0 102.0 102.0 102.0 104.0 104.0 104.0 102.0 102.0 102.0 102.0 106.0 106.0 106.0 106.0 106.0 
0.0 0.0 30.0 40.0 44.0 52.0 52.0 52.0 54.0 54.0 54.0 54.0 64.0 64.0 78.0 80.0 80.0 88.0 88.0 88.0 94.0 94.0 96.0 96.0 96.0 96.0 100.0 100.0 100.0 100.0 100.0 102.0 102.0 102.0 104.0 104.0 104.0 104.0 108.0 108.0 108.0 108.0 108.0 
0.0 30.0 40.0 44.0 52.0 52.0 52.0 54.0 54.0 54.0 54.0 64.0 64.0 78.0 80.0 80.0 88.0 88.0 88.0 94.0 94.0 96.0 96.0 96.0 96.0 100.0 100.0 100.0 100.0 100.0 102.0 102.0 102.0 104.0 104.0 104.0 104.0 108.0 108.0 108.0 108.0 108.0 
30.0 40.0 44.0 52.0 52.0 52.0 54.0 54.0 54.0 54.0 64.0 64.0 78.0 80.0 80.0 88.0 88.0 88.0 94.0 94.0 96.0 96.0 96.0 96.0 100.0 100.0 100.0 100.0 100.0 102.0 102.0 102.0 104.0 104.0 104.0 104.0 108.0 108.0 108.0 108.0 108.0 
22.0 34.0 48.0 48.0 48.0 50.0 50.0 50.0 50.0 60.0 60.0 76.0 78.0 78.0 86.0 86.0 86.0 92.0 92.0 94.0 94.0 94.0 94.0 98.0 98.0 98.0 98.0 98.0 100.0 100.0 100.0 102.0 102.0 102.0 102.0 106.0 106.0 106.0 106.0 106.0 
20.0 46.0 46.0 46.0 48.0 48.0 48.0 48.0 58.0 58.0 74.0 76.0 76.0 84.0 84.0 84.0 90.0 90.0 92.0 92.0 92.0 92.0 96.0 96.0 96.0 96.0 96.0 98.0 98.0 98.0 100.0 100.0 100.0 100.0 104.0 104.0 104.0 104.0 104.0 
38.0 38.0 42.0 46.0 46.0 44.0 44.0 56.0 56.0 72.0 74.0 74.0 82.0 82.0 82.0 90.0 90.0 92.0 92.0 92.0 92.0 96.0 96.0 96.0 96.0 96.0 98.0 98.0 98.0 100.0 100.0 100.0 100.0 104.0 104.0 104.0 104.0 104.0 
2.0 14.0 16.0 20.0 18.0 18.0 48.0 48.0 64.0 68.0 68.0 78.0 78.0 78.0 86.0 86.0 88.0 88.0 88.0 88.0 92.0 92.0 92.0 92.0 92.0 94.0 94.0 94.0 96.0 96.0 96.0 96.0 100.0 100.0 100.0 100.0 100.0 
14.0 18.0 20.0 18.0 18.0 48.0 48.0 64.0 68.0 68.0 78.0 78.0 78.0 86.0 86.0 88.0 88.0 88.0 88.0 92.0 92.0 92.0 92.0 92.0 94.0 94.0 94.0 96.0 96.0 96.0 96.0 100.0 100.0 100.0 100.0 100.0 
16.0 18.0 20.0 20.0 44.0 44.0 60.0 64.0 64.0 74.0 74.0 74.0 82.0 82.0 84.0 84.0 84.0 84.0 88.0 88.0 88.0 88.0 88.0 90.0 90.0 90.0 92.0 92.0 92.0 92.0 96.0 96.0 96.0 96.0 96.0 
4.0 6.0 6.0 40.0 40.0 58.0 62.0 62.0 72.0 72.0 72.0 82.0 82.0 84.0 84.0 84.0 84.0 88.0 88.0 88.0 88.0 88.0 90.0 90.0 90.0 92.0 92.0 92.0 92.0 96.0 96.0 96.0 96.0 96.0 
2.0 2.0 40.0 40.0 58.0 62.0 62.0 72.0 72.0 72.0 82.0 82.0 84.0 84.0 84.0 84.0 88.0 88.0 88.0 88.0 88.0 90.0 90.0 90.0 92.0 92.0 92.0 92.0 96.0 96.0 96.0 96.0 96.0 
0.0 40.0 40.0 58.0 62.0 62.0 72.0 72.0 72.0 82.0 82.0 84.0 84.0 84.0 84.0 88.0 88.0 88.0 88.0 88.0 90.0 90.0 90.0 92.0 92.0 92.0 92.0 96.0 96.0 96.0 96.0 96.0 
40.0 40.0 58.0 62.0 62.0 72.0 72.0 72.0 82.0 82.0 84.0 84.0 84.0 84.0 88.0 88.0 88.0 88.0 88.0 90.0 90.0 90.0 92.0 92.0 92.0 92.0 96.0 96.0 96.0 96.0 96.0 
4.0 50.0 54.0 56.0 66.0 66.0 66.0 76.0 76.0 78.0 78.0 78.0 78.0 82.0 82.0 82.0 82.0 82.0 84.0 84.0 84.0 90.0 90.0 90.0 90.0 96.0 96.0 96.0 96.0 96.0 
48.0 52.0 56.0 66.0 66.0 66.0 76.0 76.0 78.0 78.0 78.0 78.0 82.0 82.0 82.0 82.0 82.0 84.0 84.0 84.0 90.0 90.0 90.0 90.0 96.0 96.0 96.0 96.0 96.0 
10.0 26.0 56.0 56.0 58.0 68.0 68.0 70.0 70.0 70.0 70.0 74.0 74.0 74.0 74.0 76.0 76.0 76.0 78.0 84.0 84.0 84.0 84.0 90.0 90.0 90.0 90.0 90.0 
24.0 54.0 54.0 56.0 66.0 66.0 70.0 70.0 70.0 70.0 74.0 74.0 74.0 74.0 76.0 76.0 76.0 78.0 84.0 84.0 84.0 84.0 90.0 90.0 90.0 90.0 90.0 
44.0 44.0 46.0 60.0 60.0 64.0 64.0 64.0 64.0 68.0 68.0 68.0 68.0 70.0 74.0 74.0 76.0 82.0 82.0 82.0 82.0 88.0 88.0 88.0 88.0 88.0 
8.0 10.0 32.0 30.0 40.0 42.0 40.0 42.0 50.0 54.0 54.0 58.0 60.0 64.0 64.0 66.0 72.0 72.0 72.0 72.0 82.0 82.0 82.0 82.0 82.0 
2.0 28.0 32.0 40.0 44.0 42.0 46.0 52.0 54.0 54.0 58.0 60.0 64.0 64.0 66.0 72.0 72.0 72.0 72.0 82.0 82.0 82.0 82.0 82.0 
28.0 32.0 40.0 44.0 42.0 46.0 52.0 54.0 54.0 58.0 60.0 64.0 64.0 66.0 72.0 72.0 72.0 72.0 82.0 82.0 82.0 82.0 82.0 
8.0 24.0 30.0 36.0 36.0 42.0 44.0 46.0 50.0 52.0 56.0 56.0 58.0 64.0 64.0 64.0 64.0 74.0 74.0 74.0 74.0 74.0 
20.0 28.0 32.0 34.0 42.0 44.0 46.0 50.0 52.0 56.0 56.0 58.0 64.0 64.0 64.0 64.0 74.0 74.0 74.0 74.0 74.0 
10.0 26.0 30.0 38.0 40.0 42.0 48.0 50.0 54.0 56.0 58.0 64.0 64.0 64.0 64.0 74.0 74.0 74.0 74.0 74.0 
22.0 24.0 34.0 38.0 40.0 46.0 48.0 52.0 54.0 56.0 64.0 64.0 64.0 64.0 74.0 74.0 74.0 74.0 74.0 
6.0 20.0 34.0 40.0 46.0 46.0 50.0 52.0 54.0 62.0 62.0 62.0 62.0 72.0 72.0 72.0 72.0 72.0 
18.0 34.0 40.0 46.0 46.0 50.0 52.0 54.0 62.0 62.0 62.0 62.0 72.0 72.0 72.0 72.0 72.0 
20.0 26.0 40.0 40.0 46.0 48.0 50.0 58.0 58.0 58.0 58.0 72.0 72.0 72.0 72.0 72.0 
16.0 34.0 32.0 38.0 46.0 50.0 58.0 58.0 58.0 58.0 72.0 72.0 72.0 72.0 72.0 
32.0 36.0 42.0 50.0 52.0 60.0 60.0 60.0 60.0 74.0 74.0 74.0 74.0 74.0 
20.0 24.0 40.0 42.0 52.0 52.0 52.0 52.0 68.0 72.0 72.0 72.0 72.0 
24.0 38.0 38.0 46.0 46.0 46.0 46.0 62.0 70.0 70.0 70.0 70.0 
28.0 32.0 42.0 42.0 44.0 44.0 60.0 64.0 64.0 64.0 64.0 
20.0 40.0 38.0 42.0 42.0 60.0 64.0 64.0 64.0 64.0 
34.0 32.0 36.0 36.0 58.0 64.0 64.0 64.0 64.0 
14.0 26.0 26.0 52.0 60.0 60.0 60.0 60.0 
26.0 26.0 50.0 60.0 60.0 60.0 60.0 
0.0 34.0 48.0 50.0 50.0 50.0 
34.0 48.0 50.0 50.0 50.0 
26.0 32.0 32.0 34.0 
16.0 16.0 18.0 
0.0 4.0 
4.0 
