14.0 20.0 32.0 32.0 32.0 32.0 38.0 40.0 52.0 52.0 52.0 54.0 54.0 54.0 54.0 54.0 58.0 58.0 58.0 60.0 60.0 60.0 62.0 66.0 66.0 66.0 66.0 66.0 66.0 66.0 66.0 66.0 66.0 66.0 66.0 66.0 66.0 70.0 70.0 74.0 74.0 82.0 84.0 94.0 94.0 94.0 94.0 94.0 94.0 
6.0 18.0 18.0 18.0 18.0 24.0 26.0 40.0 40.0 40.0 44.0 44.0 44.0 46.0 46.0 50.0 50.0 50.0 52.0 52.0 56.0 58.0 62.0 62.0 62.0 68.0 68.0 68.0 68.0 68.0 68.0 68.0 68.0 68.0 68.0 68.0 72.0 72.0 76.0 78.0 86.0 88.0 98.0 98.0 98.0 98.0 98.0 98.0 
16.0 16.0 16.0 16.0 22.0 24.0 40.0 40.0 40.0 44.0 44.0 44.0 46.0 46.0 50.0 50.0 50.0 52.0 52.0 56.0 58.0 62.0 62.0 62.0 68.0 68.0 68.0 68.0 68.0 68.0 68.0 68.0 68.0 68.0 68.0 72.0 72.0 76.0 78.0 86.0 88.0 98.0 98.0 98.0 98.0 98.0 98.0 
0.0 0.0 2.0 10.0 16.0 38.0 38.0 38.0 42.0 42.0 42.0 46.0 46.0 48.0 50.0 50.0 52.0 52.0 56.0 58.0 62.0 62.0 62.0 68.0 68.0 68.0 68.0 68.0 68.0 68.0 68.0 68.0 68.0 68.0 72.0 72.0 76.0 78.0 86.0 88.0 98.0 98.0 98.0 98.0 98.0 98.0 
0.0 2.0 10.0 16.0 38.0 38.0 38.0 42.0 42.0 42.0 46.0 46.0 48.0 50.0 50.0 52.0 52.0 56.0 58.0 62.0 62.0 62.0 68.0 68.0 68.0 68.0 68.0 68.0 68.0 68.0 68.0 68.0 68.0 72.0 72.0 76.0 78.0 86.0 88.0 98.0 98.0 98.0 98.0 98.0 98.0 
2.0 10.0 16.0 38.0 38.0 38.0 42.0 42.0 42.0 46.0 46.0 48.0 50.0 50.0 52.0 52.0 56.0 58.0 62.0 62.0 62.0 68.0 68.0 68.0 68.0 68.0 68.0 68.0 68.0 68.0 68.0 68.0 72.0 72.0 76.0 78.0 86.0 88.0 98.0 98.0 98.0 98.0 98.0 98.0 
8.0 14.0 36.0 36.0 36.0 40.0 40.0 40.0 44.0 44.0 46.0 48.0 48.0 52.0 52.0 56.0 58.0 62.0 62.0 62.0 68.0 68.0 68.0 68.0 68.0 68.0 68.0 68.0 68.0 68.0 68.0 72.0 72.0 76.0 78.0 86.0 88.0 98.0 98.0 98.0 98.0 98.0 98.0 
6.0 32.0 32.0 32.0 36.0 36.0 36.0 42.0 42.0 46.0 48.0 48.0 52.0 52.0 56.0 58.0 62.0 62.0 62.0 68.0 68.0 68.0 68.0 68.0 68.0 68.0 68.0 68.0 68.0 68.0 72.0 72.0 76.0 78.0 86.0 88.0 98.0 98.0 98.0 98.0 98.0 98.0 
32.0 32.0 32.0 36.0 36.0 36.0 42.0 42.0 46.0 48.0 48.0 52.0 52.0 56.0 58.0 62.0 62.0 62.0 68.0 68.0 68.0 68.0 68.0 68.0 68.0 68.0 68.0 68.0 68.0 72.0 72.0 76.0 78.0 86.0 88.0 98.0 98.0 98.0 98.0 98.0 98.0 
4.0 8.0 10.0 10.0 16.0 24.0 24.0 30.0 34.0 32.0 44.0 44.0 50.0 52.0 58.0 58.0 58.0 64.0 64.0 64.0 64.0 64.0 64.0 64.0 64.0 64.0 64.0 64.0 68.0 68.0 72.0 74.0 86.0 88.0 98.0 98.0 98.0 98.0 98.0 98.0 
4.0 6.0 6.0 12.0 20.0 20.0 30.0 34.0 30.0 44.0 44.0 50.0 52.0 58.0 58.0 58.0 64.0 64.0 64.0 64.0 64.0 64.0 64.0 64.0 64.0 64.0 64.0 68.0 68.0 72.0 74.0 86.0 88.0 98.0 98.0 98.0 98.0 98.0 98.0 
10.0 10.0 16.0 24.0 24.0 34.0 36.0 34.0 44.0 44.0 50.0 52.0 58.0 58.0 58.0 64.0 64.0 64.0 64.0 64.0 64.0 64.0 64.0 64.0 64.0 64.0 68.0 68.0 72.0 74.0 86.0 88.0 98.0 98.0 98.0 98.0 98.0 98.0 
0.0 6.0 18.0 18.0 28.0 32.0 32.0 44.0 44.0 50.0 52.0 58.0 58.0 58.0 64.0 64.0 64.0 64.0 64.0 64.0 64.0 64.0 64.0 64.0 64.0 68.0 68.0 72.0 74.0 86.0 88.0 98.0 98.0 98.0 98.0 98.0 98.0 
6.0 18.0 18.0 28.0 32.0 32.0 44.0 44.0 50.0 52.0 58.0 58.0 58.0 64.0 64.0 64.0 64.0 64.0 64.0 64.0 64.0 64.0 64.0 64.0 68.0 68.0 72.0 74.0 86.0 88.0 98.0 98.0 98.0 98.0 98.0 98.0 
14.0 14.0 26.0 30.0 30.0 42.0 42.0 48.0 50.0 58.0 58.0 58.0 64.0 64.0 64.0 64.0 64.0 64.0 64.0 64.0 64.0 64.0 64.0 68.0 68.0 72.0 74.0 86.0 88.0 98.0 98.0 98.0 98.0 98.0 98.0 
4.0 22.0 24.0 22.0 34.0 34.0 44.0 48.0 58.0 58.0 58.0 64.0 64.0 64.0 64.0 64.0 64.0 64.0 64.0 64.0 64.0 64.0 68.0 68.0 72.0 74.0 86.0 88.0 98.0 98.0 98.0 98.0 98.0 98.0 
22.0 24.0 22.0 34.0 34.0 44.0 48.0 58.0 58.0 58.0 64.0 64.0 64.0 64.0 64.0 64.0 64.0 64.0 64.0 64.0 64.0 68.0 68.0 72.0 74.0 86.0 88.0 98.0 98.0 98.0 98.0 98.0 98.0 
10.0 22.0 30.0 32.0 42.0 46.0 56.0 56.0 56.0 64.0 64.0 64.0 64.0 64.0 64.0 64.0 64.0 64.0 64.0 64.0 68.0 68.0 72.0 74.0 86.0 88.0 98.0 98.0 98.0 98.0 98.0 98.0 
22.0 28.0 30.0 40.0 44.0 56.0 56.0 56.0 64.0 64.0 64.0 64.0 64.0 64.0 64.0 64.0 64.0 64.0 64.0 68.0 68.0 72.0 74.0 86.0 88.0 98.0 98.0 98.0 98.0 98.0 98.0 
26.0 28.0 38.0 44.0 56.0 56.0 56.0 64.0 64.0 64.0 64.0 64.0 64.0 64.0 64.0 64.0 64.0 64.0 68.0 68.0 72.0 74.0 86.0 88.0 98.0 98.0 98.0 98.0 98.0 98.0 
18.0 30.0 36.0 54.0 54.0 56.0 64.0 64.0 64.0 62.0 62.0 62.0 62.0 62.0 62.0 62.0 62.0 66.0 68.0 72.0 74.0 86.0 88.0 98.0 98.0 98.0 98.0 98.0 98.0 
30.0 36.0 54.0 54.0 56.0 64.0 64.0 64.0 62.0 62.0 62.0 62.0 62.0 62.0 62.0 62.0 66.0 68.0 72.0 74.0 86.0 88.0 98.0 98.0 98.0 98.0 98.0 98.0 
18.0 44.0 44.0 46.0 56.0 56.0 56.0 54.0 54.0 54.0 54.0 54.0 54.0 54.0 54.0 58.0 60.0 64.0 66.0 86.0 88.0 98.0 98.0 98.0 98.0 98.0 98.0 
44.0 44.0 46.0 56.0 56.0 56.0 54.0 54.0 54.0 54.0 54.0 54.0 54.0 54.0 58.0 60.0 64.0 66.0 86.0 88.0 98.0 98.0 98.0 98.0 98.0 98.0 
4.0 14.0 36.0 34.0 34.0 32.0 36.0 42.0 42.0 42.0 42.0 42.0 42.0 46.0 48.0 54.0 58.0 84.0 88.0 98.0 98.0 98.0 98.0 98.0 98.0 
10.0 36.0 34.0 34.0 32.0 36.0 42.0 42.0 42.0 42.0 42.0 42.0 46.0 48.0 54.0 58.0 84.0 88.0 98.0 98.0 98.0 98.0 98.0 98.0 
32.0 30.0 30.0 32.0 36.0 42.0 42.0 42.0 42.0 42.0 42.0 46.0 44.0 50.0 54.0 84.0 88.0 98.0 98.0 98.0 98.0 98.0 98.0 
2.0 8.0 10.0 14.0 26.0 26.0 26.0 26.0 26.0 32.0 36.0 34.0 42.0 44.0 78.0 82.0 92.0 92.0 92.0 92.0 92.0 92.0 
6.0 8.0 12.0 26.0 26.0 26.0 26.0 26.0 32.0 36.0 34.0 42.0 44.0 78.0 82.0 92.0 92.0 92.0 92.0 92.0 92.0 
4.0 8.0 26.0 26.0 26.0 26.0 26.0 32.0 36.0 34.0 42.0 44.0 78.0 82.0 92.0 92.0 92.0 92.0 92.0 92.0 
4.0 24.0 24.0 24.0 24.0 24.0 30.0 34.0 36.0 44.0 46.0 78.0 82.0 92.0 92.0 92.0 92.0 92.0 92.0 
20.0 22.0 22.0 22.0 22.0 30.0 34.0 36.0 44.0 46.0 78.0 82.0 92.0 92.0 92.0 92.0 92.0 92.0 
18.0 18.0 20.0 20.0 22.0 24.0 30.0 44.0 44.0 78.0 82.0 92.0 92.0 92.0 92.0 92.0 92.0 
2.0 4.0 4.0 22.0 28.0 30.0 44.0 44.0 78.0 82.0 92.0 92.0 92.0 92.0 92.0 92.0 
6.0 6.0 22.0 28.0 30.0 44.0 44.0 78.0 82.0 92.0 92.0 92.0 92.0 92.0 92.0 
0.0 24.0 30.0 32.0 44.0 44.0 78.0 82.0 92.0 92.0 92.0 92.0 92.0 92.0 
24.0 30.0 32.0 44.0 44.0 78.0 82.0 92.0 92.0 92.0 92.0 92.0 92.0 
20.0 24.0 42.0 42.0 78.0 82.0 92.0 92.0 92.0 92.0 92.0 92.0 
14.0 40.0 40.0 76.0 82.0 92.0 92.0 92.0 92.0 92.0 92.0 
34.0 34.0 76.0 82.0 92.0 92.0 92.0 92.0 92.0 92.0 
12.0 70.0 74.0 88.0 88.0 88.0 88.0 88.0 88.0 
72.0 76.0 88.0 88.0 88.0 88.0 88.0 88.0 
32.0 62.0 68.0 68.0 68.0 70.0 70.0 
46.0 50.0 50.0 50.0 56.0 60.0 
18.0 18.0 16.0 24.0 36.0 
0.0 6.0 14.0 28.0 
6.0 14.0 28.0 
16.0 28.0 
14.0 
