16.0 16.0 30.0 30.0 30.0 36.0 38.0 38.0 38.0 46.0 46.0 44.0 44.0 46.0 50.0 58.0 58.0 58.0 58.0 58.0 58.0 62.0 62.0 62.0 62.0 62.0 62.0 62.0 64.0 70.0 70.0 70.0 76.0 72.0 72.0 72.0 74.0 76.0 76.0 76.0 78.0 78.0 78.0 78.0 78.0 78.0 78.0 78.0 78.0 
0.0 16.0 16.0 16.0 24.0 28.0 28.0 28.0 36.0 36.0 38.0 44.0 46.0 48.0 54.0 54.0 54.0 54.0 54.0 54.0 58.0 58.0 58.0 58.0 58.0 58.0 58.0 60.0 66.0 66.0 66.0 72.0 72.0 72.0 72.0 74.0 76.0 76.0 76.0 78.0 78.0 82.0 82.0 82.0 82.0 82.0 82.0 82.0 
16.0 16.0 16.0 24.0 28.0 28.0 28.0 36.0 36.0 38.0 44.0 46.0 48.0 54.0 54.0 54.0 54.0 54.0 54.0 58.0 58.0 58.0 58.0 58.0 58.0 58.0 60.0 66.0 66.0 66.0 72.0 72.0 72.0 72.0 74.0 76.0 76.0 76.0 78.0 78.0 82.0 82.0 82.0 82.0 82.0 82.0 82.0 
0.0 0.0 24.0 28.0 28.0 28.0 36.0 36.0 38.0 44.0 46.0 48.0 54.0 54.0 54.0 54.0 54.0 54.0 58.0 58.0 58.0 58.0 58.0 58.0 58.0 60.0 66.0 66.0 66.0 72.0 72.0 72.0 72.0 74.0 76.0 76.0 76.0 78.0 78.0 82.0 82.0 82.0 82.0 82.0 82.0 82.0 
0.0 24.0 28.0 28.0 28.0 36.0 36.0 38.0 44.0 46.0 48.0 54.0 54.0 54.0 54.0 54.0 54.0 58.0 58.0 58.0 58.0 58.0 58.0 58.0 60.0 66.0 66.0 66.0 72.0 72.0 72.0 72.0 74.0 76.0 76.0 76.0 78.0 78.0 82.0 82.0 82.0 82.0 82.0 82.0 82.0 
24.0 28.0 28.0 28.0 36.0 36.0 38.0 44.0 46.0 48.0 54.0 54.0 54.0 54.0 54.0 54.0 58.0 58.0 58.0 58.0 58.0 58.0 58.0 60.0 66.0 66.0 66.0 72.0 72.0 72.0 72.0 74.0 76.0 76.0 76.0 78.0 78.0 82.0 82.0 82.0 82.0 82.0 82.0 82.0 
12.0 12.0 14.0 24.0 24.0 26.0 34.0 36.0 40.0 48.0 48.0 48.0 48.0 48.0 48.0 56.0 56.0 56.0 56.0 56.0 56.0 56.0 58.0 64.0 64.0 64.0 72.0 74.0 74.0 74.0 76.0 78.0 78.0 78.0 80.0 80.0 84.0 84.0 84.0 84.0 84.0 84.0 84.0 
0.0 6.0 18.0 20.0 22.0 30.0 32.0 36.0 46.0 46.0 46.0 46.0 46.0 46.0 54.0 54.0 54.0 54.0 54.0 56.0 56.0 58.0 64.0 64.0 64.0 72.0 74.0 74.0 74.0 76.0 78.0 78.0 78.0 80.0 80.0 84.0 84.0 84.0 84.0 84.0 84.0 84.0 
6.0 18.0 20.0 22.0 30.0 32.0 36.0 46.0 46.0 46.0 46.0 46.0 46.0 54.0 54.0 54.0 54.0 54.0 56.0 56.0 58.0 64.0 64.0 64.0 72.0 74.0 74.0 74.0 76.0 78.0 78.0 78.0 80.0 80.0 84.0 84.0 84.0 84.0 84.0 84.0 84.0 
14.0 16.0 20.0 28.0 30.0 36.0 46.0 46.0 46.0 46.0 46.0 46.0 54.0 54.0 54.0 54.0 54.0 56.0 56.0 58.0 64.0 64.0 64.0 72.0 74.0 74.0 74.0 76.0 78.0 78.0 78.0 80.0 80.0 84.0 84.0 84.0 84.0 84.0 84.0 84.0 
8.0 14.0 22.0 24.0 30.0 42.0 42.0 44.0 44.0 44.0 44.0 52.0 52.0 52.0 52.0 52.0 54.0 54.0 56.0 62.0 62.0 62.0 72.0 74.0 74.0 74.0 76.0 78.0 78.0 78.0 80.0 80.0 84.0 84.0 84.0 84.0 84.0 84.0 84.0 
6.0 14.0 16.0 30.0 42.0 42.0 44.0 44.0 44.0 44.0 52.0 52.0 52.0 52.0 52.0 54.0 54.0 56.0 62.0 62.0 62.0 72.0 74.0 74.0 74.0 76.0 78.0 78.0 78.0 80.0 80.0 84.0 84.0 84.0 84.0 84.0 84.0 84.0 
14.0 16.0 32.0 44.0 44.0 44.0 44.0 44.0 44.0 52.0 52.0 52.0 52.0 52.0 54.0 54.0 56.0 62.0 62.0 62.0 72.0 74.0 74.0 74.0 76.0 78.0 78.0 78.0 80.0 80.0 84.0 84.0 84.0 84.0 84.0 84.0 84.0 
2.0 24.0 38.0 38.0 40.0 44.0 44.0 44.0 52.0 52.0 52.0 52.0 52.0 54.0 54.0 56.0 62.0 62.0 62.0 72.0 74.0 74.0 74.0 76.0 78.0 78.0 78.0 80.0 80.0 84.0 84.0 84.0 84.0 84.0 84.0 84.0 
22.0 38.0 38.0 40.0 44.0 44.0 44.0 52.0 52.0 52.0 52.0 52.0 54.0 54.0 56.0 62.0 62.0 62.0 72.0 74.0 74.0 74.0 76.0 78.0 78.0 78.0 80.0 80.0 84.0 84.0 84.0 84.0 84.0 84.0 84.0 
34.0 34.0 38.0 42.0 42.0 42.0 50.0 50.0 50.0 50.0 50.0 52.0 52.0 54.0 60.0 60.0 60.0 70.0 74.0 74.0 74.0 76.0 78.0 78.0 78.0 80.0 80.0 84.0 84.0 84.0 84.0 84.0 84.0 84.0 
0.0 8.0 10.0 12.0 16.0 30.0 34.0 34.0 36.0 36.0 38.0 38.0 40.0 48.0 48.0 48.0 62.0 68.0 70.0 70.0 72.0 74.0 74.0 74.0 78.0 78.0 82.0 82.0 82.0 82.0 82.0 82.0 82.0 
8.0 10.0 12.0 16.0 30.0 34.0 34.0 36.0 36.0 38.0 38.0 40.0 48.0 48.0 48.0 62.0 68.0 70.0 70.0 72.0 74.0 74.0 74.0 78.0 78.0 82.0 82.0 82.0 82.0 82.0 82.0 82.0 
10.0 10.0 16.0 28.0 32.0 34.0 36.0 36.0 38.0 38.0 40.0 48.0 48.0 48.0 62.0 68.0 70.0 70.0 72.0 74.0 74.0 74.0 78.0 78.0 82.0 82.0 82.0 82.0 82.0 82.0 82.0 
2.0 14.0 26.0 30.0 32.0 34.0 34.0 36.0 36.0 38.0 46.0 46.0 46.0 60.0 66.0 68.0 68.0 70.0 72.0 72.0 72.0 76.0 76.0 82.0 82.0 82.0 82.0 82.0 82.0 82.0 
14.0 26.0 30.0 32.0 34.0 34.0 36.0 36.0 38.0 46.0 46.0 46.0 60.0 66.0 68.0 68.0 70.0 72.0 72.0 72.0 76.0 76.0 82.0 82.0 82.0 82.0 82.0 82.0 82.0 
28.0 32.0 32.0 34.0 34.0 36.0 36.0 38.0 46.0 46.0 46.0 60.0 66.0 68.0 68.0 70.0 72.0 72.0 72.0 76.0 76.0 82.0 82.0 82.0 82.0 82.0 82.0 82.0 
12.0 18.0 28.0 28.0 30.0 30.0 32.0 40.0 40.0 40.0 58.0 64.0 66.0 66.0 68.0 70.0 70.0 70.0 74.0 74.0 82.0 82.0 82.0 82.0 82.0 82.0 82.0 
6.0 20.0 20.0 22.0 22.0 24.0 32.0 32.0 32.0 56.0 62.0 64.0 66.0 68.0 70.0 70.0 70.0 74.0 74.0 82.0 82.0 82.0 82.0 82.0 82.0 82.0 
18.0 20.0 22.0 22.0 24.0 32.0 32.0 32.0 56.0 62.0 64.0 66.0 68.0 70.0 70.0 70.0 74.0 74.0 82.0 82.0 82.0 82.0 82.0 82.0 82.0 
6.0 12.0 16.0 16.0 30.0 30.0 30.0 56.0 62.0 64.0 66.0 68.0 70.0 70.0 70.0 74.0 74.0 82.0 82.0 82.0 82.0 82.0 82.0 82.0 
6.0 10.0 12.0 30.0 30.0 30.0 56.0 62.0 64.0 66.0 68.0 70.0 70.0 70.0 74.0 74.0 82.0 82.0 82.0 82.0 82.0 82.0 82.0 
6.0 8.0 28.0 28.0 28.0 56.0 62.0 64.0 66.0 68.0 70.0 70.0 70.0 74.0 74.0 82.0 82.0 82.0 82.0 82.0 82.0 82.0 
6.0 22.0 28.0 26.0 56.0 62.0 64.0 66.0 68.0 70.0 70.0 70.0 74.0 74.0 82.0 82.0 82.0 82.0 82.0 82.0 82.0 
22.0 26.0 26.0 56.0 62.0 64.0 66.0 68.0 70.0 70.0 70.0 74.0 74.0 82.0 82.0 82.0 82.0 82.0 82.0 82.0 
12.0 10.0 56.0 62.0 64.0 66.0 68.0 70.0 70.0 70.0 74.0 74.0 82.0 82.0 82.0 82.0 82.0 82.0 82.0 
4.0 54.0 60.0 62.0 64.0 66.0 68.0 68.0 70.0 74.0 74.0 82.0 82.0 82.0 82.0 82.0 82.0 82.0 
54.0 60.0 62.0 64.0 66.0 68.0 68.0 70.0 74.0 74.0 82.0 82.0 82.0 82.0 82.0 82.0 82.0 
24.0 36.0 42.0 44.0 48.0 48.0 50.0 58.0 58.0 70.0 72.0 72.0 72.0 72.0 74.0 74.0 
26.0 36.0 38.0 40.0 42.0 44.0 52.0 52.0 64.0 66.0 66.0 66.0 66.0 68.0 68.0 
16.0 18.0 28.0 30.0 30.0 48.0 48.0 56.0 58.0 58.0 58.0 58.0 60.0 60.0 
4.0 18.0 20.0 22.0 38.0 38.0 50.0 52.0 52.0 52.0 52.0 54.0 54.0 
16.0 18.0 20.0 36.0 36.0 48.0 50.0 50.0 50.0 50.0 52.0 52.0 
6.0 10.0 32.0 32.0 44.0 46.0 46.0 46.0 46.0 48.0 48.0 
8.0 30.0 30.0 46.0 48.0 48.0 48.0 48.0 50.0 50.0 
28.0 28.0 46.0 48.0 48.0 48.0 48.0 50.0 50.0 
6.0 40.0 44.0 48.0 48.0 48.0 52.0 52.0 
38.0 46.0 48.0 48.0 48.0 52.0 52.0 
10.0 24.0 24.0 26.0 32.0 34.0 
18.0 18.0 20.0 26.0 28.0 
0.0 2.0 10.0 12.0 
2.0 10.0 12.0 
8.0 10.0 
6.0 
