10.0 10.0 14.0 44.0 44.0 42.0 48.0 52.0 52.0 52.0 52.0 52.0 52.0 52.0 62.0 66.0 66.0 66.0 68.0 68.0 68.0 70.0 72.0 76.0 76.0 76.0 78.0 80.0 80.0 90.0 92.0 92.0 92.0 92.0 92.0 92.0 92.0 92.0 92.0 98.0 100.0 100.0 100.0 100.0 100.0 100.0 100.0 100.0 100.0 
8.0 6.0 40.0 40.0 40.0 46.0 50.0 50.0 50.0 50.0 50.0 50.0 50.0 62.0 66.0 66.0 66.0 68.0 72.0 72.0 74.0 76.0 80.0 80.0 80.0 82.0 84.0 84.0 94.0 96.0 96.0 96.0 96.0 96.0 96.0 96.0 96.0 96.0 102.0 104.0 104.0 104.0 104.0 104.0 104.0 104.0 104.0 104.0 
10.0 36.0 36.0 34.0 40.0 44.0 44.0 44.0 44.0 44.0 46.0 46.0 60.0 64.0 64.0 64.0 66.0 70.0 70.0 72.0 74.0 78.0 78.0 78.0 80.0 82.0 82.0 92.0 94.0 94.0 94.0 94.0 94.0 94.0 94.0 94.0 94.0 100.0 102.0 102.0 102.0 102.0 102.0 102.0 102.0 102.0 102.0 
38.0 38.0 38.0 44.0 48.0 48.0 48.0 48.0 48.0 50.0 50.0 62.0 66.0 66.0 66.0 68.0 72.0 72.0 74.0 76.0 80.0 80.0 80.0 82.0 84.0 84.0 94.0 96.0 96.0 96.0 96.0 96.0 96.0 96.0 96.0 96.0 102.0 104.0 104.0 104.0 104.0 104.0 104.0 104.0 104.0 104.0 
2.0 6.0 28.0 34.0 34.0 34.0 34.0 34.0 38.0 40.0 54.0 60.0 60.0 60.0 62.0 66.0 66.0 68.0 70.0 74.0 74.0 74.0 76.0 78.0 78.0 90.0 92.0 92.0 92.0 92.0 92.0 92.0 92.0 92.0 92.0 98.0 100.0 100.0 100.0 100.0 100.0 100.0 100.0 100.0 100.0 
8.0 28.0 34.0 34.0 34.0 34.0 34.0 38.0 40.0 54.0 60.0 60.0 60.0 62.0 66.0 66.0 68.0 70.0 74.0 74.0 74.0 76.0 78.0 78.0 90.0 92.0 92.0 92.0 92.0 92.0 92.0 92.0 92.0 92.0 98.0 100.0 100.0 100.0 100.0 100.0 100.0 100.0 100.0 100.0 
26.0 32.0 32.0 32.0 32.0 32.0 36.0 38.0 52.0 58.0 58.0 58.0 60.0 64.0 64.0 66.0 68.0 72.0 72.0 72.0 74.0 76.0 76.0 88.0 90.0 90.0 90.0 90.0 90.0 90.0 90.0 90.0 90.0 96.0 98.0 98.0 98.0 98.0 98.0 98.0 98.0 98.0 98.0 
10.0 10.0 10.0 14.0 18.0 24.0 28.0 44.0 52.0 52.0 52.0 54.0 58.0 58.0 60.0 62.0 72.0 72.0 72.0 74.0 76.0 76.0 88.0 90.0 90.0 90.0 90.0 90.0 90.0 90.0 90.0 90.0 96.0 98.0 98.0 98.0 98.0 98.0 98.0 98.0 98.0 98.0 
0.0 0.0 4.0 8.0 14.0 18.0 34.0 48.0 48.0 48.0 50.0 54.0 54.0 56.0 58.0 68.0 68.0 68.0 70.0 76.0 76.0 88.0 90.0 90.0 90.0 90.0 90.0 90.0 90.0 90.0 90.0 96.0 98.0 98.0 98.0 98.0 98.0 98.0 98.0 98.0 98.0 
0.0 4.0 8.0 14.0 18.0 34.0 48.0 48.0 48.0 50.0 54.0 54.0 56.0 58.0 68.0 68.0 68.0 70.0 76.0 76.0 88.0 90.0 90.0 90.0 90.0 90.0 90.0 90.0 90.0 90.0 96.0 98.0 98.0 98.0 98.0 98.0 98.0 98.0 98.0 98.0 
4.0 8.0 14.0 18.0 34.0 48.0 48.0 48.0 50.0 54.0 54.0 56.0 58.0 68.0 68.0 68.0 70.0 76.0 76.0 88.0 90.0 90.0 90.0 90.0 90.0 90.0 90.0 90.0 90.0 96.0 98.0 98.0 98.0 98.0 98.0 98.0 98.0 98.0 98.0 
8.0 14.0 18.0 34.0 48.0 48.0 48.0 50.0 54.0 54.0 56.0 58.0 68.0 68.0 68.0 70.0 76.0 76.0 88.0 90.0 90.0 90.0 90.0 90.0 90.0 90.0 90.0 90.0 96.0 98.0 98.0 98.0 98.0 98.0 98.0 98.0 98.0 98.0 
8.0 14.0 32.0 48.0 48.0 48.0 50.0 54.0 54.0 56.0 58.0 68.0 68.0 68.0 70.0 76.0 76.0 88.0 90.0 90.0 90.0 90.0 90.0 90.0 90.0 90.0 90.0 96.0 98.0 98.0 98.0 98.0 98.0 98.0 98.0 98.0 98.0 
8.0 26.0 46.0 46.0 46.0 48.0 54.0 54.0 56.0 58.0 68.0 68.0 68.0 70.0 76.0 76.0 88.0 90.0 90.0 90.0 90.0 90.0 90.0 90.0 90.0 90.0 96.0 98.0 98.0 98.0 98.0 98.0 98.0 98.0 98.0 98.0 
26.0 46.0 46.0 46.0 48.0 54.0 54.0 56.0 58.0 68.0 68.0 68.0 70.0 76.0 76.0 88.0 90.0 90.0 90.0 90.0 90.0 90.0 90.0 90.0 90.0 96.0 98.0 98.0 98.0 98.0 98.0 98.0 98.0 98.0 98.0 
38.0 38.0 38.0 40.0 52.0 52.0 54.0 56.0 68.0 68.0 68.0 70.0 76.0 76.0 88.0 90.0 90.0 90.0 90.0 90.0 90.0 90.0 90.0 90.0 96.0 98.0 98.0 98.0 98.0 98.0 98.0 98.0 98.0 98.0 
8.0 24.0 32.0 44.0 44.0 48.0 48.0 62.0 62.0 62.0 64.0 70.0 70.0 82.0 84.0 84.0 84.0 84.0 84.0 86.0 86.0 86.0 86.0 92.0 94.0 94.0 94.0 94.0 94.0 94.0 94.0 94.0 94.0 
24.0 32.0 44.0 44.0 48.0 48.0 62.0 62.0 62.0 64.0 70.0 70.0 82.0 84.0 84.0 84.0 84.0 84.0 86.0 86.0 86.0 86.0 92.0 94.0 94.0 94.0 94.0 94.0 94.0 94.0 94.0 94.0 
30.0 42.0 44.0 46.0 46.0 60.0 62.0 62.0 64.0 70.0 70.0 82.0 84.0 84.0 84.0 84.0 84.0 86.0 86.0 86.0 86.0 92.0 94.0 94.0 94.0 94.0 94.0 94.0 94.0 94.0 94.0 
32.0 34.0 40.0 44.0 60.0 62.0 62.0 64.0 70.0 70.0 82.0 84.0 84.0 84.0 84.0 84.0 86.0 86.0 86.0 86.0 92.0 94.0 94.0 94.0 94.0 94.0 94.0 94.0 94.0 94.0 
10.0 18.0 26.0 44.0 48.0 52.0 54.0 60.0 60.0 72.0 76.0 76.0 78.0 78.0 78.0 80.0 80.0 80.0 80.0 86.0 88.0 88.0 88.0 88.0 88.0 88.0 88.0 88.0 88.0 
12.0 26.0 44.0 48.0 52.0 54.0 58.0 58.0 70.0 76.0 76.0 78.0 78.0 78.0 80.0 80.0 80.0 80.0 86.0 88.0 88.0 88.0 88.0 88.0 88.0 88.0 88.0 88.0 
26.0 42.0 48.0 52.0 54.0 58.0 58.0 70.0 76.0 76.0 78.0 78.0 78.0 80.0 80.0 80.0 80.0 86.0 88.0 88.0 88.0 88.0 88.0 88.0 88.0 88.0 88.0 
34.0 44.0 46.0 48.0 54.0 54.0 70.0 76.0 76.0 78.0 78.0 78.0 80.0 80.0 80.0 80.0 86.0 88.0 88.0 88.0 88.0 88.0 88.0 88.0 88.0 88.0 
28.0 32.0 34.0 42.0 42.0 68.0 74.0 74.0 78.0 78.0 78.0 80.0 80.0 80.0 80.0 86.0 88.0 88.0 88.0 88.0 88.0 88.0 88.0 88.0 88.0 
18.0 30.0 44.0 44.0 68.0 74.0 74.0 78.0 78.0 78.0 80.0 80.0 80.0 80.0 86.0 88.0 88.0 88.0 88.0 88.0 88.0 88.0 88.0 88.0 
22.0 36.0 36.0 66.0 72.0 72.0 78.0 78.0 78.0 80.0 80.0 80.0 80.0 86.0 88.0 88.0 88.0 88.0 88.0 88.0 88.0 88.0 88.0 
24.0 30.0 58.0 66.0 66.0 72.0 72.0 72.0 74.0 74.0 74.0 74.0 80.0 86.0 86.0 86.0 86.0 86.0 86.0 86.0 86.0 86.0 
16.0 48.0 58.0 58.0 64.0 64.0 64.0 66.0 66.0 68.0 70.0 76.0 82.0 82.0 82.0 82.0 82.0 82.0 82.0 82.0 82.0 
50.0 58.0 58.0 64.0 64.0 64.0 66.0 66.0 68.0 70.0 76.0 82.0 82.0 82.0 82.0 82.0 82.0 82.0 82.0 82.0 
38.0 38.0 46.0 48.0 48.0 50.0 50.0 52.0 54.0 62.0 68.0 72.0 72.0 72.0 72.0 72.0 72.0 72.0 72.0 
0.0 30.0 38.0 36.0 42.0 42.0 44.0 48.0 60.0 66.0 70.0 70.0 70.0 70.0 70.0 70.0 70.0 70.0 
30.0 38.0 36.0 42.0 42.0 44.0 48.0 60.0 66.0 70.0 70.0 70.0 70.0 70.0 70.0 70.0 70.0 
14.0 12.0 30.0 30.0 32.0 40.0 52.0 60.0 64.0 64.0 64.0 64.0 64.0 64.0 64.0 64.0 
8.0 28.0 28.0 32.0 40.0 50.0 58.0 64.0 64.0 64.0 64.0 64.0 64.0 64.0 64.0 
24.0 24.0 30.0 38.0 50.0 58.0 64.0 64.0 64.0 64.0 64.0 64.0 64.0 64.0 
2.0 10.0 18.0 34.0 42.0 48.0 50.0 50.0 50.0 50.0 50.0 50.0 50.0 
10.0 18.0 34.0 42.0 48.0 50.0 50.0 50.0 50.0 50.0 50.0 50.0 
16.0 30.0 40.0 48.0 50.0 50.0 50.0 50.0 50.0 50.0 50.0 
26.0 38.0 46.0 48.0 48.0 48.0 48.0 48.0 48.0 48.0 
14.0 28.0 32.0 40.0 42.0 42.0 42.0 42.0 42.0 
16.0 20.0 28.0 30.0 30.0 30.0 30.0 30.0 
12.0 20.0 22.0 22.0 22.0 22.0 22.0 
10.0 14.0 14.0 14.0 16.0 16.0 
4.0 6.0 4.0 6.0 8.0 
2.0 0.0 2.0 4.0 
2.0 4.0 2.0 
2.0 4.0 
2.0 
