2.0 32.0 32.0 36.0 36.0 28.0 28.0 30.0 30.0 30.0 30.0 46.0 46.0 46.0 48.0 48.0 48.0 48.0 50.0 50.0 52.0 74.0 74.0 74.0 74.0 80.0 80.0 82.0 82.0 90.0 90.0 90.0 92.0 92.0 94.0 96.0 96.0 96.0 96.0 96.0 96.0 96.0 96.0 102.0 106.0 106.0 106.0 106.0 110.0 
32.0 32.0 36.0 36.0 28.0 28.0 30.0 30.0 30.0 30.0 46.0 46.0 46.0 48.0 48.0 48.0 48.0 50.0 50.0 52.0 74.0 74.0 74.0 74.0 80.0 80.0 82.0 82.0 90.0 90.0 90.0 92.0 92.0 94.0 96.0 96.0 96.0 96.0 96.0 96.0 96.0 96.0 102.0 106.0 106.0 106.0 106.0 110.0 
0.0 12.0 12.0 38.0 38.0 40.0 40.0 40.0 40.0 48.0 48.0 48.0 52.0 52.0 52.0 52.0 54.0 54.0 54.0 72.0 72.0 72.0 72.0 78.0 78.0 80.0 80.0 88.0 88.0 88.0 90.0 90.0 92.0 94.0 94.0 94.0 94.0 94.0 94.0 94.0 94.0 100.0 104.0 104.0 104.0 104.0 108.0 
12.0 12.0 38.0 38.0 40.0 40.0 40.0 40.0 48.0 48.0 48.0 52.0 52.0 52.0 52.0 54.0 54.0 54.0 72.0 72.0 72.0 72.0 78.0 78.0 80.0 80.0 88.0 88.0 88.0 90.0 90.0 92.0 94.0 94.0 94.0 94.0 94.0 94.0 94.0 94.0 100.0 104.0 104.0 104.0 104.0 108.0 
4.0 36.0 36.0 40.0 40.0 40.0 40.0 48.0 48.0 48.0 52.0 52.0 52.0 52.0 54.0 54.0 54.0 72.0 72.0 72.0 72.0 78.0 78.0 80.0 80.0 88.0 88.0 88.0 90.0 90.0 92.0 94.0 94.0 94.0 94.0 94.0 94.0 94.0 94.0 100.0 104.0 104.0 104.0 104.0 108.0 
36.0 36.0 40.0 40.0 40.0 40.0 48.0 48.0 48.0 52.0 52.0 52.0 52.0 54.0 54.0 54.0 72.0 72.0 72.0 72.0 78.0 78.0 80.0 80.0 88.0 88.0 88.0 90.0 90.0 92.0 94.0 94.0 94.0 94.0 94.0 94.0 94.0 94.0 100.0 104.0 104.0 104.0 104.0 108.0 
0.0 12.0 16.0 16.0 14.0 40.0 40.0 40.0 44.0 44.0 44.0 44.0 46.0 46.0 48.0 72.0 72.0 72.0 72.0 78.0 78.0 80.0 80.0 88.0 88.0 88.0 90.0 90.0 92.0 94.0 94.0 94.0 94.0 94.0 94.0 94.0 94.0 100.0 104.0 104.0 104.0 104.0 108.0 
12.0 16.0 16.0 14.0 40.0 40.0 40.0 44.0 44.0 44.0 44.0 46.0 46.0 48.0 72.0 72.0 72.0 72.0 78.0 78.0 80.0 80.0 88.0 88.0 88.0 90.0 90.0 92.0 94.0 94.0 94.0 94.0 94.0 94.0 94.0 94.0 100.0 104.0 104.0 104.0 104.0 108.0 
8.0 6.0 12.0 40.0 40.0 40.0 44.0 44.0 44.0 44.0 46.0 46.0 48.0 72.0 72.0 72.0 72.0 78.0 78.0 80.0 80.0 88.0 88.0 88.0 90.0 90.0 92.0 94.0 94.0 94.0 94.0 94.0 94.0 94.0 94.0 100.0 104.0 104.0 104.0 104.0 108.0 
2.0 6.0 36.0 40.0 40.0 44.0 44.0 44.0 44.0 46.0 46.0 48.0 72.0 72.0 72.0 72.0 78.0 78.0 80.0 80.0 88.0 88.0 88.0 90.0 90.0 92.0 94.0 94.0 94.0 94.0 94.0 94.0 94.0 94.0 100.0 104.0 104.0 104.0 104.0 108.0 
8.0 36.0 40.0 40.0 44.0 44.0 44.0 44.0 46.0 46.0 48.0 72.0 72.0 72.0 72.0 78.0 78.0 80.0 80.0 88.0 88.0 88.0 90.0 90.0 92.0 94.0 94.0 94.0 94.0 94.0 94.0 94.0 94.0 100.0 104.0 104.0 104.0 104.0 108.0 
34.0 40.0 40.0 44.0 44.0 44.0 44.0 46.0 46.0 48.0 72.0 72.0 72.0 72.0 78.0 78.0 80.0 80.0 88.0 88.0 88.0 90.0 90.0 92.0 94.0 94.0 94.0 94.0 94.0 94.0 94.0 94.0 100.0 104.0 104.0 104.0 104.0 108.0 
14.0 14.0 20.0 20.0 22.0 24.0 34.0 34.0 36.0 70.0 70.0 70.0 70.0 76.0 76.0 78.0 78.0 86.0 86.0 86.0 88.0 88.0 90.0 92.0 92.0 92.0 92.0 92.0 92.0 92.0 92.0 98.0 102.0 102.0 102.0 102.0 106.0 
0.0 14.0 16.0 22.0 24.0 32.0 32.0 34.0 70.0 70.0 70.0 70.0 76.0 76.0 78.0 78.0 86.0 86.0 86.0 88.0 88.0 90.0 92.0 92.0 92.0 92.0 92.0 92.0 92.0 92.0 98.0 102.0 102.0 102.0 102.0 106.0 
14.0 16.0 22.0 24.0 32.0 32.0 34.0 70.0 70.0 70.0 70.0 76.0 76.0 78.0 78.0 86.0 86.0 86.0 88.0 88.0 90.0 92.0 92.0 92.0 92.0 92.0 92.0 92.0 92.0 98.0 102.0 102.0 102.0 102.0 106.0 
2.0 12.0 14.0 24.0 28.0 30.0 68.0 68.0 68.0 68.0 74.0 74.0 78.0 78.0 86.0 86.0 86.0 88.0 88.0 90.0 92.0 92.0 92.0 92.0 92.0 92.0 92.0 92.0 98.0 102.0 102.0 102.0 102.0 106.0 
10.0 14.0 24.0 28.0 30.0 68.0 68.0 68.0 68.0 74.0 74.0 78.0 78.0 86.0 86.0 86.0 88.0 88.0 90.0 92.0 92.0 92.0 92.0 92.0 92.0 92.0 92.0 98.0 102.0 102.0 102.0 102.0 106.0 
10.0 22.0 24.0 26.0 68.0 68.0 68.0 68.0 74.0 74.0 78.0 78.0 86.0 86.0 86.0 88.0 88.0 90.0 92.0 92.0 92.0 92.0 92.0 92.0 92.0 92.0 98.0 102.0 102.0 102.0 102.0 106.0 
18.0 24.0 26.0 68.0 68.0 68.0 68.0 74.0 74.0 78.0 78.0 86.0 86.0 86.0 88.0 88.0 90.0 92.0 92.0 92.0 92.0 92.0 92.0 92.0 92.0 98.0 102.0 102.0 102.0 102.0 106.0 
18.0 24.0 66.0 66.0 66.0 66.0 72.0 72.0 76.0 76.0 84.0 84.0 84.0 86.0 86.0 88.0 90.0 90.0 90.0 90.0 90.0 90.0 90.0 90.0 98.0 102.0 102.0 102.0 102.0 106.0 
20.0 66.0 66.0 66.0 66.0 72.0 72.0 76.0 76.0 84.0 84.0 84.0 86.0 86.0 88.0 90.0 90.0 90.0 90.0 90.0 90.0 90.0 90.0 98.0 102.0 102.0 102.0 102.0 106.0 
60.0 64.0 64.0 64.0 70.0 70.0 74.0 74.0 82.0 82.0 82.0 84.0 84.0 86.0 88.0 88.0 88.0 88.0 88.0 88.0 88.0 88.0 98.0 102.0 102.0 102.0 102.0 106.0 
18.0 18.0 24.0 44.0 46.0 50.0 58.0 68.0 68.0 68.0 74.0 74.0 76.0 78.0 78.0 78.0 78.0 78.0 78.0 78.0 80.0 88.0 92.0 92.0 94.0 94.0 98.0 
12.0 18.0 42.0 46.0 50.0 58.0 68.0 68.0 68.0 74.0 74.0 76.0 78.0 78.0 78.0 78.0 78.0 78.0 78.0 80.0 88.0 92.0 92.0 94.0 94.0 98.0 
20.0 44.0 46.0 50.0 58.0 68.0 68.0 68.0 74.0 74.0 76.0 78.0 78.0 78.0 78.0 78.0 78.0 78.0 80.0 88.0 92.0 92.0 94.0 94.0 98.0 
42.0 46.0 50.0 58.0 68.0 68.0 68.0 74.0 74.0 76.0 78.0 78.0 78.0 78.0 78.0 78.0 78.0 80.0 88.0 92.0 92.0 94.0 94.0 98.0 
10.0 34.0 42.0 62.0 64.0 64.0 72.0 72.0 74.0 76.0 76.0 76.0 76.0 76.0 76.0 76.0 78.0 86.0 90.0 90.0 92.0 92.0 98.0 
34.0 42.0 62.0 64.0 64.0 72.0 72.0 74.0 76.0 76.0 76.0 76.0 76.0 76.0 76.0 78.0 86.0 90.0 90.0 92.0 92.0 98.0 
22.0 44.0 56.0 56.0 66.0 68.0 74.0 76.0 76.0 76.0 76.0 76.0 76.0 76.0 78.0 86.0 90.0 90.0 92.0 92.0 98.0 
32.0 48.0 48.0 58.0 60.0 66.0 70.0 70.0 70.0 70.0 70.0 70.0 70.0 72.0 80.0 84.0 84.0 86.0 86.0 92.0 
34.0 32.0 46.0 48.0 54.0 60.0 62.0 62.0 62.0 62.0 62.0 62.0 64.0 72.0 76.0 76.0 78.0 78.0 84.0 
18.0 36.0 42.0 48.0 54.0 56.0 56.0 56.0 58.0 60.0 60.0 62.0 72.0 76.0 76.0 78.0 78.0 84.0 
24.0 34.0 44.0 50.0 52.0 52.0 52.0 54.0 56.0 56.0 58.0 68.0 72.0 74.0 76.0 76.0 82.0 
16.0 30.0 42.0 48.0 48.0 48.0 48.0 52.0 52.0 54.0 64.0 68.0 70.0 74.0 74.0 82.0 
20.0 32.0 38.0 38.0 38.0 38.0 46.0 46.0 48.0 58.0 62.0 64.0 68.0 68.0 76.0 
18.0 32.0 32.0 32.0 32.0 40.0 40.0 42.0 54.0 60.0 62.0 66.0 66.0 76.0 
18.0 18.0 18.0 22.0 28.0 28.0 30.0 44.0 50.0 52.0 58.0 60.0 68.0 
2.0 10.0 16.0 24.0 24.0 26.0 40.0 46.0 50.0 58.0 60.0 68.0 
8.0 16.0 22.0 24.0 26.0 40.0 46.0 50.0 58.0 60.0 68.0 
8.0 20.0 22.0 24.0 40.0 46.0 50.0 58.0 60.0 68.0 
20.0 18.0 22.0 40.0 46.0 50.0 58.0 60.0 68.0 
2.0 14.0 32.0 38.0 42.0 58.0 60.0 68.0 
12.0 32.0 38.0 42.0 58.0 60.0 68.0 
42.0 48.0 52.0 56.0 58.0 68.0 
16.0 22.0 46.0 46.0 56.0 
12.0 40.0 38.0 50.0 
36.0 34.0 44.0 
6.0 40.0 
42.0 
