10.0 30.0 30.0 30.0 32.0 22.0 20.0 22.0 26.0 26.0 28.0 48.0 56.0 58.0 58.0 58.0 60.0 66.0 70.0 74.0 76.0 82.0 82.0 82.0 82.0 82.0 82.0 82.0 84.0 84.0 86.0 86.0 86.0 86.0 86.0 86.0 86.0 86.0 86.0 90.0 90.0 90.0 94.0 94.0 94.0 94.0 94.0 94.0 94.0 
20.0 20.0 20.0 26.0 18.0 16.0 18.0 22.0 26.0 28.0 48.0 56.0 58.0 58.0 58.0 60.0 66.0 70.0 78.0 80.0 84.0 84.0 84.0 84.0 84.0 84.0 84.0 86.0 86.0 88.0 88.0 88.0 88.0 88.0 88.0 88.0 88.0 88.0 92.0 92.0 92.0 96.0 96.0 96.0 96.0 96.0 96.0 96.0 
2.0 2.0 10.0 32.0 32.0 32.0 32.0 36.0 38.0 52.0 60.0 60.0 60.0 60.0 62.0 68.0 72.0 80.0 82.0 86.0 86.0 86.0 86.0 86.0 86.0 86.0 88.0 88.0 90.0 90.0 90.0 90.0 90.0 90.0 90.0 90.0 90.0 94.0 94.0 94.0 98.0 98.0 98.0 98.0 98.0 98.0 98.0 
0.0 8.0 32.0 32.0 32.0 32.0 36.0 38.0 52.0 60.0 58.0 60.0 60.0 62.0 68.0 72.0 80.0 82.0 86.0 86.0 86.0 86.0 86.0 86.0 86.0 88.0 88.0 90.0 90.0 90.0 90.0 90.0 90.0 90.0 90.0 90.0 94.0 94.0 94.0 98.0 98.0 98.0 98.0 98.0 98.0 98.0 
8.0 32.0 32.0 32.0 32.0 36.0 38.0 52.0 60.0 58.0 60.0 60.0 62.0 68.0 72.0 80.0 82.0 86.0 86.0 86.0 86.0 86.0 86.0 86.0 88.0 88.0 90.0 90.0 90.0 90.0 90.0 90.0 90.0 90.0 90.0 94.0 94.0 94.0 98.0 98.0 98.0 98.0 98.0 98.0 98.0 
34.0 34.0 34.0 34.0 38.0 40.0 54.0 62.0 60.0 62.0 62.0 64.0 70.0 74.0 82.0 84.0 88.0 88.0 88.0 88.0 88.0 88.0 88.0 90.0 90.0 90.0 90.0 90.0 90.0 90.0 90.0 90.0 90.0 90.0 94.0 94.0 94.0 98.0 98.0 98.0 98.0 98.0 98.0 98.0 
2.0 4.0 8.0 16.0 18.0 44.0 52.0 54.0 54.0 54.0 56.0 62.0 66.0 74.0 76.0 80.0 80.0 80.0 80.0 80.0 80.0 80.0 82.0 82.0 84.0 84.0 84.0 84.0 84.0 84.0 84.0 86.0 86.0 92.0 92.0 92.0 98.0 98.0 98.0 98.0 98.0 98.0 98.0 
2.0 10.0 16.0 18.0 44.0 52.0 54.0 54.0 54.0 56.0 62.0 66.0 74.0 76.0 80.0 80.0 80.0 80.0 80.0 80.0 80.0 82.0 82.0 84.0 84.0 84.0 84.0 84.0 84.0 84.0 86.0 86.0 92.0 92.0 92.0 98.0 98.0 98.0 98.0 98.0 98.0 98.0 
8.0 16.0 18.0 44.0 52.0 54.0 52.0 52.0 56.0 62.0 66.0 74.0 76.0 78.0 78.0 78.0 78.0 78.0 78.0 78.0 80.0 80.0 82.0 82.0 82.0 82.0 82.0 82.0 82.0 86.0 86.0 92.0 92.0 92.0 98.0 98.0 98.0 98.0 98.0 98.0 98.0 
16.0 18.0 44.0 52.0 54.0 52.0 52.0 56.0 62.0 66.0 74.0 76.0 78.0 78.0 78.0 78.0 78.0 78.0 78.0 80.0 80.0 82.0 82.0 82.0 82.0 82.0 82.0 82.0 86.0 86.0 92.0 92.0 92.0 98.0 98.0 98.0 98.0 98.0 98.0 98.0 
2.0 36.0 48.0 52.0 52.0 52.0 54.0 60.0 64.0 72.0 74.0 78.0 78.0 78.0 78.0 78.0 78.0 78.0 80.0 80.0 82.0 82.0 82.0 82.0 82.0 82.0 82.0 84.0 84.0 90.0 90.0 90.0 96.0 96.0 96.0 96.0 96.0 96.0 96.0 
36.0 48.0 52.0 52.0 52.0 54.0 60.0 64.0 72.0 74.0 78.0 78.0 78.0 78.0 78.0 78.0 78.0 80.0 80.0 82.0 82.0 82.0 82.0 82.0 82.0 82.0 84.0 84.0 90.0 90.0 90.0 96.0 96.0 96.0 96.0 96.0 96.0 96.0 
34.0 42.0 34.0 36.0 36.0 50.0 58.0 68.0 70.0 74.0 74.0 74.0 76.0 76.0 76.0 76.0 78.0 78.0 80.0 80.0 80.0 80.0 80.0 80.0 80.0 82.0 82.0 88.0 88.0 88.0 94.0 94.0 94.0 94.0 94.0 94.0 94.0 
18.0 26.0 26.0 28.0 48.0 54.0 64.0 66.0 70.0 70.0 70.0 72.0 72.0 72.0 72.0 74.0 74.0 76.0 76.0 76.0 76.0 76.0 76.0 76.0 78.0 78.0 86.0 86.0 86.0 92.0 92.0 92.0 92.0 92.0 92.0 92.0 
28.0 28.0 28.0 46.0 52.0 62.0 64.0 70.0 70.0 70.0 70.0 70.0 70.0 70.0 72.0 72.0 74.0 74.0 74.0 74.0 74.0 74.0 74.0 76.0 76.0 84.0 84.0 84.0 90.0 90.0 90.0 90.0 90.0 90.0 90.0 
12.0 18.0 42.0 52.0 60.0 62.0 64.0 64.0 64.0 64.0 66.0 68.0 68.0 70.0 70.0 72.0 72.0 72.0 72.0 72.0 72.0 72.0 76.0 76.0 84.0 84.0 84.0 90.0 90.0 90.0 90.0 90.0 90.0 90.0 
14.0 42.0 52.0 62.0 64.0 66.0 66.0 66.0 66.0 68.0 68.0 68.0 70.0 70.0 72.0 72.0 72.0 72.0 72.0 72.0 72.0 76.0 76.0 84.0 84.0 84.0 90.0 90.0 90.0 90.0 90.0 90.0 90.0 
38.0 48.0 58.0 60.0 66.0 66.0 66.0 66.0 68.0 68.0 68.0 70.0 70.0 74.0 74.0 74.0 74.0 74.0 74.0 74.0 76.0 76.0 84.0 84.0 84.0 90.0 90.0 90.0 90.0 90.0 90.0 90.0 
32.0 50.0 52.0 58.0 58.0 60.0 62.0 62.0 64.0 64.0 66.0 66.0 72.0 72.0 72.0 72.0 72.0 72.0 72.0 74.0 74.0 82.0 82.0 82.0 90.0 90.0 90.0 90.0 90.0 90.0 90.0 
44.0 46.0 52.0 52.0 54.0 56.0 56.0 60.0 60.0 62.0 62.0 68.0 68.0 68.0 68.0 68.0 68.0 68.0 70.0 70.0 80.0 80.0 80.0 88.0 88.0 88.0 88.0 88.0 88.0 88.0 
12.0 32.0 36.0 38.0 40.0 40.0 50.0 50.0 56.0 56.0 64.0 64.0 64.0 64.0 66.0 66.0 66.0 68.0 68.0 78.0 78.0 78.0 86.0 86.0 86.0 86.0 86.0 86.0 86.0 
28.0 32.0 34.0 36.0 36.0 48.0 48.0 56.0 56.0 64.0 64.0 64.0 64.0 66.0 66.0 66.0 68.0 68.0 78.0 78.0 78.0 86.0 86.0 86.0 86.0 86.0 86.0 86.0 
8.0 10.0 14.0 16.0 40.0 40.0 48.0 48.0 56.0 56.0 56.0 56.0 58.0 58.0 58.0 62.0 62.0 72.0 72.0 72.0 80.0 80.0 80.0 80.0 80.0 80.0 80.0 
2.0 6.0 10.0 40.0 40.0 48.0 48.0 56.0 56.0 56.0 56.0 58.0 58.0 58.0 62.0 62.0 72.0 72.0 72.0 80.0 80.0 80.0 80.0 80.0 80.0 80.0 
6.0 8.0 40.0 40.0 48.0 48.0 56.0 56.0 56.0 56.0 58.0 58.0 58.0 62.0 62.0 72.0 72.0 72.0 80.0 80.0 80.0 80.0 80.0 80.0 80.0 
6.0 38.0 38.0 46.0 46.0 54.0 54.0 54.0 54.0 56.0 56.0 56.0 62.0 62.0 72.0 72.0 72.0 80.0 80.0 80.0 80.0 80.0 80.0 80.0 
38.0 38.0 46.0 46.0 54.0 54.0 54.0 54.0 56.0 56.0 56.0 62.0 62.0 72.0 72.0 72.0 80.0 80.0 80.0 80.0 80.0 80.0 80.0 
10.0 32.0 32.0 42.0 42.0 48.0 48.0 50.0 50.0 50.0 58.0 58.0 70.0 70.0 70.0 78.0 78.0 78.0 78.0 78.0 78.0 78.0 
28.0 28.0 38.0 38.0 46.0 46.0 48.0 48.0 48.0 56.0 58.0 70.0 70.0 70.0 78.0 78.0 78.0 78.0 78.0 78.0 78.0 
4.0 28.0 28.0 40.0 40.0 44.0 44.0 44.0 54.0 56.0 70.0 70.0 70.0 78.0 78.0 78.0 78.0 78.0 78.0 78.0 
28.0 28.0 40.0 40.0 44.0 44.0 44.0 54.0 56.0 70.0 70.0 70.0 78.0 78.0 78.0 78.0 78.0 78.0 78.0 
4.0 28.0 28.0 34.0 34.0 34.0 44.0 46.0 62.0 62.0 62.0 72.0 72.0 76.0 76.0 76.0 76.0 76.0 
24.0 24.0 30.0 30.0 30.0 40.0 46.0 62.0 62.0 62.0 72.0 72.0 76.0 76.0 76.0 76.0 76.0 
2.0 18.0 18.0 18.0 28.0 36.0 52.0 52.0 52.0 62.0 62.0 66.0 66.0 66.0 68.0 68.0 
18.0 18.0 18.0 28.0 36.0 52.0 52.0 52.0 62.0 62.0 66.0 66.0 66.0 68.0 68.0 
2.0 12.0 22.0 30.0 52.0 52.0 52.0 62.0 62.0 66.0 66.0 66.0 68.0 68.0 
10.0 20.0 28.0 50.0 50.0 50.0 60.0 60.0 64.0 64.0 64.0 66.0 66.0 
14.0 22.0 50.0 50.0 50.0 60.0 60.0 64.0 64.0 64.0 66.0 66.0 
8.0 42.0 42.0 42.0 52.0 54.0 62.0 62.0 62.0 64.0 64.0 
40.0 40.0 40.0 52.0 54.0 62.0 62.0 62.0 64.0 64.0 
6.0 4.0 34.0 36.0 46.0 46.0 46.0 52.0 52.0 
2.0 30.0 32.0 48.0 48.0 48.0 52.0 52.0 
30.0 32.0 48.0 48.0 48.0 52.0 52.0 
2.0 26.0 26.0 24.0 32.0 32.0 
26.0 26.0 24.0 32.0 32.0 
0.0 2.0 14.0 14.0 
2.0 14.0 14.0 
14.0 14.0 
2.0 
