42.0 46.0 46.0 48.0 58.0 50.0 52.0 52.0 52.0 54.0 56.0 56.0 56.0 68.0 74.0 76.0 78.0 78.0 86.0 86.0 86.0 98.0 98.0 98.0 98.0 98.0 102.0 102.0 102.0 102.0 102.0 102.0 102.0 102.0 102.0 104.0 104.0 106.0 106.0 108.0 108.0 110.0 110.0 110.0 112.0 112.0 110.0 110.0 110.0 
6.0 6.0 8.0 22.0 14.0 24.0 24.0 24.0 28.0 34.0 34.0 38.0 50.0 56.0 58.0 60.0 60.0 68.0 68.0 68.0 90.0 90.0 90.0 92.0 92.0 96.0 96.0 96.0 96.0 96.0 96.0 96.0 96.0 96.0 98.0 98.0 100.0 100.0 102.0 102.0 104.0 110.0 110.0 112.0 112.0 114.0 114.0 114.0 
0.0 2.0 22.0 12.0 22.0 24.0 24.0 28.0 36.0 36.0 40.0 50.0 56.0 58.0 60.0 60.0 68.0 68.0 68.0 90.0 90.0 90.0 92.0 92.0 96.0 96.0 96.0 96.0 96.0 96.0 96.0 96.0 96.0 98.0 98.0 100.0 100.0 102.0 102.0 104.0 110.0 110.0 112.0 112.0 114.0 114.0 114.0 
2.0 22.0 12.0 22.0 24.0 24.0 28.0 36.0 36.0 40.0 50.0 56.0 58.0 60.0 60.0 68.0 68.0 68.0 90.0 90.0 90.0 92.0 92.0 96.0 96.0 96.0 96.0 96.0 96.0 96.0 96.0 96.0 98.0 98.0 100.0 100.0 102.0 102.0 104.0 110.0 110.0 112.0 112.0 114.0 114.0 114.0 
20.0 10.0 20.0 22.0 22.0 28.0 36.0 36.0 40.0 50.0 56.0 58.0 60.0 60.0 68.0 68.0 68.0 90.0 90.0 90.0 92.0 92.0 96.0 96.0 96.0 96.0 96.0 96.0 96.0 96.0 96.0 98.0 98.0 100.0 100.0 102.0 102.0 104.0 110.0 110.0 112.0 112.0 114.0 114.0 114.0 
14.0 24.0 26.0 26.0 36.0 44.0 44.0 48.0 58.0 62.0 62.0 64.0 64.0 70.0 70.0 70.0 92.0 92.0 92.0 94.0 94.0 98.0 98.0 98.0 98.0 98.0 98.0 98.0 98.0 98.0 98.0 98.0 100.0 100.0 102.0 102.0 104.0 110.0 110.0 112.0 112.0 114.0 114.0 114.0 
10.0 18.0 18.0 24.0 36.0 36.0 40.0 50.0 56.0 58.0 60.0 60.0 68.0 68.0 68.0 90.0 90.0 90.0 92.0 92.0 96.0 96.0 96.0 96.0 96.0 96.0 96.0 96.0 96.0 98.0 98.0 100.0 100.0 102.0 102.0 104.0 110.0 110.0 112.0 112.0 114.0 114.0 114.0 
10.0 10.0 20.0 36.0 36.0 40.0 50.0 56.0 58.0 60.0 60.0 68.0 68.0 68.0 90.0 90.0 90.0 92.0 92.0 96.0 96.0 96.0 96.0 96.0 96.0 96.0 96.0 96.0 98.0 98.0 100.0 100.0 102.0 102.0 104.0 110.0 110.0 112.0 112.0 114.0 114.0 114.0 
2.0 24.0 36.0 36.0 40.0 50.0 56.0 58.0 60.0 60.0 68.0 68.0 68.0 90.0 90.0 90.0 92.0 92.0 96.0 96.0 96.0 96.0 96.0 96.0 96.0 96.0 96.0 98.0 98.0 100.0 100.0 102.0 102.0 104.0 110.0 110.0 112.0 112.0 114.0 114.0 114.0 
22.0 34.0 34.0 38.0 48.0 54.0 58.0 60.0 60.0 68.0 68.0 68.0 90.0 90.0 90.0 92.0 92.0 96.0 96.0 96.0 96.0 96.0 96.0 96.0 96.0 96.0 98.0 98.0 100.0 100.0 102.0 102.0 104.0 110.0 110.0 112.0 112.0 114.0 114.0 114.0 
30.0 30.0 34.0 46.0 52.0 56.0 60.0 60.0 68.0 68.0 68.0 90.0 90.0 90.0 92.0 92.0 96.0 96.0 96.0 96.0 96.0 96.0 96.0 96.0 96.0 98.0 98.0 100.0 100.0 102.0 102.0 104.0 110.0 110.0 112.0 112.0 114.0 114.0 114.0 
4.0 12.0 40.0 48.0 52.0 60.0 60.0 68.0 68.0 68.0 90.0 90.0 90.0 92.0 92.0 96.0 96.0 96.0 96.0 96.0 96.0 96.0 96.0 96.0 98.0 98.0 100.0 100.0 102.0 102.0 104.0 110.0 110.0 112.0 112.0 114.0 114.0 114.0 
10.0 40.0 48.0 52.0 60.0 60.0 68.0 68.0 68.0 90.0 90.0 90.0 92.0 92.0 96.0 96.0 96.0 96.0 96.0 96.0 96.0 96.0 96.0 98.0 98.0 100.0 100.0 102.0 102.0 104.0 110.0 110.0 112.0 112.0 114.0 114.0 114.0 
38.0 46.0 50.0 58.0 58.0 66.0 66.0 66.0 90.0 90.0 90.0 92.0 92.0 96.0 96.0 96.0 96.0 96.0 96.0 96.0 96.0 96.0 98.0 98.0 100.0 100.0 102.0 102.0 104.0 110.0 110.0 112.0 112.0 114.0 114.0 114.0 
20.0 24.0 40.0 40.0 54.0 56.0 58.0 82.0 82.0 82.0 84.0 84.0 94.0 94.0 94.0 94.0 94.0 94.0 94.0 94.0 94.0 96.0 96.0 98.0 98.0 100.0 100.0 102.0 108.0 108.0 110.0 110.0 114.0 114.0 114.0 
10.0 24.0 24.0 52.0 54.0 56.0 82.0 82.0 82.0 84.0 84.0 94.0 94.0 94.0 94.0 94.0 94.0 94.0 94.0 94.0 96.0 96.0 98.0 98.0 100.0 100.0 102.0 108.0 108.0 110.0 110.0 114.0 114.0 114.0 
22.0 22.0 50.0 54.0 56.0 82.0 82.0 82.0 84.0 84.0 94.0 94.0 94.0 94.0 94.0 94.0 94.0 94.0 94.0 96.0 96.0 98.0 98.0 100.0 100.0 102.0 108.0 108.0 110.0 110.0 114.0 114.0 114.0 
0.0 40.0 48.0 50.0 76.0 76.0 76.0 78.0 78.0 88.0 88.0 90.0 90.0 90.0 88.0 90.0 90.0 90.0 92.0 92.0 96.0 96.0 98.0 98.0 100.0 106.0 106.0 108.0 108.0 112.0 112.0 112.0 
40.0 48.0 50.0 76.0 76.0 76.0 78.0 78.0 88.0 88.0 90.0 90.0 90.0 88.0 90.0 90.0 90.0 92.0 92.0 96.0 96.0 98.0 98.0 100.0 106.0 106.0 108.0 108.0 112.0 112.0 112.0 
22.0 24.0 64.0 64.0 66.0 66.0 66.0 80.0 80.0 84.0 84.0 84.0 82.0 84.0 84.0 84.0 86.0 86.0 94.0 96.0 98.0 98.0 100.0 106.0 106.0 108.0 108.0 112.0 112.0 112.0 
8.0 64.0 66.0 68.0 68.0 68.0 82.0 82.0 84.0 84.0 84.0 84.0 84.0 84.0 84.0 86.0 86.0 94.0 96.0 98.0 98.0 100.0 106.0 106.0 108.0 108.0 112.0 112.0 112.0 
64.0 66.0 68.0 68.0 68.0 82.0 82.0 84.0 84.0 84.0 84.0 84.0 84.0 84.0 86.0 86.0 94.0 96.0 98.0 98.0 100.0 106.0 106.0 108.0 108.0 112.0 112.0 112.0 
28.0 32.0 34.0 40.0 66.0 64.0 72.0 72.0 72.0 70.0 72.0 72.0 72.0 74.0 74.0 84.0 84.0 86.0 86.0 88.0 98.0 98.0 100.0 100.0 104.0 104.0 104.0 
22.0 22.0 40.0 62.0 62.0 70.0 70.0 70.0 66.0 70.0 70.0 70.0 72.0 72.0 82.0 82.0 84.0 84.0 86.0 98.0 98.0 100.0 100.0 104.0 104.0 104.0 
20.0 44.0 64.0 62.0 70.0 70.0 70.0 68.0 70.0 70.0 70.0 72.0 72.0 82.0 82.0 84.0 84.0 86.0 98.0 98.0 100.0 100.0 104.0 104.0 104.0 
34.0 62.0 60.0 68.0 68.0 68.0 66.0 68.0 68.0 68.0 70.0 70.0 80.0 80.0 82.0 82.0 84.0 96.0 96.0 98.0 98.0 104.0 104.0 104.0 
48.0 52.0 64.0 64.0 66.0 62.0 66.0 66.0 66.0 68.0 66.0 78.0 80.0 82.0 82.0 84.0 96.0 96.0 98.0 98.0 104.0 104.0 104.0 
18.0 34.0 36.0 44.0 46.0 50.0 48.0 46.0 48.0 48.0 66.0 68.0 74.0 74.0 78.0 94.0 96.0 98.0 98.0 104.0 104.0 104.0 
30.0 34.0 42.0 46.0 48.0 46.0 44.0 48.0 48.0 64.0 68.0 74.0 74.0 78.0 94.0 96.0 98.0 98.0 104.0 104.0 104.0 
16.0 26.0 40.0 36.0 32.0 32.0 38.0 38.0 56.0 62.0 70.0 70.0 76.0 92.0 96.0 98.0 98.0 104.0 104.0 104.0 
28.0 40.0 36.0 40.0 36.0 38.0 38.0 58.0 62.0 70.0 70.0 76.0 92.0 96.0 98.0 98.0 104.0 104.0 104.0 
34.0 24.0 32.0 24.0 30.0 30.0 54.0 62.0 70.0 70.0 76.0 92.0 96.0 98.0 98.0 104.0 104.0 104.0 
34.0 34.0 34.0 36.0 36.0 56.0 60.0 66.0 66.0 74.0 88.0 94.0 96.0 96.0 102.0 102.0 102.0 
24.0 8.0 24.0 24.0 50.0 60.0 68.0 68.0 74.0 88.0 94.0 96.0 96.0 102.0 102.0 102.0 
22.0 30.0 30.0 50.0 60.0 68.0 68.0 74.0 88.0 94.0 96.0 96.0 102.0 102.0 102.0 
20.0 20.0 50.0 60.0 68.0 68.0 74.0 88.0 94.0 96.0 96.0 102.0 102.0 102.0 
10.0 50.0 58.0 66.0 66.0 72.0 88.0 94.0 96.0 96.0 102.0 102.0 102.0 
50.0 58.0 66.0 66.0 72.0 88.0 94.0 96.0 96.0 102.0 102.0 102.0 
40.0 52.0 54.0 70.0 88.0 94.0 96.0 96.0 102.0 102.0 102.0 
28.0 36.0 60.0 84.0 90.0 92.0 92.0 98.0 100.0 100.0 
10.0 50.0 74.0 82.0 84.0 90.0 94.0 98.0 98.0 
44.0 76.0 82.0 84.0 90.0 94.0 98.0 98.0 
60.0 70.0 72.0 80.0 86.0 90.0 90.0 
40.0 50.0 60.0 64.0 70.0 70.0 
24.0 36.0 42.0 50.0 50.0 
16.0 34.0 42.0 42.0 
26.0 34.0 34.0 
26.0 26.0 
0.0 
