14.0 22.0 18.0 18.0 24.0 34.0 34.0 34.0 34.0 44.0 44.0 56.0 56.0 56.0 56.0 56.0 56.0 60.0 60.0 60.0 60.0 58.0 58.0 58.0 60.0 60.0 60.0 62.0 68.0 68.0 68.0 70.0 70.0 70.0 70.0 68.0 68.0 68.0 68.0 70.0 70.0 70.0 70.0 80.0 80.0 84.0 86.0 86.0 86.0 
8.0 8.0 8.0 16.0 28.0 28.0 28.0 26.0 36.0 36.0 58.0 58.0 58.0 58.0 58.0 58.0 62.0 62.0 62.0 62.0 60.0 60.0 60.0 62.0 62.0 62.0 64.0 70.0 70.0 70.0 72.0 72.0 72.0 72.0 70.0 70.0 70.0 70.0 72.0 72.0 72.0 72.0 82.0 82.0 86.0 88.0 88.0 88.0 
4.0 4.0 10.0 22.0 22.0 22.0 24.0 38.0 38.0 58.0 58.0 58.0 58.0 58.0 58.0 62.0 62.0 62.0 62.0 62.0 62.0 62.0 64.0 64.0 64.0 66.0 72.0 72.0 72.0 72.0 72.0 72.0 72.0 70.0 70.0 70.0 70.0 72.0 72.0 72.0 72.0 82.0 82.0 86.0 88.0 88.0 88.0 
0.0 8.0 20.0 20.0 20.0 24.0 38.0 38.0 58.0 58.0 58.0 58.0 58.0 58.0 62.0 62.0 62.0 62.0 62.0 62.0 62.0 64.0 64.0 64.0 66.0 72.0 72.0 72.0 72.0 72.0 72.0 72.0 70.0 70.0 70.0 70.0 72.0 72.0 72.0 72.0 82.0 82.0 86.0 88.0 88.0 88.0 
8.0 20.0 20.0 20.0 24.0 38.0 38.0 58.0 58.0 58.0 58.0 58.0 58.0 62.0 62.0 62.0 62.0 62.0 62.0 62.0 64.0 64.0 64.0 66.0 72.0 72.0 72.0 72.0 72.0 72.0 72.0 70.0 70.0 70.0 70.0 72.0 72.0 72.0 72.0 82.0 82.0 86.0 88.0 88.0 88.0 
16.0 16.0 16.0 20.0 34.0 34.0 56.0 56.0 56.0 56.0 56.0 56.0 60.0 60.0 60.0 60.0 60.0 60.0 60.0 62.0 62.0 62.0 64.0 70.0 72.0 72.0 72.0 72.0 72.0 72.0 70.0 70.0 70.0 70.0 72.0 72.0 72.0 72.0 82.0 82.0 86.0 88.0 88.0 88.0 
2.0 2.0 6.0 30.0 30.0 52.0 52.0 52.0 52.0 52.0 52.0 56.0 56.0 56.0 56.0 56.0 56.0 56.0 56.0 56.0 56.0 58.0 64.0 72.0 72.0 72.0 72.0 72.0 72.0 72.0 72.0 72.0 72.0 74.0 74.0 74.0 74.0 84.0 84.0 86.0 88.0 88.0 88.0 
0.0 4.0 30.0 30.0 52.0 52.0 52.0 52.0 52.0 52.0 56.0 56.0 56.0 56.0 56.0 56.0 56.0 56.0 56.0 56.0 58.0 64.0 72.0 72.0 72.0 72.0 72.0 72.0 72.0 72.0 72.0 72.0 74.0 74.0 74.0 74.0 84.0 84.0 86.0 88.0 88.0 88.0 
4.0 30.0 30.0 52.0 52.0 52.0 52.0 52.0 52.0 56.0 56.0 56.0 56.0 56.0 56.0 56.0 56.0 56.0 56.0 58.0 64.0 72.0 72.0 72.0 72.0 72.0 72.0 72.0 72.0 72.0 72.0 74.0 74.0 74.0 74.0 84.0 84.0 86.0 88.0 88.0 88.0 
26.0 26.0 50.0 50.0 50.0 50.0 50.0 50.0 54.0 54.0 54.0 54.0 52.0 52.0 52.0 52.0 52.0 52.0 54.0 62.0 70.0 70.0 72.0 72.0 72.0 72.0 72.0 72.0 72.0 72.0 74.0 74.0 74.0 74.0 84.0 84.0 86.0 88.0 88.0 88.0 
6.0 40.0 40.0 44.0 44.0 44.0 44.0 46.0 46.0 46.0 46.0 44.0 44.0 44.0 46.0 46.0 46.0 50.0 58.0 68.0 68.0 70.0 70.0 70.0 70.0 70.0 70.0 70.0 70.0 72.0 72.0 72.0 72.0 82.0 82.0 84.0 88.0 88.0 88.0 
40.0 40.0 44.0 44.0 44.0 44.0 46.0 46.0 46.0 46.0 44.0 44.0 44.0 46.0 46.0 46.0 50.0 58.0 68.0 68.0 70.0 70.0 70.0 70.0 70.0 70.0 70.0 70.0 72.0 72.0 72.0 72.0 82.0 82.0 84.0 88.0 88.0 88.0 
0.0 12.0 12.0 16.0 16.0 32.0 32.0 32.0 32.0 34.0 34.0 34.0 36.0 38.0 38.0 42.0 50.0 62.0 62.0 62.0 62.0 62.0 62.0 62.0 64.0 64.0 64.0 66.0 66.0 66.0 66.0 76.0 76.0 78.0 82.0 82.0 82.0 
12.0 12.0 16.0 16.0 32.0 32.0 32.0 32.0 34.0 34.0 34.0 36.0 38.0 38.0 42.0 50.0 62.0 62.0 62.0 62.0 62.0 62.0 62.0 64.0 64.0 64.0 66.0 66.0 66.0 66.0 76.0 76.0 78.0 82.0 82.0 82.0 
0.0 6.0 6.0 32.0 32.0 32.0 32.0 34.0 34.0 34.0 36.0 38.0 38.0 40.0 48.0 62.0 62.0 62.0 62.0 62.0 62.0 62.0 64.0 64.0 64.0 66.0 66.0 66.0 66.0 76.0 76.0 78.0 82.0 82.0 82.0 
6.0 6.0 32.0 32.0 32.0 32.0 34.0 34.0 34.0 36.0 38.0 38.0 40.0 48.0 62.0 62.0 62.0 62.0 62.0 62.0 62.0 64.0 64.0 64.0 66.0 66.0 66.0 66.0 76.0 76.0 78.0 82.0 82.0 82.0 
0.0 32.0 32.0 32.0 32.0 34.0 34.0 34.0 36.0 38.0 38.0 40.0 48.0 62.0 62.0 62.0 62.0 62.0 62.0 62.0 64.0 64.0 64.0 66.0 66.0 66.0 66.0 76.0 76.0 78.0 82.0 82.0 82.0 
32.0 32.0 32.0 32.0 34.0 34.0 34.0 36.0 38.0 38.0 40.0 48.0 62.0 62.0 62.0 62.0 62.0 62.0 62.0 64.0 64.0 64.0 66.0 66.0 66.0 66.0 76.0 76.0 78.0 82.0 82.0 82.0 
0.0 2.0 4.0 6.0 6.0 8.0 10.0 16.0 16.0 30.0 44.0 56.0 56.0 56.0 56.0 56.0 56.0 56.0 58.0 60.0 60.0 62.0 62.0 62.0 62.0 72.0 72.0 74.0 78.0 78.0 78.0 
2.0 4.0 6.0 6.0 8.0 10.0 16.0 16.0 30.0 44.0 56.0 56.0 56.0 56.0 56.0 56.0 56.0 58.0 60.0 60.0 62.0 62.0 62.0 62.0 72.0 72.0 74.0 78.0 78.0 78.0 
4.0 6.0 6.0 8.0 10.0 16.0 16.0 30.0 44.0 56.0 56.0 56.0 56.0 56.0 56.0 56.0 58.0 60.0 60.0 62.0 62.0 62.0 62.0 72.0 72.0 74.0 78.0 78.0 78.0 
2.0 2.0 4.0 6.0 12.0 12.0 26.0 44.0 56.0 56.0 56.0 56.0 56.0 56.0 56.0 58.0 60.0 60.0 62.0 62.0 62.0 62.0 72.0 72.0 74.0 78.0 78.0 78.0 
0.0 2.0 4.0 10.0 10.0 24.0 42.0 54.0 54.0 56.0 56.0 56.0 56.0 56.0 58.0 60.0 60.0 62.0 62.0 62.0 62.0 72.0 72.0 74.0 78.0 78.0 78.0 
2.0 4.0 10.0 10.0 24.0 42.0 54.0 54.0 56.0 56.0 56.0 56.0 56.0 58.0 60.0 60.0 62.0 62.0 62.0 62.0 72.0 72.0 74.0 78.0 78.0 78.0 
2.0 8.0 8.0 22.0 40.0 52.0 52.0 54.0 54.0 54.0 54.0 56.0 58.0 60.0 60.0 62.0 62.0 62.0 62.0 72.0 72.0 74.0 78.0 78.0 78.0 
6.0 6.0 20.0 38.0 52.0 52.0 54.0 54.0 54.0 54.0 56.0 58.0 60.0 60.0 62.0 62.0 62.0 62.0 72.0 72.0 74.0 78.0 78.0 78.0 
0.0 14.0 38.0 52.0 52.0 54.0 54.0 54.0 54.0 56.0 58.0 60.0 60.0 62.0 62.0 62.0 62.0 72.0 72.0 74.0 78.0 78.0 78.0 
14.0 38.0 52.0 52.0 54.0 54.0 54.0 54.0 56.0 58.0 60.0 60.0 62.0 62.0 62.0 62.0 72.0 72.0 74.0 78.0 78.0 78.0 
34.0 50.0 50.0 52.0 52.0 52.0 52.0 54.0 56.0 58.0 58.0 60.0 60.0 60.0 60.0 70.0 70.0 72.0 76.0 78.0 78.0 
34.0 34.0 36.0 42.0 42.0 42.0 44.0 46.0 48.0 48.0 52.0 54.0 54.0 54.0 64.0 64.0 66.0 70.0 72.0 72.0 
8.0 12.0 32.0 34.0 34.0 40.0 42.0 44.0 44.0 48.0 50.0 50.0 50.0 62.0 62.0 66.0 70.0 72.0 72.0 
12.0 32.0 34.0 34.0 40.0 42.0 44.0 44.0 48.0 50.0 50.0 50.0 62.0 62.0 66.0 70.0 72.0 72.0 
30.0 32.0 34.0 40.0 42.0 44.0 44.0 48.0 50.0 48.0 48.0 62.0 62.0 66.0 70.0 72.0 72.0 
12.0 16.0 26.0 28.0 34.0 34.0 42.0 46.0 44.0 44.0 58.0 58.0 62.0 68.0 70.0 70.0 
8.0 22.0 26.0 36.0 34.0 42.0 42.0 40.0 40.0 58.0 58.0 62.0 68.0 70.0 70.0 
16.0 20.0 30.0 30.0 40.0 42.0 42.0 42.0 58.0 58.0 62.0 68.0 70.0 70.0 
4.0 16.0 18.0 28.0 34.0 36.0 38.0 52.0 52.0 60.0 66.0 68.0 68.0 
16.0 18.0 28.0 34.0 36.0 38.0 52.0 52.0 60.0 66.0 68.0 68.0 
12.0 26.0 34.0 36.0 38.0 50.0 50.0 58.0 64.0 66.0 66.0 
18.0 28.0 34.0 36.0 50.0 50.0 58.0 64.0 66.0 66.0 
12.0 22.0 24.0 44.0 44.0 54.0 60.0 62.0 62.0 
10.0 16.0 40.0 40.0 50.0 56.0 58.0 58.0 
10.0 38.0 38.0 48.0 54.0 56.0 56.0 
40.0 38.0 48.0 50.0 52.0 56.0 
4.0 20.0 42.0 46.0 46.0 
20.0 40.0 44.0 46.0 
34.0 38.0 42.0 
10.0 20.0 
16.0 
